TpTrace Verbose: 0 : 18716, 1, 2023/01/17, 21:18:50.427, 2435202886557, testhost.dll, Version: 17.1.0
TpTrace Information: 0 : 18716, 1, 2023/01/17, 21:18:50.433, 2435202927990, testhost.dll, DefaultEngineInvoker.Invoke: Testhost process started with args :[--port, 64349],[--endpoint, 127.0.0.1:064349],[--role, client],[--parentprocessid, 39744],[--diag, D:\HOKAIDO\KPI\5 SEM\.NET Web\ProductStorage\ProductsStorage.Tests\bin\Debug\net5.0\fine-code-coverage\coverage-tool-output\diagnostics.host.23-01-17_21-18-50_27392_7.log],[--tracelevel, 4],[--datacollectionport, 64348],[--telemetryoptedin, false]
TpTrace Information: 0 : 18716, 1, 2023/01/17, 21:18:50.435, 2435202942685, testhost.dll, Setting up debug trace listener.
TpTrace Verbose: 0 : 18716, 1, 2023/01/17, 21:18:50.435, 2435202946337, testhost.dll, TestPlatformTraceListener.Setup: Replacing listener 0 with TestHostTraceListener.
TpTrace Verbose: 0 : 18716, 1, 2023/01/17, 21:18:50.435, 2435202946726, testhost.dll, TestPlatformTraceListener.Setup: Added test platform trace listener.
TpTrace Information: 0 : 18716, 1, 2023/01/17, 21:18:50.436, 2435202950735, testhost.dll, DefaultEngineInvoker.SetParentProcessExitCallback: Monitoring parent process with id: '39744'
TpTrace Information: 0 : 18716, 1, 2023/01/17, 21:18:50.441, 2435203003779, testhost.dll, DefaultEngineInvoker.GetConnectionInfo: Initialize communication on endpoint address: '127.0.0.1:064349'
TpTrace Information: 0 : 18716, 1, 2023/01/17, 21:18:50.452, 2435203116830, testhost.dll, SocketClient.Start: connecting to server endpoint: 127.0.0.1:064349
TpTrace Information: 0 : 18716, 1, 2023/01/17, 21:18:50.459, 2435203186852, testhost.dll, DefaultEngineInvoker.ConnectToDatacollector: Connecting to datacollector, port: 64348
TpTrace Information: 0 : 18716, 6, 2023/01/17, 21:18:50.460, 2435203195338, testhost.dll, SocketClient.OnServerConnected: connected to server endpoint: 127.0.0.1:064349
TpTrace Verbose: 0 : 18716, 6, 2023/01/17, 21:18:50.461, 2435203208740, testhost.dll, Connected to server, and starting MessageLoopAsync
TpTrace Information: 0 : 18716, 1, 2023/01/17, 21:18:50.462, 2435203213083, testhost.dll, Trying to connect to server on socket : 127.0.0.1:64348 
TpTrace Verbose: 0 : 18716, 1, 2023/01/17, 21:18:50.462, 2435203215640, testhost.dll, SocketCommunicationManager : SetupClientAsync : Attempting to connect to the server.
TpTrace Information: 0 : 18716, 10, 2023/01/17, 21:18:50.463, 2435203227588, testhost.dll, Connected to the server successfully 
TpTrace Information: 0 : 18716, 10, 2023/01/17, 21:18:50.463, 2435203228301, testhost.dll, Using the buffer size of 16384 bytes
TpTrace Verbose: 0 : 18716, 6, 2023/01/17, 21:18:50.464, 2435203231186, testhost.dll, TcpClientExtensions.MessageLoopAsync: Polling on remoteEndPoint: [::ffff:127.0.0.1]:64349 localEndPoint: [::ffff:127.0.0.1]:64350
TpTrace Information: 0 : 18716, 1, 2023/01/17, 21:18:50.464, 2435203232332, testhost.dll, DefaultEngineInvoker.Invoke: Start Request Processing.
TpTrace Verbose: 0 : 18716, 6, 2023/01/17, 21:18:50.464, 2435203233713, testhost.dll, TcpClientExtensions.MessageLoopAsync: NotifyDataAvailable remoteEndPoint: [::ffff:127.0.0.1]:64349 localEndPoint: [::ffff:127.0.0.1]:64350
TpTrace Information: 0 : 18716, 11, 2023/01/17, 21:18:50.464, 2435203238677, testhost.dll, DefaultEngineInvoker.StartProcessingAsync: Connected to vstest.console, Starting process requests.
TpTrace Information: 0 : 18716, 6, 2023/01/17, 21:18:50.587, 2435204462457, testhost.dll, TestRequestHandler.OnMessageReceived: received message: (ProtocolVersion) -> 7
TpTrace Verbose: 0 : 18716, 6, 2023/01/17, 21:18:50.614, 2435204737415, testhost.dll, TestRequestHandler.SendData:  sending data from testhost: {"Version":5,"MessageType":"TestSession.Message","Payload":{"MessageLevel":0,"Message":"Logging TestHost Diagnostics in file: D:\\HOKAIDO\\KPI\\5 SEM\\.NET Web\\ProductStorage\\ProductsStorage.Tests\\bin\\Debug\\net5.0\\fine-code-coverage\\coverage-tool-output\\diagnostics.host.23-01-17_21-18-50_27392_7.log"}}
TpTrace Verbose: 0 : 18716, 6, 2023/01/17, 21:18:50.614, 2435204739347, testhost.dll, TcpClientExtensions.MessageLoopAsync: Polling on remoteEndPoint: [::ffff:127.0.0.1]:64349 localEndPoint: [::ffff:127.0.0.1]:64350
TpTrace Verbose: 0 : 18716, 6, 2023/01/17, 21:18:50.614, 2435204740236, testhost.dll, TcpClientExtensions.MessageLoopAsync: NotifyDataAvailable remoteEndPoint: [::ffff:127.0.0.1]:64349 localEndPoint: [::ffff:127.0.0.1]:64350
TpTrace Information: 0 : 18716, 6, 2023/01/17, 21:18:50.619, 2435204786295, testhost.dll, TestRequestHandler.OnMessageReceived: received message: (TestExecution.Initialize) -> [
  "D:\\HOKAIDO\\KPI\\5 SEM\\.NET Web\\ProductStorage\\ProductsStorage.Tests\\bin\\Debug\\net5.0\\fine-code-coverage\\build-output\\Microsoft.VisualStudio.TestPlatform.MSTest.TestAdapter.dll"
]
TpTrace Verbose: 0 : 18716, 6, 2023/01/17, 21:18:50.625, 2435204846184, testhost.dll, TcpClientExtensions.MessageLoopAsync: Polling on remoteEndPoint: [::ffff:127.0.0.1]:64349 localEndPoint: [::ffff:127.0.0.1]:64350
TpTrace Verbose: 0 : 18716, 6, 2023/01/17, 21:18:50.625, 2435204847041, testhost.dll, TcpClientExtensions.MessageLoopAsync: NotifyDataAvailable remoteEndPoint: [::ffff:127.0.0.1]:64349 localEndPoint: [::ffff:127.0.0.1]:64350
TpTrace Information: 0 : 18716, 4, 2023/01/17, 21:18:50.625, 2435204849856, testhost.dll, TestRequestHandler.OnMessageReceived: Running job 'TestExecution.Initialize'.
TpTrace Verbose: 0 : 18716, 4, 2023/01/17, 21:18:50.627, 2435204865958, testhost.dll, TestExecutorService: Loading the extensions
TpTrace Information: 0 : 18716, 6, 2023/01/17, 21:18:50.627, 2435204869838, testhost.dll, TestRequestHandler.OnMessageReceived: received message: (TestExecution.StartWithSources) -> {
  "AdapterSourceMap": {
    "_none_": [
      "D:\\HOKAIDO\\KPI\\5 SEM\\.NET Web\\ProductStorage\\ProductsStorage.Tests\\bin\\Debug\\net5.0\\fine-code-coverage\\build-output\\ProductsStorage.Tests.dll"
    ]
  },
  "RunSettings": "<RunSettings>\r\n  <RunConfiguration>\r\n    <ResultsDirectory>D:\\HOKAIDO\\KPI\\5 SEM\\.NET Web\\ProductStorage\\ProductsStorage.Tests\\bin\\Debug\\net5.0\\fine-code-coverage\\coverage-tool-output</ResultsDirectory>\r\n    <TargetFrameworkVersion>.NETCoreApp,Version=v5.0</TargetFrameworkVersion>\r\n    <DesignMode>False</DesignMode>\r\n    <CollectSourceInformation>False</CollectSourceInformation>\r\n  </RunConfiguration>\r\n  <LoggerRunSettings>\r\n    <Loggers>\r\n      <Logger friendlyName=\"blame\" enabled=\"True\" />\r\n      <Logger friendlyName=\"Console\" uri=\"logger://microsoft/TestPlatform/ConsoleLogger/v1\" assemblyQualifiedName=\"Microsoft.VisualStudio.TestPlatform.CommandLine.Internal.ConsoleLogger, vstest.console, Version=15.0.0.0, Culture=neutral, PublicKeyToken=b03f5f7f11d50a3a\" codeBase=\"C:\\Program Files\\dotnet\\sdk\\6.0.402\\vstest.console.dll\" enabled=\"True\" />\r\n    </Loggers>\r\n  </LoggerRunSettings>\r\n  <DataCollectionRunSettings>\r\n    <DataCollectors>\r\n      <DataCollector friendlyName=\"blame\" enabled=\"True\">\r\n        <Configuration>\r\n          <ResultsDirectory>D:\\HOKAIDO\\KPI\\5 SEM\\.NET Web\\ProductStorage\\ProductsStorage.Tests\\bin\\Debug\\net5.0\\fine-code-coverage\\coverage-tool-output</ResultsDirectory>\r\n        </Configuration>\r\n      </DataCollector>\r\n    </DataCollectors>\r\n  </DataCollectionRunSettings>\r\n</RunSettings>",
  "TestExecutionContext": {
    "FrequencyOfRunStatsChangeEvent": 10,
    "RunStatsChangeEventTimeout": "00:00:01.5000000",
    "InIsolation": false,
    "KeepAlive": false,
    "AreTestCaseLevelEventsRequired": false,
    "IsDebug": false,
    "TestCaseFilter": null,
    "FilterOptions": null
  },
  "Package": null
}
TpTrace Verbose: 0 : 18716, 4, 2023/01/17, 21:18:50.629, 2435204883737, testhost.dll, TestPluginCache.DiscoverTestExtensions: finding test extensions in assemblies ends with: TestAdapter.dll TPluginInfo: Microsoft.VisualStudio.TestPlatform.Common.ExtensionFramework.Utilities.TestExecutorPluginInformation TExtension: Microsoft.VisualStudio.TestPlatform.ObjectModel.Adapter.ITestExecutor
TpTrace Verbose: 0 : 18716, 4, 2023/01/17, 21:18:50.630, 2435204891729, testhost.dll, TestPluginCache.GetExtensionPaths: Filtered extension paths: 
TpTrace Verbose: 0 : 18716, 4, 2023/01/17, 21:18:50.630, 2435204895202, testhost.dll, TestPluginCache.GetExtensionPaths: Added default extension paths: D:\HOKAIDO\KPI\5 SEM\.NET Web\ProductStorage\ProductsStorage.Tests\bin\Debug\net5.0\fine-code-coverage\build-output\Microsoft.VisualStudio.TestPlatform.MSTest.TestAdapter.dll
TpTrace Verbose: 0 : 18716, 4, 2023/01/17, 21:18:50.630, 2435204895656, testhost.dll, TestPluginCache.GetExtensionPaths: Added unfilterableExtensionPaths: 
TpTrace Information: 0 : 18716, 4, 2023/01/17, 21:18:50.632, 2435204917246, testhost.dll, AssemblyResolver.ctor: Creating AssemblyResolver with searchDirectories D:\HOKAIDO\KPI\5 SEM\.NET Web\ProductStorage\ProductsStorage.Tests\bin\Debug\net5.0\fine-code-coverage\build-output
TpTrace Verbose: 0 : 18716, 4, 2023/01/17, 21:18:50.634, 2435204934388, testhost.dll, TestPluginCache.DiscoverTestExtensions: Discovering the extensions using extension path.
TpTrace Verbose: 0 : 18716, 4, 2023/01/17, 21:18:50.634, 2435204935351, testhost.dll, TestPluginCache.GetExtensionPaths: Filtered extension paths: 
TpTrace Verbose: 0 : 18716, 4, 2023/01/17, 21:18:50.634, 2435204935628, testhost.dll, TestPluginCache.GetExtensionPaths: Added default extension paths: D:\HOKAIDO\KPI\5 SEM\.NET Web\ProductStorage\ProductsStorage.Tests\bin\Debug\net5.0\fine-code-coverage\build-output\Microsoft.VisualStudio.TestPlatform.MSTest.TestAdapter.dll
TpTrace Verbose: 0 : 18716, 4, 2023/01/17, 21:18:50.634, 2435204935841, testhost.dll, TestPluginCache.GetExtensionPaths: Added unfilterableExtensionPaths: 
TpTrace Verbose: 0 : 18716, 4, 2023/01/17, 21:18:50.634, 2435204936283, testhost.dll, TestPluginCache.DiscoverTestExtensions: Discovering the extensions using allExtensionPaths: D:\HOKAIDO\KPI\5 SEM\.NET Web\ProductStorage\ProductsStorage.Tests\bin\Debug\net5.0\fine-code-coverage\build-output\Microsoft.VisualStudio.TestPlatform.MSTest.TestAdapter.dll
TpTrace Information: 0 : 18716, 4, 2023/01/17, 21:18:50.635, 2435204948483, testhost.dll, AssemblyResolver.AddSearchDirectories: Adding more searchDirectories D:\HOKAIDO\KPI\5 SEM\.NET Web\ProductStorage\ProductsStorage.Tests\bin\Debug\net5.0\fine-code-coverage\build-output
TpTrace Information: 0 : 18716, 4, 2023/01/17, 21:18:50.639, 2435204987607, testhost.dll, AssemblyResolver.OnResolve: Microsoft.VisualStudio.TestPlatform.MSTest.TestAdapter: Resolving assembly.
TpTrace Information: 0 : 18716, 4, 2023/01/17, 21:18:50.639, 2435204988551, testhost.dll, AssemblyResolver.OnResolve: Microsoft.VisualStudio.TestPlatform.MSTest.TestAdapter: Searching in: 'D:\HOKAIDO\KPI\5 SEM\.NET Web\ProductStorage\ProductsStorage.Tests\bin\Debug\net5.0\fine-code-coverage\build-output'.
TpTrace Information: 0 : 18716, 4, 2023/01/17, 21:18:50.640, 2435204996000, testhost.dll, AssemblyResolver.OnResolve: Microsoft.VisualStudio.TestPlatform.MSTest.TestAdapter: Loading assembly 'D:\HOKAIDO\KPI\5 SEM\.NET Web\ProductStorage\ProductsStorage.Tests\bin\Debug\net5.0\fine-code-coverage\build-output\Microsoft.VisualStudio.TestPlatform.MSTest.TestAdapter.dll'.
TpTrace Information: 0 : 18716, 4, 2023/01/17, 21:18:50.641, 2435205004661, testhost.dll, AssemblyResolver.OnResolve: Resolved assembly: Microsoft.VisualStudio.TestPlatform.MSTest.TestAdapter, from path: D:\HOKAIDO\KPI\5 SEM\.NET Web\ProductStorage\ProductsStorage.Tests\bin\Debug\net5.0\fine-code-coverage\build-output\Microsoft.VisualStudio.TestPlatform.MSTest.TestAdapter.dll
TpTrace Verbose: 0 : 18716, 4, 2023/01/17, 21:18:50.646, 2435205055065, testhost.dll, TestPluginCache: Discovered the extensions using extension path ''.
TpTrace Verbose: 0 : 18716, 4, 2023/01/17, 21:18:50.646, 2435205058839, testhost.dll, TestPluginCache: Discoverers are ''.
TpTrace Verbose: 0 : 18716, 4, 2023/01/17, 21:18:50.646, 2435205059500, testhost.dll, TestPluginCache: Executors are 'executor://MSTestAdapter/v2'.
TpTrace Verbose: 0 : 18716, 4, 2023/01/17, 21:18:50.646, 2435205059983, testhost.dll, TestPluginCache: Executors2 are ''.
TpTrace Verbose: 0 : 18716, 4, 2023/01/17, 21:18:50.646, 2435205060503, testhost.dll, TestPluginCache: Setting providers are ''.
TpTrace Verbose: 0 : 18716, 4, 2023/01/17, 21:18:50.647, 2435205061906, testhost.dll, TestPluginCache: Loggers are ''.
TpTrace Verbose: 0 : 18716, 6, 2023/01/17, 21:18:50.649, 2435205084481, testhost.dll, TcpClientExtensions.MessageLoopAsync: Polling on remoteEndPoint: [::ffff:127.0.0.1]:64349 localEndPoint: [::ffff:127.0.0.1]:64350
TpTrace Verbose: 0 : 18716, 4, 2023/01/17, 21:18:50.649, 2435205085008, testhost.dll, TestPluginCache.DiscoverTestExtensions: finding test extensions in assemblies ends with: TestAdapter.dll TPluginInfo: Microsoft.VisualStudio.TestPlatform.Common.ExtensionFramework.Utilities.TestExecutorPluginInformation2 TExtension: Microsoft.VisualStudio.TestPlatform.ObjectModel.Adapter.ITestExecutor2
TpTrace Verbose: 0 : 18716, 4, 2023/01/17, 21:18:50.649, 2435205087122, testhost.dll, TestPluginCache.GetExtensionPaths: Filtered extension paths: 
TpTrace Verbose: 0 : 18716, 4, 2023/01/17, 21:18:50.649, 2435205087451, testhost.dll, TestPluginCache.GetExtensionPaths: Added default extension paths: D:\HOKAIDO\KPI\5 SEM\.NET Web\ProductStorage\ProductsStorage.Tests\bin\Debug\net5.0\fine-code-coverage\build-output\Microsoft.VisualStudio.TestPlatform.MSTest.TestAdapter.dll
TpTrace Verbose: 0 : 18716, 4, 2023/01/17, 21:18:50.649, 2435205087755, testhost.dll, TestPluginCache.GetExtensionPaths: Added unfilterableExtensionPaths: 
TpTrace Information: 0 : 18716, 4, 2023/01/17, 21:18:50.649, 2435205089993, testhost.dll, AssemblyResolver.AddSearchDirectories: Adding more searchDirectories D:\HOKAIDO\KPI\5 SEM\.NET Web\ProductStorage\ProductsStorage.Tests\bin\Debug\net5.0\fine-code-coverage\build-output
TpTrace Verbose: 0 : 18716, 4, 2023/01/17, 21:18:50.650, 2435205090927, testhost.dll, TestPluginCache.DiscoverTestExtensions: Discovering the extensions using extension path.
TpTrace Verbose: 0 : 18716, 4, 2023/01/17, 21:18:50.650, 2435205091285, testhost.dll, TestPluginCache.GetExtensionPaths: Filtered extension paths: 
TpTrace Verbose: 0 : 18716, 4, 2023/01/17, 21:18:50.650, 2435205091475, testhost.dll, TestPluginCache.GetExtensionPaths: Added default extension paths: D:\HOKAIDO\KPI\5 SEM\.NET Web\ProductStorage\ProductsStorage.Tests\bin\Debug\net5.0\fine-code-coverage\build-output\Microsoft.VisualStudio.TestPlatform.MSTest.TestAdapter.dll
TpTrace Verbose: 0 : 18716, 4, 2023/01/17, 21:18:50.650, 2435205091665, testhost.dll, TestPluginCache.GetExtensionPaths: Added unfilterableExtensionPaths: 
TpTrace Verbose: 0 : 18716, 4, 2023/01/17, 21:18:50.650, 2435205091870, testhost.dll, TestPluginCache.DiscoverTestExtensions: Discovering the extensions using allExtensionPaths: D:\HOKAIDO\KPI\5 SEM\.NET Web\ProductStorage\ProductsStorage.Tests\bin\Debug\net5.0\fine-code-coverage\build-output\Microsoft.VisualStudio.TestPlatform.MSTest.TestAdapter.dll
TpTrace Information: 0 : 18716, 4, 2023/01/17, 21:18:50.650, 2435205092269, testhost.dll, AssemblyResolver.AddSearchDirectories: Adding more searchDirectories D:\HOKAIDO\KPI\5 SEM\.NET Web\ProductStorage\ProductsStorage.Tests\bin\Debug\net5.0\fine-code-coverage\build-output
TpTrace Verbose: 0 : 18716, 4, 2023/01/17, 21:18:50.650, 2435205093819, testhost.dll, TestPluginCache: Discovered the extensions using extension path ''.
TpTrace Verbose: 0 : 18716, 4, 2023/01/17, 21:18:50.650, 2435205094100, testhost.dll, TestPluginCache: Discoverers are ''.
TpTrace Verbose: 0 : 18716, 4, 2023/01/17, 21:18:50.650, 2435205094360, testhost.dll, TestPluginCache: Executors are 'executor://MSTestAdapter/v2'.
TpTrace Verbose: 0 : 18716, 4, 2023/01/17, 21:18:50.650, 2435205094966, testhost.dll, TestPluginCache: Executors2 are ''.
TpTrace Verbose: 0 : 18716, 4, 2023/01/17, 21:18:50.650, 2435205095215, testhost.dll, TestPluginCache: Setting providers are ''.
TpTrace Verbose: 0 : 18716, 4, 2023/01/17, 21:18:50.650, 2435205095391, testhost.dll, TestPluginCache: Loggers are ''.
TpTrace Information: 0 : 18716, 4, 2023/01/17, 21:18:50.654, 2435205138126, testhost.dll, TestPluginManager.CreateTestExtension: Attempting to load test extension: Microsoft.VisualStudio.TestPlatform.MSTest.TestAdapter.MSTestExecutor
TpTrace Verbose: 0 : 18716, 4, 2023/01/17, 21:18:50.661, 2435205201638, testhost.dll, TestExecutorExtensionManager: Loading executor Microsoft.VisualStudio.TestPlatform.MSTest.TestAdapter.MSTestExecutor
TpTrace Verbose: 0 : 18716, 4, 2023/01/17, 21:18:50.661, 2435205202454, testhost.dll, TestExecutorService: Loaded the executors
TpTrace Verbose: 0 : 18716, 4, 2023/01/17, 21:18:50.661, 2435205210614, testhost.dll, TestPluginCache.DiscoverTestExtensions: finding test extensions in assemblies ends with: TestAdapter.dll TPluginInfo: Microsoft.VisualStudio.TestPlatform.Common.ExtensionFramework.Utilities.TestSettingsProviderPluginInformation TExtension: Microsoft.VisualStudio.TestPlatform.ObjectModel.Adapter.ISettingsProvider
TpTrace Verbose: 0 : 18716, 4, 2023/01/17, 21:18:50.662, 2435205211512, testhost.dll, TestPluginCache.GetExtensionPaths: Filtered extension paths: 
TpTrace Verbose: 0 : 18716, 4, 2023/01/17, 21:18:50.662, 2435205211808, testhost.dll, TestPluginCache.GetExtensionPaths: Added default extension paths: D:\HOKAIDO\KPI\5 SEM\.NET Web\ProductStorage\ProductsStorage.Tests\bin\Debug\net5.0\fine-code-coverage\build-output\Microsoft.VisualStudio.TestPlatform.MSTest.TestAdapter.dll
TpTrace Verbose: 0 : 18716, 4, 2023/01/17, 21:18:50.662, 2435205212012, testhost.dll, TestPluginCache.GetExtensionPaths: Added unfilterableExtensionPaths: 
TpTrace Information: 0 : 18716, 4, 2023/01/17, 21:18:50.662, 2435205212905, testhost.dll, AssemblyResolver.AddSearchDirectories: Adding more searchDirectories D:\HOKAIDO\KPI\5 SEM\.NET Web\ProductStorage\ProductsStorage.Tests\bin\Debug\net5.0\fine-code-coverage\build-output
TpTrace Verbose: 0 : 18716, 4, 2023/01/17, 21:18:50.662, 2435205213198, testhost.dll, TestPluginCache.DiscoverTestExtensions: Discovering the extensions using extension path.
TpTrace Verbose: 0 : 18716, 4, 2023/01/17, 21:18:50.662, 2435205213410, testhost.dll, TestPluginCache.GetExtensionPaths: Filtered extension paths: 
TpTrace Verbose: 0 : 18716, 4, 2023/01/17, 21:18:50.662, 2435205213589, testhost.dll, TestPluginCache.GetExtensionPaths: Added default extension paths: D:\HOKAIDO\KPI\5 SEM\.NET Web\ProductStorage\ProductsStorage.Tests\bin\Debug\net5.0\fine-code-coverage\build-output\Microsoft.VisualStudio.TestPlatform.MSTest.TestAdapter.dll
TpTrace Verbose: 0 : 18716, 4, 2023/01/17, 21:18:50.662, 2435205213867, testhost.dll, TestPluginCache.GetExtensionPaths: Added unfilterableExtensionPaths: 
TpTrace Verbose: 0 : 18716, 4, 2023/01/17, 21:18:50.662, 2435205214074, testhost.dll, TestPluginCache.DiscoverTestExtensions: Discovering the extensions using allExtensionPaths: D:\HOKAIDO\KPI\5 SEM\.NET Web\ProductStorage\ProductsStorage.Tests\bin\Debug\net5.0\fine-code-coverage\build-output\Microsoft.VisualStudio.TestPlatform.MSTest.TestAdapter.dll
TpTrace Information: 0 : 18716, 4, 2023/01/17, 21:18:50.662, 2435205214348, testhost.dll, AssemblyResolver.AddSearchDirectories: Adding more searchDirectories D:\HOKAIDO\KPI\5 SEM\.NET Web\ProductStorage\ProductsStorage.Tests\bin\Debug\net5.0\fine-code-coverage\build-output
TpTrace Verbose: 0 : 18716, 4, 2023/01/17, 21:18:50.662, 2435205215933, testhost.dll, TestPluginCache: Discovered the extensions using extension path ''.
TpTrace Verbose: 0 : 18716, 4, 2023/01/17, 21:18:50.662, 2435205216301, testhost.dll, TestPluginCache: Discoverers are ''.
TpTrace Verbose: 0 : 18716, 4, 2023/01/17, 21:18:50.662, 2435205216503, testhost.dll, TestPluginCache: Executors are 'executor://MSTestAdapter/v2'.
TpTrace Verbose: 0 : 18716, 4, 2023/01/17, 21:18:50.662, 2435205216692, testhost.dll, TestPluginCache: Executors2 are ''.
TpTrace Verbose: 0 : 18716, 4, 2023/01/17, 21:18:50.662, 2435205216958, testhost.dll, TestPluginCache: Setting providers are ''.
TpTrace Verbose: 0 : 18716, 4, 2023/01/17, 21:18:50.662, 2435205217149, testhost.dll, TestPluginCache: Loggers are ''.
TpTrace Verbose: 0 : 18716, 4, 2023/01/17, 21:18:50.663, 2435205224279, testhost.dll, TestExecutorService: Loaded the settings providers
TpTrace Information: 0 : 18716, 4, 2023/01/17, 21:18:50.663, 2435205224733, testhost.dll, TestExecutorService: Loaded the extensions
TpTrace Information: 0 : 18716, 4, 2023/01/17, 21:18:50.663, 2435205228784, testhost.dll, TestRequestHandler.OnMessageReceived: Running job 'TestExecution.StartWithSources'.
TpTrace Information: 0 : 18716, 4, 2023/01/17, 21:18:50.745, 2435206044179, testhost.dll, TestDiscoveryManager: Discovering tests from sources D:\HOKAIDO\KPI\5 SEM\.NET Web\ProductStorage\ProductsStorage.Tests\bin\Debug\net5.0\fine-code-coverage\build-output\ProductsStorage.Tests.dll
TpTrace Verbose: 0 : 18716, 4, 2023/01/17, 21:18:50.747, 2435206067552, testhost.dll, TestPluginCache.DiscoverTestExtensions: finding test extensions in assemblies ends with: TestAdapter.dll TPluginInfo: Microsoft.VisualStudio.TestPlatform.Common.ExtensionFramework.Utilities.TestDiscovererPluginInformation TExtension: Microsoft.VisualStudio.TestPlatform.ObjectModel.Adapter.ITestDiscoverer
TpTrace Verbose: 0 : 18716, 4, 2023/01/17, 21:18:50.747, 2435206068757, testhost.dll, TestPluginCache.GetExtensionPaths: Filtered extension paths: 
TpTrace Verbose: 0 : 18716, 4, 2023/01/17, 21:18:50.747, 2435206069115, testhost.dll, TestPluginCache.GetExtensionPaths: Added default extension paths: D:\HOKAIDO\KPI\5 SEM\.NET Web\ProductStorage\ProductsStorage.Tests\bin\Debug\net5.0\fine-code-coverage\build-output\Microsoft.VisualStudio.TestPlatform.MSTest.TestAdapter.dll
TpTrace Verbose: 0 : 18716, 4, 2023/01/17, 21:18:50.747, 2435206069332, testhost.dll, TestPluginCache.GetExtensionPaths: Added unfilterableExtensionPaths: 
TpTrace Information: 0 : 18716, 4, 2023/01/17, 21:18:50.748, 2435206070780, testhost.dll, AssemblyResolver.AddSearchDirectories: Adding more searchDirectories D:\HOKAIDO\KPI\5 SEM\.NET Web\ProductStorage\ProductsStorage.Tests\bin\Debug\net5.0\fine-code-coverage\build-output
TpTrace Verbose: 0 : 18716, 4, 2023/01/17, 21:18:50.748, 2435206071123, testhost.dll, TestPluginCache.DiscoverTestExtensions: Discovering the extensions using extension path.
TpTrace Verbose: 0 : 18716, 4, 2023/01/17, 21:18:50.748, 2435206071518, testhost.dll, TestPluginCache.GetExtensionPaths: Filtered extension paths: 
TpTrace Verbose: 0 : 18716, 4, 2023/01/17, 21:18:50.748, 2435206072158, testhost.dll, TestPluginCache.GetExtensionPaths: Added default extension paths: D:\HOKAIDO\KPI\5 SEM\.NET Web\ProductStorage\ProductsStorage.Tests\bin\Debug\net5.0\fine-code-coverage\build-output\Microsoft.VisualStudio.TestPlatform.MSTest.TestAdapter.dll
TpTrace Verbose: 0 : 18716, 4, 2023/01/17, 21:18:50.748, 2435206072416, testhost.dll, TestPluginCache.GetExtensionPaths: Added unfilterableExtensionPaths: 
TpTrace Verbose: 0 : 18716, 4, 2023/01/17, 21:18:50.748, 2435206072811, testhost.dll, TestPluginCache.DiscoverTestExtensions: Discovering the extensions using allExtensionPaths: D:\HOKAIDO\KPI\5 SEM\.NET Web\ProductStorage\ProductsStorage.Tests\bin\Debug\net5.0\fine-code-coverage\build-output\Microsoft.VisualStudio.TestPlatform.MSTest.TestAdapter.dll
TpTrace Information: 0 : 18716, 4, 2023/01/17, 21:18:50.748, 2435206073332, testhost.dll, AssemblyResolver.AddSearchDirectories: Adding more searchDirectories D:\HOKAIDO\KPI\5 SEM\.NET Web\ProductStorage\ProductsStorage.Tests\bin\Debug\net5.0\fine-code-coverage\build-output
TpTrace Verbose: 0 : 18716, 4, 2023/01/17, 21:18:50.751, 2435206101174, testhost.dll, TestPluginCache: Discovered the extensions using extension path ''.
TpTrace Verbose: 0 : 18716, 4, 2023/01/17, 21:18:50.751, 2435206102458, testhost.dll, TestPluginCache: Discoverers are 'Microsoft.VisualStudio.TestPlatform.MSTest.TestAdapter.MSTestDiscoverer, Microsoft.VisualStudio.TestPlatform.MSTest.TestAdapter, Version=14.0.0.0, Culture=neutral, PublicKeyToken=b03f5f7f11d50a3a'.
TpTrace Verbose: 0 : 18716, 4, 2023/01/17, 21:18:50.751, 2435206102920, testhost.dll, TestPluginCache: Executors are 'executor://MSTestAdapter/v2'.
TpTrace Verbose: 0 : 18716, 4, 2023/01/17, 21:18:50.751, 2435206103247, testhost.dll, TestPluginCache: Executors2 are ''.
TpTrace Verbose: 0 : 18716, 4, 2023/01/17, 21:18:50.751, 2435206104323, testhost.dll, TestPluginCache: Setting providers are ''.
TpTrace Verbose: 0 : 18716, 4, 2023/01/17, 21:18:50.751, 2435206104702, testhost.dll, TestPluginCache: Loggers are ''.
TpTrace Verbose: 0 : 18716, 4, 2023/01/17, 21:18:50.758, 2435206172616, testhost.dll, BaseRunTests.RunTestInternalWithExecutors: Running tests for executor://MSTestAdapter/v2
TpTrace Information: 0 : 18716, 4, 2023/01/17, 21:18:50.758, 2435206177834, testhost.dll, AssemblyResolver.OnResolve: Microsoft.VisualStudio.TestPlatform.MSTestAdapter.PlatformServices.Interface: Resolving assembly.
TpTrace Information: 0 : 18716, 4, 2023/01/17, 21:18:50.758, 2435206178811, testhost.dll, AssemblyResolver.OnResolve: Microsoft.VisualStudio.TestPlatform.MSTestAdapter.PlatformServices.Interface: Searching in: 'D:\HOKAIDO\KPI\5 SEM\.NET Web\ProductStorage\ProductsStorage.Tests\bin\Debug\net5.0\fine-code-coverage\build-output'.
TpTrace Information: 0 : 18716, 4, 2023/01/17, 21:18:50.759, 2435206181380, testhost.dll, AssemblyResolver.OnResolve: Microsoft.VisualStudio.TestPlatform.MSTestAdapter.PlatformServices.Interface: Loading assembly 'D:\HOKAIDO\KPI\5 SEM\.NET Web\ProductStorage\ProductsStorage.Tests\bin\Debug\net5.0\fine-code-coverage\build-output\Microsoft.VisualStudio.TestPlatform.MSTestAdapter.PlatformServices.Interface.dll'.
TpTrace Information: 0 : 18716, 4, 2023/01/17, 21:18:50.759, 2435206184370, testhost.dll, AssemblyResolver.OnResolve: Resolved assembly: Microsoft.VisualStudio.TestPlatform.MSTestAdapter.PlatformServices.Interface, from path: D:\HOKAIDO\KPI\5 SEM\.NET Web\ProductStorage\ProductsStorage.Tests\bin\Debug\net5.0\fine-code-coverage\build-output\Microsoft.VisualStudio.TestPlatform.MSTestAdapter.PlatformServices.Interface.dll
TpTrace Information: 0 : 18716, 4, 2023/01/17, 21:18:50.760, 2435206196065, testhost.dll, AssemblyResolver.OnResolve: Microsoft.VisualStudio.TestPlatform.MSTestAdapter.PlatformServices: Resolving assembly.
TpTrace Information: 0 : 18716, 4, 2023/01/17, 21:18:50.760, 2435206197061, testhost.dll, AssemblyResolver.OnResolve: Microsoft.VisualStudio.TestPlatform.MSTestAdapter.PlatformServices: Searching in: 'D:\HOKAIDO\KPI\5 SEM\.NET Web\ProductStorage\ProductsStorage.Tests\bin\Debug\net5.0\fine-code-coverage\build-output'.
TpTrace Information: 0 : 18716, 4, 2023/01/17, 21:18:50.760, 2435206198950, testhost.dll, AssemblyResolver.OnResolve: Microsoft.VisualStudio.TestPlatform.MSTestAdapter.PlatformServices: Loading assembly 'D:\HOKAIDO\KPI\5 SEM\.NET Web\ProductStorage\ProductsStorage.Tests\bin\Debug\net5.0\fine-code-coverage\build-output\Microsoft.VisualStudio.TestPlatform.MSTestAdapter.PlatformServices.dll'.
TpTrace Information: 0 : 18716, 4, 2023/01/17, 21:18:50.761, 2435206201133, testhost.dll, AssemblyResolver.OnResolve: Resolved assembly: Microsoft.VisualStudio.TestPlatform.MSTestAdapter.PlatformServices, from path: D:\HOKAIDO\KPI\5 SEM\.NET Web\ProductStorage\ProductsStorage.Tests\bin\Debug\net5.0\fine-code-coverage\build-output\Microsoft.VisualStudio.TestPlatform.MSTestAdapter.PlatformServices.dll
TpTrace Information: 0 : 18716, 4, 2023/01/17, 21:18:50.761, 2435206204560, testhost.dll, MSTest - MSTestExecutor.RunTests: Running tests from sources.
TpTrace Information: 0 : 18716, 4, 2023/01/17, 21:18:50.764, 2435206232802, testhost.dll, MSTest - CollectSourceInformation value Found : False 
TpTrace Information: 0 : 18716, 4, 2023/01/17, 21:18:50.784, 2435206440177, testhost.dll, MSTest - DictionaryHelper.ConcatWithOverwrites: The source is null or empty, returning the overwrite dictionary.
TpTrace Information: 0 : 18716, 4, 2023/01/17, 21:18:50.790, 2435206493369, testhost.dll, MSTest - DictionaryHelper.ConcatWithOverwrites: The source is null or empty, returning the overwrite dictionary.
TpTrace Information: 0 : 18716, 4, 2023/01/17, 21:18:50.795, 2435206543997, testhost.dll, AssemblyResolver.OnResolve: Microsoft.TestPlatform.AdapterUtilities: Resolving assembly.
TpTrace Information: 0 : 18716, 4, 2023/01/17, 21:18:50.795, 2435206545576, testhost.dll, AssemblyResolver.OnResolve: Microsoft.TestPlatform.AdapterUtilities: Searching in: 'D:\HOKAIDO\KPI\5 SEM\.NET Web\ProductStorage\ProductsStorage.Tests\bin\Debug\net5.0\fine-code-coverage\build-output'.
TpTrace Information: 0 : 18716, 4, 2023/01/17, 21:18:50.795, 2435206547833, testhost.dll, AssemblyResolver.OnResolve: Microsoft.TestPlatform.AdapterUtilities: Loading assembly 'D:\HOKAIDO\KPI\5 SEM\.NET Web\ProductStorage\ProductsStorage.Tests\bin\Debug\net5.0\fine-code-coverage\build-output\Microsoft.TestPlatform.AdapterUtilities.dll'.
TpTrace Information: 0 : 18716, 4, 2023/01/17, 21:18:50.795, 2435206550282, testhost.dll, AssemblyResolver.OnResolve: Resolved assembly: Microsoft.TestPlatform.AdapterUtilities, from path: D:\HOKAIDO\KPI\5 SEM\.NET Web\ProductStorage\ProductsStorage.Tests\bin\Debug\net5.0\fine-code-coverage\build-output\Microsoft.TestPlatform.AdapterUtilities.dll
TpTrace Information: 0 : 18716, 4, 2023/01/17, 21:18:50.819, 2435206788441, testhost.dll, MSTest - DictionaryHelper.ConcatWithOverwrites: The source is null or empty, returning the overwrite dictionary.
TpTrace Information: 0 : 18716, 4, 2023/01/17, 21:18:50.819, 2435206790187, testhost.dll, MSTest - DictionaryHelper.ConcatWithOverwrites: The source is null or empty, returning the overwrite dictionary.
TpTrace Information: 0 : 18716, 4, 2023/01/17, 21:18:50.820, 2435206790795, testhost.dll, MSTest - DictionaryHelper.ConcatWithOverwrites: The source is null or empty, returning the overwrite dictionary.
TpTrace Information: 0 : 18716, 4, 2023/01/17, 21:18:50.820, 2435206792086, testhost.dll, MSTest - MSTestDiscoverer: Found 1 tests from source D:\HOKAIDO\KPI\5 SEM\.NET Web\ProductStorage\ProductsStorage.Tests\bin\Debug\net5.0\fine-code-coverage\build-output\ProductsStorage.Tests.dll
TpTrace Information: 0 : 18716, 4, 2023/01/17, 21:18:50.835, 2435206947398, testhost.dll, AssemblyResolver.OnResolve: Microsoft.VisualStudio.TestPlatform.MSTestAdapter.PlatformServices.resources: Resolving assembly.
TpTrace Information: 0 : 18716, 4, 2023/01/17, 21:18:50.835, 2435206948159, testhost.dll, AssemblyResolver.OnResolve: Microsoft.VisualStudio.TestPlatform.MSTestAdapter.PlatformServices.resources: Searching in: 'D:\HOKAIDO\KPI\5 SEM\.NET Web\ProductStorage\ProductsStorage.Tests\bin\Debug\net5.0\fine-code-coverage\build-output'.
TpTrace Information: 0 : 18716, 4, 2023/01/17, 21:18:50.835, 2435206949069, testhost.dll, AssemblyResolver.OnResolve: Microsoft.VisualStudio.TestPlatform.MSTestAdapter.PlatformServices.resources: Assembly path does not exist: 'D:\HOKAIDO\KPI\5 SEM\.NET Web\ProductStorage\ProductsStorage.Tests\bin\Debug\net5.0\fine-code-coverage\build-output\Microsoft.VisualStudio.TestPlatform.MSTestAdapter.PlatformServices.resources.dll', returning.
TpTrace Information: 0 : 18716, 4, 2023/01/17, 21:18:50.835, 2435206949591, testhost.dll, AssemblyResolver.OnResolve: Microsoft.VisualStudio.TestPlatform.MSTestAdapter.PlatformServices.resources: Assembly path does not exist: 'D:\HOKAIDO\KPI\5 SEM\.NET Web\ProductStorage\ProductsStorage.Tests\bin\Debug\net5.0\fine-code-coverage\build-output\Microsoft.VisualStudio.TestPlatform.MSTestAdapter.PlatformServices.resources.exe', returning.
TpTrace Information: 0 : 18716, 4, 2023/01/17, 21:18:50.835, 2435206949868, testhost.dll, AssemblyResolver.OnResolve: Microsoft.VisualStudio.TestPlatform.MSTestAdapter.PlatformServices.resources: Failed to load assembly.
TpTrace Information: 0 : 18716, 4, 2023/01/17, 21:18:50.836, 2435206953588, testhost.dll, AssemblyResolver.OnResolve: Microsoft.VisualStudio.TestPlatform.MSTestAdapter.PlatformServices.resources: Resolving assembly.
TpTrace Information: 0 : 18716, 4, 2023/01/17, 21:18:50.836, 2435206953991, testhost.dll, AssemblyResolver.OnResolve: Microsoft.VisualStudio.TestPlatform.MSTestAdapter.PlatformServices.resources: Resolved from cache.
TpTrace Information: 0 : 18716, 4, 2023/01/17, 21:18:50.843, 2435207028462, testhost.dll, MSTest - Created unit-test runner D:\HOKAIDO\KPI\5 SEM\.NET Web\ProductStorage\ProductsStorage.Tests\bin\Debug\net5.0\fine-code-coverage\build-output\ProductsStorage.Tests.dll
TpTrace Verbose: 0 : 18716, 4, 2023/01/17, 21:18:50.851, 2435207104989, testhost.dll, TestExecutionRecorder.RecordStart: Starting test: ProductsStorage.Tests.ProductStorageTests.GetById_Returns_One_Customer.
TpTrace Information: 0 : 18716, 4, 2023/01/17, 21:18:50.923, 2435207829728, testhost.dll, MSTest - Executing test GetById_Returns_One_Customer
TpTrace Information: 0 : 18716, 4, 2023/01/17, 21:18:51.082, 2435209411138, testhost.dll, AssemblyResolver.OnResolve: Microsoft.VisualStudio.TestPlatform.MSTest.TestAdapter.resources: Resolving assembly.
TpTrace Information: 0 : 18716, 4, 2023/01/17, 21:18:51.082, 2435209411893, testhost.dll, AssemblyResolver.OnResolve: Microsoft.VisualStudio.TestPlatform.MSTest.TestAdapter.resources: Searching in: 'D:\HOKAIDO\KPI\5 SEM\.NET Web\ProductStorage\ProductsStorage.Tests\bin\Debug\net5.0\fine-code-coverage\build-output'.
TpTrace Information: 0 : 18716, 4, 2023/01/17, 21:18:51.082, 2435209412346, testhost.dll, AssemblyResolver.OnResolve: Microsoft.VisualStudio.TestPlatform.MSTest.TestAdapter.resources: Assembly path does not exist: 'D:\HOKAIDO\KPI\5 SEM\.NET Web\ProductStorage\ProductsStorage.Tests\bin\Debug\net5.0\fine-code-coverage\build-output\Microsoft.VisualStudio.TestPlatform.MSTest.TestAdapter.resources.dll', returning.
TpTrace Information: 0 : 18716, 4, 2023/01/17, 21:18:51.082, 2435209412686, testhost.dll, AssemblyResolver.OnResolve: Microsoft.VisualStudio.TestPlatform.MSTest.TestAdapter.resources: Assembly path does not exist: 'D:\HOKAIDO\KPI\5 SEM\.NET Web\ProductStorage\ProductsStorage.Tests\bin\Debug\net5.0\fine-code-coverage\build-output\Microsoft.VisualStudio.TestPlatform.MSTest.TestAdapter.resources.exe', returning.
TpTrace Information: 0 : 18716, 4, 2023/01/17, 21:18:51.082, 2435209412889, testhost.dll, AssemblyResolver.OnResolve: Microsoft.VisualStudio.TestPlatform.MSTest.TestAdapter.resources: Failed to load assembly.
TpTrace Information: 0 : 18716, 4, 2023/01/17, 21:18:51.107, 2435209665256, testhost.dll, MSTest - Executed test GetById_Returns_One_Customer
TpTrace Verbose: 0 : 18716, 4, 2023/01/17, 21:18:51.110, 2435209699895, testhost.dll, TestExecutionRecorder.RecordEnd: test: ProductsStorage.Tests.ProductStorageTests.GetById_Returns_One_Customer execution completed.
TpTrace Information: 0 : 18716, 4, 2023/01/17, 21:18:51.125, 2435209847161, testhost.dll, MSTest - MSTestExecutor:Test ProductsStorage.Tests.ProductStorageTests.GetById_Returns_One_Customer failed. ErrorMessage:Test method ProductsStorage.Tests.ProductStorageTests.GetById_Returns_One_Customer threw exception: 
System.InvalidCastException: Unable to cast object of type 'Castle.Proxies.ObjectProxy' to type 'ProductStorage.Service.Response.BaseResponse`1[ProductStorage.DAL.Entities.Customer]'., ErrorStackTrace:    at ProductStorage_WebApi.Controllers.CustomerController.Get(Int32 id) in D:\HOKAIDO\KPI\5 SEM\.NET Web\ProductStorage\ProductStorage_WebApi\Controllers\CustomerController.cs:line 41
   at ProductsStorage.Tests.ProductStorageTests.GetById_Returns_One_Customer() in D:\HOKAIDO\KPI\5 SEM\.NET Web\ProductStorage\ProductsStorage.Tests\ProductStorageTests.cs:line 30
   at Microsoft.VisualStudio.TestPlatform.MSTestAdapter.PlatformServices.ThreadOperations.ExecuteWithAbortSafety(Action action)
.
TpTrace Verbose: 0 : 18716, 4, 2023/01/17, 21:18:51.125, 2435209849424, testhost.dll, TestExecutionRecorder.RecordResult: Received result for test: ProductsStorage.Tests.ProductStorageTests.GetById_Returns_One_Customer.
TpTrace Warning: 0 : 18716, 4, 2023/01/17, 21:18:51.129, 2435209888593, testhost.dll, TestRunCache: InProgressTests is null
TpTrace Warning: 0 : 18716, 4, 2023/01/17, 21:18:51.129, 2435209890349, testhost.dll, TestRunCache: No test found corresponding to testResult 'GetById_Returns_One_Customer' in inProgress list.
TpTrace Information: 0 : 18716, 4, 2023/01/17, 21:18:51.130, 2435209891563, testhost.dll, MSTest - Executing cleanup methods.
TpTrace Information: 0 : 18716, 4, 2023/01/17, 21:18:51.131, 2435209903004, testhost.dll, MSTest - Executed cleanup methods.
TpTrace Information: 0 : 18716, 4, 2023/01/17, 21:18:51.131, 2435209903398, testhost.dll, MSTest - Executed tests belonging to source D:\HOKAIDO\KPI\5 SEM\.NET Web\ProductStorage\ProductsStorage.Tests\bin\Debug\net5.0\fine-code-coverage\build-output\ProductsStorage.Tests.dll
TpTrace Verbose: 0 : 18716, 4, 2023/01/17, 21:18:51.131, 2435209906139, testhost.dll, BaseRunTests.RunTestInternalWithExecutors: Completed running tests for executor://MSTestAdapter/v2
TpTrace Information: 0 : 18716, 4, 2023/01/17, 21:18:51.134, 2435209934579, testhost.dll, Sending test run complete
TpTrace Verbose: 0 : 18716, 4, 2023/01/17, 21:18:51.171, 2435210301708, testhost.dll, TestRequestHandler.SendData:  sending data from testhost: {"Version":5,"MessageType":"TestExecution.Completed","Payload":{"TestRunCompleteArgs":{"TestRunStatistics":{"ExecutedTests":1,"Stats":{"Failed":1}},"IsCanceled":false,"IsAborted":false,"Error":null,"AttachmentSets":[],"ElapsedTimeInRunningTests":"00:00:00.3786210","Metrics":{}},"LastRunTests":{"NewTestResults":[{"TestCase":{"Id":"093689a9-09bf-a76b-c2df-72e7579487fe","FullyQualifiedName":"ProductsStorage.Tests.ProductStorageTests.GetById_Returns_One_Customer","DisplayName":"GetById_Returns_One_Customer","ExecutorUri":"executor://MSTestAdapter/v2","Source":"D:\\HOKAIDO\\KPI\\5 SEM\\.NET Web\\ProductStorage\\ProductsStorage.Tests\\bin\\Debug\\net5.0\\fine-code-coverage\\build-output\\ProductsStorage.Tests.dll","CodeFilePath":null,"LineNumber":-1,"Properties":[{"Key":{"Id":"TestCase.ManagedType","Label":"ManagedType","Category":"","Description":"","Attributes":1,"ValueType":"System.String"},"Value":"ProductsStorage.Tests.ProductStorageTests"},{"Key":{"Id":"TestCase.ManagedMethod","Label":"ManagedMethod","Category":"","Description":"","Attributes":1,"ValueType":"System.String"},"Value":"GetById_Returns_One_Customer"},{"Key":{"Id":"MSTestDiscoverer.TestClassName","Label":"ClassName","Category":"","Description":"","Attributes":1,"ValueType":"System.String"},"Value":"ProductsStorage.Tests.ProductStorageTests"},{"Key":{"Id":"TestCase.Hierarchy","Label":"Hierarchy","Category":"","Description":"","Attributes":2,"ValueType":"System.String[]"},"Value":["ProductsStorage.Tests","ProductStorageTests"]},{"Key":{"Id":"TestObject.Traits","Label":"Traits","Category":"","Description":"","Attributes":5,"ValueType":"System.Collections.Generic.KeyValuePair`2[[System.String],[System.String]][]"},"Value":[]}]},"Attachments":[],"Outcome":2,"ErrorMessage":"Test method ProductsStorage.Tests.ProductStorageTests.GetById_Returns_One_Customer threw exception: \r\nSystem.InvalidCastException: Unable to cast object of type 'Castle.Proxies.ObjectProxy' to type 'ProductStorage.Service.Response.BaseResponse`1[ProductStorage.DAL.Entities.Customer]'.","ErrorStackTrace":"    at ProductStorage_WebApi.Controllers.CustomerController.Get(Int32 id) in D:\\HOKAIDO\\KPI\\5 SEM\\.NET Web\\ProductStorage\\ProductStorage_WebApi\\Controllers\\CustomerController.cs:line 41\r\n   at ProductsStorage.Tests.ProductStorageTests.GetById_Returns_One_Customer() in D:\\HOKAIDO\\KPI\\5 SEM\\.NET Web\\ProductStorage\\ProductsStorage.Tests\\ProductStorageTests.cs:line 30\r\n   at Microsoft.VisualStudio.TestPlatform.MSTestAdapter.PlatformServices.ThreadOperations.ExecuteWithAbortSafety(Action action)\r\n","DisplayName":"GetById_Returns_One_Customer","Messages":[],"ComputerName":null,"Duration":"00:00:00.1647625","StartTime":"2023-01-17T21:18:50.9238152+02:00","EndTime":"2023-01-17T21:18:51.1075254+02:00","Properties":[{"Key":{"Id":"ExecutionId","Label":"ExecutionId","Category":"","Description":"","Attributes":1,"ValueType":"System.Guid"},"Value":"00000000-0000-0000-0000-000000000000"},{"Key":{"Id":"ParentExecId","Label":"ParentExecId","Category":"","Description":"","Attributes":1,"ValueType":"System.Guid"},"Value":"00000000-0000-0000-0000-000000000000"},{"Key":{"Id":"InnerResultsCount","Label":"InnerResultsCount","Category":"","Description":"","Attributes":1,"ValueType":"System.Int32"},"Value":0}]}],"TestRunStatistics":{"ExecutedTests":1,"Stats":{"Failed":1}},"ActiveTests":[]},"RunAttachments":[],"ExecutorUris":["executor://mstestadapter/v2"]}}
TpTrace Verbose: 0 : 18716, 4, 2023/01/17, 21:18:51.171, 2435210304514, testhost.dll, BaseRunTests.RunTests: Run is complete.
TpTrace Verbose: 0 : 18716, 6, 2023/01/17, 21:18:51.171, 2435210308055, testhost.dll, TcpClientExtensions.MessageLoopAsync: NotifyDataAvailable remoteEndPoint: [::ffff:127.0.0.1]:64349 localEndPoint: [::ffff:127.0.0.1]:64350
TpTrace Information: 0 : 18716, 6, 2023/01/17, 21:18:51.171, 2435210309058, testhost.dll, TestRequestHandler.OnMessageReceived: received message: (TestSession.Terminate) -> null
TpTrace Information: 0 : 18716, 6, 2023/01/17, 21:18:51.171, 2435210309340, testhost.dll, Session End message received from server. Closing the connection.
TpTrace Information: 0 : 18716, 6, 2023/01/17, 21:18:51.172, 2435210311493, testhost.dll, SocketClient.Stop: Stop communication from server endpoint: 127.0.0.1:064349
TpTrace Information: 0 : 18716, 6, 2023/01/17, 21:18:51.172, 2435210311920, testhost.dll, SocketClient: Stop: Cancellation requested. Stopping message loop.
TpTrace Verbose: 0 : 18716, 6, 2023/01/17, 21:18:51.172, 2435210313088, testhost.dll, LengthPrefixCommunicationChannel.Dispose: Dispose reader and writer.
TpTrace Information: 0 : 18716, 6, 2023/01/17, 21:18:51.172, 2435210313502, testhost.dll, Closing the connection !
TpTrace Information: 0 : 18716, 6, 2023/01/17, 21:18:51.172, 2435210314974, testhost.dll, SocketClient.PrivateStop: Stop communication from server endpoint: 127.0.0.1:064349, error:
TpTrace Verbose: 0 : 18716, 6, 2023/01/17, 21:18:51.172, 2435210317529, testhost.dll, LengthPrefixCommunicationChannel.Dispose: Dispose reader and writer.
TpTrace Verbose: 0 : 18716, 6, 2023/01/17, 21:18:51.172, 2435210317925, testhost.dll, TcpClientExtensions.MessageLoopAsync: exiting MessageLoopAsync remoteEndPoint: [::ffff:127.0.0.1]:64349 localEndPoint: [::ffff:127.0.0.1]:64350
TpTrace Information: 0 : 18716, 1, 2023/01/17, 21:18:51.172, 2435210317525, testhost.dll, Closing the connection !
TpTrace Information: 0 : 18716, 1, 2023/01/17, 21:18:51.172, 2435210318839, testhost.dll, SocketClient.Stop: Stop communication from server endpoint: 127.0.0.1:064349
TpTrace Verbose: 0 : 18716, 1, 2023/01/17, 21:18:51.172, 2435210319108, testhost.dll, LengthPrefixCommunicationChannel.Dispose: Dispose reader and writer.
TpTrace Information: 0 : 18716, 1, 2023/01/17, 21:18:51.172, 2435210319680, testhost.dll, Testhost process exiting.
