TpTrace Verbose: 0 : 39744, 1, 2023/01/17, 21:18:49.866, 2435197251408, vstest.console.dll, Version: 17.3.1 Current process architecture: X64
TpTrace Verbose: 0 : 39744, 1, 2023/01/17, 21:18:49.868, 2435197279329, vstest.console.dll, Runtime location: C:\Program Files\dotnet\shared\Microsoft.NETCore.App\6.0.10
TpTrace Information: 0 : 39744, 1, 2023/01/17, 21:18:49.874, 2435197338183, vstest.console.dll, FilePatternParser: The given file D:\HOKAIDO\KPI\5 SEM\.NET Web\ProductStorage\ProductsStorage.Tests\bin\Debug\net5.0\fine-code-coverage\build-output\ProductsStorage.Tests.dll is a full path.
TpTrace Verbose: 0 : 39744, 1, 2023/01/17, 21:18:49.879, 2435197387370, vstest.console.dll, TestPluginCache.DiscoverTestExtensions: finding test extensions in assemblies ends with: RuntimeProvider.dll TPluginInfo: Microsoft.VisualStudio.TestPlatform.Common.ExtensionFramework.Utilities.TestRuntimePluginInformation TExtension: Microsoft.VisualStudio.TestPlatform.ObjectModel.Host.ITestRuntimeProvider
TpTrace Verbose: 0 : 39744, 1, 2023/01/17, 21:18:49.881, 2435197400894, vstest.console.dll, TestPluginCache.GetExtensionPaths: Filtered extension paths: 
TpTrace Verbose: 0 : 39744, 1, 2023/01/17, 21:18:49.881, 2435197401599, vstest.console.dll, TestPluginCache.GetExtensionPaths: Added default extension paths: C:\Program Files\dotnet\sdk\6.0.402\Extensions\Microsoft.Diagnostics.NETCore.Client.dll
C:\Program Files\dotnet\sdk\6.0.402\Extensions\Microsoft.TestPlatform.Extensions.BlameDataCollector.dll
C:\Program Files\dotnet\sdk\6.0.402\Extensions\Microsoft.TestPlatform.Extensions.EventLogCollector.dll
C:\Program Files\dotnet\sdk\6.0.402\Extensions\Microsoft.TestPlatform.TestHostRuntimeProvider.dll
C:\Program Files\dotnet\sdk\6.0.402\Extensions\Microsoft.VisualStudio.TestPlatform.Extensions.Html.TestLogger.dll
C:\Program Files\dotnet\sdk\6.0.402\Extensions\Microsoft.VisualStudio.TestPlatform.Extensions.Trx.TestLogger.dll
TpTrace Verbose: 0 : 39744, 1, 2023/01/17, 21:18:49.881, 2435197401949, vstest.console.dll, TestPluginCache.GetExtensionPaths: Added unfilterableExtensionPaths: 
TpTrace Information: 0 : 39744, 1, 2023/01/17, 21:18:49.881, 2435197406850, vstest.console.dll, AssemblyResolver.ctor: Creating AssemblyResolver with searchDirectories C:\Program Files\dotnet\sdk\6.0.402\Extensions,C:\Program Files\dotnet\sdk\6.0.402
TpTrace Verbose: 0 : 39744, 1, 2023/01/17, 21:18:49.882, 2435197413055, vstest.console.dll, TestPluginCache.DiscoverTestExtensions: Discovering the extensions using extension path.
TpTrace Verbose: 0 : 39744, 1, 2023/01/17, 21:18:49.882, 2435197413909, vstest.console.dll, TestPluginCache.GetExtensionPaths: Filtered extension paths: 
TpTrace Verbose: 0 : 39744, 1, 2023/01/17, 21:18:49.882, 2435197414247, vstest.console.dll, TestPluginCache.GetExtensionPaths: Added default extension paths: C:\Program Files\dotnet\sdk\6.0.402\Extensions\Microsoft.Diagnostics.NETCore.Client.dll
C:\Program Files\dotnet\sdk\6.0.402\Extensions\Microsoft.TestPlatform.Extensions.BlameDataCollector.dll
C:\Program Files\dotnet\sdk\6.0.402\Extensions\Microsoft.TestPlatform.Extensions.EventLogCollector.dll
C:\Program Files\dotnet\sdk\6.0.402\Extensions\Microsoft.TestPlatform.TestHostRuntimeProvider.dll
C:\Program Files\dotnet\sdk\6.0.402\Extensions\Microsoft.VisualStudio.TestPlatform.Extensions.Html.TestLogger.dll
C:\Program Files\dotnet\sdk\6.0.402\Extensions\Microsoft.VisualStudio.TestPlatform.Extensions.Trx.TestLogger.dll
TpTrace Verbose: 0 : 39744, 1, 2023/01/17, 21:18:49.882, 2435197414473, vstest.console.dll, TestPluginCache.GetExtensionPaths: Added unfilterableExtensionPaths: 
TpTrace Verbose: 0 : 39744, 1, 2023/01/17, 21:18:49.882, 2435197414882, vstest.console.dll, TestPluginCache.DiscoverTestExtensions: Discovering the extensions using allExtensionPaths: C:\Program Files\dotnet\sdk\6.0.402\Extensions\Microsoft.Diagnostics.NETCore.Client.dll
C:\Program Files\dotnet\sdk\6.0.402\Extensions\Microsoft.TestPlatform.Extensions.BlameDataCollector.dll
C:\Program Files\dotnet\sdk\6.0.402\Extensions\Microsoft.TestPlatform.Extensions.EventLogCollector.dll
C:\Program Files\dotnet\sdk\6.0.402\Extensions\Microsoft.TestPlatform.TestHostRuntimeProvider.dll
C:\Program Files\dotnet\sdk\6.0.402\Extensions\Microsoft.VisualStudio.TestPlatform.Extensions.Html.TestLogger.dll
C:\Program Files\dotnet\sdk\6.0.402\Extensions\Microsoft.VisualStudio.TestPlatform.Extensions.Trx.TestLogger.dll
TpTrace Information: 0 : 39744, 1, 2023/01/17, 21:18:49.882, 2435197418749, vstest.console.dll, AssemblyResolver.AddSearchDirectories: Adding more searchDirectories C:\Program Files\dotnet\sdk\6.0.402\Extensions,C:\Program Files\dotnet\sdk\6.0.402
TpTrace Information: 0 : 39744, 1, 2023/01/17, 21:18:49.882, 2435197419394, vstest.console.dll, AssemblyResolver.AddSearchDirectories: Adding more searchDirectories C:\Program Files\dotnet\sdk\6.0.402\Extensions,C:\Program Files\dotnet\sdk\6.0.402
TpTrace Information: 0 : 39744, 1, 2023/01/17, 21:18:49.882, 2435197419785, vstest.console.dll, AssemblyResolver.AddSearchDirectories: Adding more searchDirectories C:\Program Files\dotnet\sdk\6.0.402\Extensions,C:\Program Files\dotnet\sdk\6.0.402
TpTrace Information: 0 : 39744, 1, 2023/01/17, 21:18:49.882, 2435197419999, vstest.console.dll, AssemblyResolver.AddSearchDirectories: Adding more searchDirectories C:\Program Files\dotnet\sdk\6.0.402\Extensions,C:\Program Files\dotnet\sdk\6.0.402
TpTrace Information: 0 : 39744, 1, 2023/01/17, 21:18:49.882, 2435197420201, vstest.console.dll, AssemblyResolver.AddSearchDirectories: Adding more searchDirectories C:\Program Files\dotnet\sdk\6.0.402\Extensions,C:\Program Files\dotnet\sdk\6.0.402
TpTrace Information: 0 : 39744, 1, 2023/01/17, 21:18:49.882, 2435197420453, vstest.console.dll, AssemblyResolver.AddSearchDirectories: Adding more searchDirectories C:\Program Files\dotnet\sdk\6.0.402\Extensions,C:\Program Files\dotnet\sdk\6.0.402
TpTrace Information: 0 : 39744, 1, 2023/01/17, 21:18:49.883, 2435197423418, vstest.console.dll, AssemblyResolver.OnResolve: Microsoft.Diagnostics.NETCore.Client: Resolving assembly.
TpTrace Information: 0 : 39744, 1, 2023/01/17, 21:18:49.883, 2435197423930, vstest.console.dll, AssemblyResolver.OnResolve: Microsoft.Diagnostics.NETCore.Client: Searching in: 'C:\Program Files\dotnet\sdk\6.0.402\Extensions'.
TpTrace Information: 0 : 39744, 1, 2023/01/17, 21:18:49.883, 2435197427977, vstest.console.dll, AssemblyResolver.OnResolve: Microsoft.Diagnostics.NETCore.Client: Loading assembly 'C:\Program Files\dotnet\sdk\6.0.402\Extensions\Microsoft.Diagnostics.NETCore.Client.dll'.
TpTrace Information: 0 : 39744, 1, 2023/01/17, 21:18:49.884, 2435197432082, vstest.console.dll, AssemblyResolver.OnResolve: Resolved assembly: Microsoft.Diagnostics.NETCore.Client, from path: C:\Program Files\dotnet\sdk\6.0.402\Extensions\Microsoft.Diagnostics.NETCore.Client.dll
TpTrace Verbose: 0 : 39744, 1, 2023/01/17, 21:18:49.888, 2435197476249, vstest.console.dll, MetadataReaderExtensionsHelper: Discovering extensions inside assembly 'Microsoft.Diagnostics.NETCore.Client, Version=0.2.5.801, Culture=neutral, PublicKeyToken=31bf3856ad364e35' file path 'C:\Program Files\dotnet\sdk\6.0.402\Extensions\Microsoft.Diagnostics.NETCore.Client.dll'
TpTrace Information: 0 : 39744, 1, 2023/01/17, 21:18:49.898, 2435197574335, vstest.console.dll, AssemblyResolver.OnResolve: Microsoft.Bcl.AsyncInterfaces: Resolving assembly.
TpTrace Information: 0 : 39744, 1, 2023/01/17, 21:18:49.898, 2435197575521, vstest.console.dll, AssemblyResolver.OnResolve: Microsoft.Bcl.AsyncInterfaces: Searching in: 'C:\Program Files\dotnet\sdk\6.0.402\Extensions'.
TpTrace Information: 0 : 39744, 1, 2023/01/17, 21:18:49.898, 2435197576093, vstest.console.dll, AssemblyResolver.OnResolve: Microsoft.Bcl.AsyncInterfaces: Assembly path does not exist: 'C:\Program Files\dotnet\sdk\6.0.402\Extensions\Microsoft.Bcl.AsyncInterfaces.dll', returning.
TpTrace Information: 0 : 39744, 1, 2023/01/17, 21:18:49.898, 2435197576476, vstest.console.dll, AssemblyResolver.OnResolve: Microsoft.Bcl.AsyncInterfaces: Assembly path does not exist: 'C:\Program Files\dotnet\sdk\6.0.402\Extensions\Microsoft.Bcl.AsyncInterfaces.exe', returning.
TpTrace Information: 0 : 39744, 1, 2023/01/17, 21:18:49.898, 2435197578354, vstest.console.dll, AssemblyResolver.OnResolve: Microsoft.Bcl.AsyncInterfaces: Searching in: 'C:\Program Files\dotnet\sdk\6.0.402'.
TpTrace Information: 0 : 39744, 1, 2023/01/17, 21:18:49.898, 2435197579512, vstest.console.dll, AssemblyResolver.OnResolve: Microsoft.Bcl.AsyncInterfaces: Assembly path does not exist: 'C:\Program Files\dotnet\sdk\6.0.402\Microsoft.Bcl.AsyncInterfaces.dll', returning.
TpTrace Information: 0 : 39744, 1, 2023/01/17, 21:18:49.898, 2435197579995, vstest.console.dll, AssemblyResolver.OnResolve: Microsoft.Bcl.AsyncInterfaces: Assembly path does not exist: 'C:\Program Files\dotnet\sdk\6.0.402\Microsoft.Bcl.AsyncInterfaces.exe', returning.
TpTrace Information: 0 : 39744, 1, 2023/01/17, 21:18:49.898, 2435197580213, vstest.console.dll, AssemblyResolver.OnResolve: Microsoft.Bcl.AsyncInterfaces: Failed to load assembly.
TpTrace Verbose: 0 : 39744, 1, 2023/01/17, 21:18:49.898, 2435197580512, vstest.console.dll, CurrentDomainAssemblyResolve: Resolving assembly 'Microsoft.Bcl.AsyncInterfaces'.
TpTrace Information: 0 : 39744, 1, 2023/01/17, 21:18:49.899, 2435197581525, vstest.console.dll, AssemblyResolver.OnResolve: Microsoft.Bcl.AsyncInterfaces: Resolving assembly.
TpTrace Information: 0 : 39744, 1, 2023/01/17, 21:18:49.899, 2435197583208, vstest.console.dll, AssemblyResolver.OnResolve: Microsoft.Bcl.AsyncInterfaces: Resolved from cache.
TpTrace Verbose: 0 : 39744, 1, 2023/01/17, 21:18:49.899, 2435197583455, vstest.console.dll, CurrentDomainAssemblyResolve: Resolving assembly 'Microsoft.Bcl.AsyncInterfaces'.
TpTrace Verbose: 0 : 39744, 1, 2023/01/17, 21:18:49.899, 2435197583850, vstest.console.dll, CurrentDomainAssemblyResolve: Failed to resolve assembly 'Microsoft.Bcl.AsyncInterfaces'.
TpTrace Verbose: 0 : 39744, 1, 2023/01/17, 21:18:49.899, 2435197588134, vstest.console.dll, CurrentDomainAssemblyResolve: Failed to resolve assembly 'Microsoft.Bcl.AsyncInterfaces'.
TpTrace Warning: 0 : 39744, 1, 2023/01/17, 21:18:49.908, 2435197677603, vstest.console.dll, TestPluginDiscoverer: Failed to get types from assembly 'Microsoft.Diagnostics.NETCore.Client, Version=0.2.5.801, Culture=neutral, PublicKeyToken=31bf3856ad364e35'. Error: System.Reflection.ReflectionTypeLoadException: Unable to load one or more of the requested types.
Could not load file or assembly 'Microsoft.Bcl.AsyncInterfaces, Version=1.0.0.0, Culture=neutral, PublicKeyToken=cc7b13ffcd2ddd51'. The system cannot find the file specified.
   at System.Reflection.RuntimeModule.GetTypes(RuntimeModule module)
   at System.Reflection.Assembly.GetTypes()
   at Microsoft.VisualStudio.TestPlatform.Common.ExtensionFramework.TestPluginDiscoverer.GetTestExtensionsFromAssembly[TPluginInfo,TExtension](Assembly assembly, Dictionary`2 pluginInfos, String filePath)
System.IO.FileNotFoundException: Could not load file or assembly 'Microsoft.Bcl.AsyncInterfaces, Version=1.0.0.0, Culture=neutral, PublicKeyToken=cc7b13ffcd2ddd51'. The system cannot find the file specified.
File name: 'Microsoft.Bcl.AsyncInterfaces, Version=1.0.0.0, Culture=neutral, PublicKeyToken=cc7b13ffcd2ddd51'
 ---> System.IO.FileNotFoundException: Could not load file or assembly 'Microsoft.Bcl.AsyncInterfaces, Culture=neutral, PublicKeyToken=null'. The system cannot find the file specified.
File name: 'Microsoft.Bcl.AsyncInterfaces, Culture=neutral, PublicKeyToken=null'
   at System.Reflection.RuntimeAssembly.InternalLoad(ObjectHandleOnStack assemblyName, ObjectHandleOnStack requestingAssembly, StackCrawlMarkHandle stackMark, Boolean throwOnFileNotFound, ObjectHandleOnStack assemblyLoadContext, ObjectHandleOnStack retAssembly)
   at System.Reflection.RuntimeAssembly.InternalLoad(AssemblyName assemblyName, RuntimeAssembly requestingAssembly, StackCrawlMark& stackMark, Boolean throwOnFileNotFound, AssemblyLoadContext assemblyLoadContext)
   at System.Reflection.Assembly.Load(AssemblyName assemblyRef)
   at Microsoft.VisualStudio.TestPlatform.Common.ExtensionFramework.TestPluginCache.CurrentDomainAssemblyResolve(Object sender, AssemblyResolveEventArgs args)
   at Microsoft.VisualStudio.TestPlatform.PlatformAbstractions.PlatformAssemblyResolver.AssemblyResolverEvent(Object sender, Object eventArgs)
   at System.Runtime.Loader.AssemblyLoadContext.GetFirstResolvedAssemblyFromResolvingEvent(AssemblyName assemblyName)
   at System.Runtime.Loader.AssemblyLoadContext.ResolveUsingEvent(AssemblyName assemblyName)
   at System.Runtime.Loader.AssemblyLoadContext.ResolveUsingResolvingEvent(IntPtr gchManagedAssemblyLoadContext, AssemblyName assemblyName)
TpTrace Warning: 0 : 39744, 1, 2023/01/17, 21:18:49.909, 2435197682311, vstest.console.dll, LoaderExceptions: System.IO.FileNotFoundException: Could not load file or assembly 'Microsoft.Bcl.AsyncInterfaces, Version=1.0.0.0, Culture=neutral, PublicKeyToken=cc7b13ffcd2ddd51'. The system cannot find the file specified.
File name: 'Microsoft.Bcl.AsyncInterfaces, Version=1.0.0.0, Culture=neutral, PublicKeyToken=cc7b13ffcd2ddd51'
 ---> System.IO.FileNotFoundException: Could not load file or assembly 'Microsoft.Bcl.AsyncInterfaces, Culture=neutral, PublicKeyToken=null'. The system cannot find the file specified.
File name: 'Microsoft.Bcl.AsyncInterfaces, Culture=neutral, PublicKeyToken=null'
   at System.Reflection.RuntimeAssembly.InternalLoad(ObjectHandleOnStack assemblyName, ObjectHandleOnStack requestingAssembly, StackCrawlMarkHandle stackMark, Boolean throwOnFileNotFound, ObjectHandleOnStack assemblyLoadContext, ObjectHandleOnStack retAssembly)
   at System.Reflection.RuntimeAssembly.InternalLoad(AssemblyName assemblyName, RuntimeAssembly requestingAssembly, StackCrawlMark& stackMark, Boolean throwOnFileNotFound, AssemblyLoadContext assemblyLoadContext)
   at System.Reflection.Assembly.Load(AssemblyName assemblyRef)
   at Microsoft.VisualStudio.TestPlatform.Common.ExtensionFramework.TestPluginCache.CurrentDomainAssemblyResolve(Object sender, AssemblyResolveEventArgs args)
   at Microsoft.VisualStudio.TestPlatform.PlatformAbstractions.PlatformAssemblyResolver.AssemblyResolverEvent(Object sender, Object eventArgs)
   at System.Runtime.Loader.AssemblyLoadContext.GetFirstResolvedAssemblyFromResolvingEvent(AssemblyName assemblyName)
   at System.Runtime.Loader.AssemblyLoadContext.ResolveUsingEvent(AssemblyName assemblyName)
   at System.Runtime.Loader.AssemblyLoadContext.ResolveUsingResolvingEvent(IntPtr gchManagedAssemblyLoadContext, AssemblyName assemblyName)
TpTrace Information: 0 : 39744, 1, 2023/01/17, 21:18:49.909, 2435197683606, vstest.console.dll, AssemblyResolver.OnResolve: Microsoft.TestPlatform.Extensions.BlameDataCollector: Resolving assembly.
TpTrace Information: 0 : 39744, 1, 2023/01/17, 21:18:49.909, 2435197683943, vstest.console.dll, AssemblyResolver.OnResolve: Microsoft.TestPlatform.Extensions.BlameDataCollector: Searching in: 'C:\Program Files\dotnet\sdk\6.0.402\Extensions'.
TpTrace Information: 0 : 39744, 1, 2023/01/17, 21:18:49.909, 2435197685704, vstest.console.dll, AssemblyResolver.OnResolve: Microsoft.TestPlatform.Extensions.BlameDataCollector: Loading assembly 'C:\Program Files\dotnet\sdk\6.0.402\Extensions\Microsoft.TestPlatform.Extensions.BlameDataCollector.dll'.
TpTrace Information: 0 : 39744, 1, 2023/01/17, 21:18:49.909, 2435197688638, vstest.console.dll, AssemblyResolver.OnResolve: Resolved assembly: Microsoft.TestPlatform.Extensions.BlameDataCollector, from path: C:\Program Files\dotnet\sdk\6.0.402\Extensions\Microsoft.TestPlatform.Extensions.BlameDataCollector.dll
TpTrace Verbose: 0 : 39744, 1, 2023/01/17, 21:18:49.909, 2435197689163, vstest.console.dll, MetadataReaderExtensionsHelper: Discovering extensions inside assembly 'Microsoft.TestPlatform.Extensions.BlameDataCollector, Version=15.0.0.0, Culture=neutral, PublicKeyToken=b03f5f7f11d50a3a' file path 'C:\Program Files\dotnet\sdk\6.0.402\Extensions\Microsoft.TestPlatform.Extensions.BlameDataCollector.dll'
TpTrace Information: 0 : 39744, 1, 2023/01/17, 21:18:49.910, 2435197699583, vstest.console.dll, AssemblyResolver.OnResolve: Microsoft.TestPlatform.Extensions.EventLogCollector: Resolving assembly.
TpTrace Information: 0 : 39744, 1, 2023/01/17, 21:18:49.911, 2435197701732, vstest.console.dll, AssemblyResolver.OnResolve: Microsoft.TestPlatform.Extensions.EventLogCollector: Searching in: 'C:\Program Files\dotnet\sdk\6.0.402\Extensions'.
TpTrace Information: 0 : 39744, 1, 2023/01/17, 21:18:49.911, 2435197703381, vstest.console.dll, AssemblyResolver.OnResolve: Microsoft.TestPlatform.Extensions.EventLogCollector: Loading assembly 'C:\Program Files\dotnet\sdk\6.0.402\Extensions\Microsoft.TestPlatform.Extensions.EventLogCollector.dll'.
TpTrace Information: 0 : 39744, 1, 2023/01/17, 21:18:49.911, 2435197709416, vstest.console.dll, AssemblyResolver.OnResolve: Resolved assembly: Microsoft.TestPlatform.Extensions.EventLogCollector, from path: C:\Program Files\dotnet\sdk\6.0.402\Extensions\Microsoft.TestPlatform.Extensions.EventLogCollector.dll
TpTrace Verbose: 0 : 39744, 1, 2023/01/17, 21:18:49.912, 2435197711436, vstest.console.dll, MetadataReaderExtensionsHelper: Discovering extensions inside assembly 'Microsoft.TestPlatform.Extensions.EventLogCollector, Version=15.0.0.0, Culture=neutral, PublicKeyToken=b03f5f7f11d50a3a' file path 'C:\Program Files\dotnet\sdk\6.0.402\Extensions\Microsoft.TestPlatform.Extensions.EventLogCollector.dll'
TpTrace Information: 0 : 39744, 1, 2023/01/17, 21:18:49.913, 2435197727904, vstest.console.dll, AssemblyResolver.OnResolve: Microsoft.TestPlatform.TestHostRuntimeProvider: Resolving assembly.
TpTrace Information: 0 : 39744, 1, 2023/01/17, 21:18:49.913, 2435197728333, vstest.console.dll, AssemblyResolver.OnResolve: Microsoft.TestPlatform.TestHostRuntimeProvider: Searching in: 'C:\Program Files\dotnet\sdk\6.0.402\Extensions'.
TpTrace Information: 0 : 39744, 1, 2023/01/17, 21:18:49.913, 2435197730390, vstest.console.dll, AssemblyResolver.OnResolve: Microsoft.TestPlatform.TestHostRuntimeProvider: Loading assembly 'C:\Program Files\dotnet\sdk\6.0.402\Extensions\Microsoft.TestPlatform.TestHostRuntimeProvider.dll'.
TpTrace Information: 0 : 39744, 1, 2023/01/17, 21:18:49.914, 2435197733680, vstest.console.dll, AssemblyResolver.OnResolve: Resolved assembly: Microsoft.TestPlatform.TestHostRuntimeProvider, from path: C:\Program Files\dotnet\sdk\6.0.402\Extensions\Microsoft.TestPlatform.TestHostRuntimeProvider.dll
TpTrace Verbose: 0 : 39744, 1, 2023/01/17, 21:18:49.914, 2435197734259, vstest.console.dll, MetadataReaderExtensionsHelper: Discovering extensions inside assembly 'Microsoft.TestPlatform.TestHostRuntimeProvider, Version=15.0.0.0, Culture=neutral, PublicKeyToken=b03f5f7f11d50a3a' file path 'C:\Program Files\dotnet\sdk\6.0.402\Extensions\Microsoft.TestPlatform.TestHostRuntimeProvider.dll'
TpTrace Information: 0 : 39744, 1, 2023/01/17, 21:18:49.915, 2435197749806, vstest.console.dll, GetTestExtensionFromType: Register extension with identifier data 'HostProvider://DefaultTestHost' and type 'Microsoft.VisualStudio.TestPlatform.CrossPlatEngine.Hosting.DefaultTestHostManager, Microsoft.TestPlatform.TestHostRuntimeProvider, Version=15.0.0.0, Culture=neutral, PublicKeyToken=b03f5f7f11d50a3a' inside file 'C:\Program Files\dotnet\sdk\6.0.402\Extensions\Microsoft.TestPlatform.TestHostRuntimeProvider.dll'
TpTrace Information: 0 : 39744, 1, 2023/01/17, 21:18:49.916, 2435197750976, vstest.console.dll, GetTestExtensionFromType: Register extension with identifier data 'HostProvider://DotnetTestHost' and type 'Microsoft.VisualStudio.TestPlatform.CrossPlatEngine.Hosting.DotnetTestHostManager, Microsoft.TestPlatform.TestHostRuntimeProvider, Version=15.0.0.0, Culture=neutral, PublicKeyToken=b03f5f7f11d50a3a' inside file 'C:\Program Files\dotnet\sdk\6.0.402\Extensions\Microsoft.TestPlatform.TestHostRuntimeProvider.dll'
TpTrace Information: 0 : 39744, 1, 2023/01/17, 21:18:49.916, 2435197751664, vstest.console.dll, AssemblyResolver.OnResolve: Microsoft.VisualStudio.TestPlatform.Extensions.Html.TestLogger: Resolving assembly.
TpTrace Information: 0 : 39744, 1, 2023/01/17, 21:18:49.916, 2435197751935, vstest.console.dll, AssemblyResolver.OnResolve: Microsoft.VisualStudio.TestPlatform.Extensions.Html.TestLogger: Searching in: 'C:\Program Files\dotnet\sdk\6.0.402\Extensions'.
TpTrace Information: 0 : 39744, 1, 2023/01/17, 21:18:49.916, 2435197754399, vstest.console.dll, AssemblyResolver.OnResolve: Microsoft.VisualStudio.TestPlatform.Extensions.Html.TestLogger: Loading assembly 'C:\Program Files\dotnet\sdk\6.0.402\Extensions\Microsoft.VisualStudio.TestPlatform.Extensions.Html.TestLogger.dll'.
TpTrace Information: 0 : 39744, 1, 2023/01/17, 21:18:49.916, 2435197757574, vstest.console.dll, AssemblyResolver.OnResolve: Resolved assembly: Microsoft.VisualStudio.TestPlatform.Extensions.Html.TestLogger, from path: C:\Program Files\dotnet\sdk\6.0.402\Extensions\Microsoft.VisualStudio.TestPlatform.Extensions.Html.TestLogger.dll
TpTrace Verbose: 0 : 39744, 1, 2023/01/17, 21:18:49.916, 2435197758062, vstest.console.dll, MetadataReaderExtensionsHelper: Discovering extensions inside assembly 'Microsoft.VisualStudio.TestPlatform.Extensions.Html.TestLogger, Version=15.0.0.0, Culture=neutral, PublicKeyToken=b03f5f7f11d50a3a' file path 'C:\Program Files\dotnet\sdk\6.0.402\Extensions\Microsoft.VisualStudio.TestPlatform.Extensions.Html.TestLogger.dll'
TpTrace Information: 0 : 39744, 1, 2023/01/17, 21:18:49.917, 2435197762194, vstest.console.dll, AssemblyResolver.OnResolve: Microsoft.VisualStudio.TestPlatform.Extensions.Trx.TestLogger: Resolving assembly.
TpTrace Information: 0 : 39744, 1, 2023/01/17, 21:18:49.917, 2435197762577, vstest.console.dll, AssemblyResolver.OnResolve: Microsoft.VisualStudio.TestPlatform.Extensions.Trx.TestLogger: Searching in: 'C:\Program Files\dotnet\sdk\6.0.402\Extensions'.
TpTrace Information: 0 : 39744, 1, 2023/01/17, 21:18:49.917, 2435197764170, vstest.console.dll, AssemblyResolver.OnResolve: Microsoft.VisualStudio.TestPlatform.Extensions.Trx.TestLogger: Loading assembly 'C:\Program Files\dotnet\sdk\6.0.402\Extensions\Microsoft.VisualStudio.TestPlatform.Extensions.Trx.TestLogger.dll'.
TpTrace Information: 0 : 39744, 1, 2023/01/17, 21:18:49.917, 2435197767060, vstest.console.dll, AssemblyResolver.OnResolve: Resolved assembly: Microsoft.VisualStudio.TestPlatform.Extensions.Trx.TestLogger, from path: C:\Program Files\dotnet\sdk\6.0.402\Extensions\Microsoft.VisualStudio.TestPlatform.Extensions.Trx.TestLogger.dll
TpTrace Verbose: 0 : 39744, 1, 2023/01/17, 21:18:49.917, 2435197767619, vstest.console.dll, MetadataReaderExtensionsHelper: Discovering extensions inside assembly 'Microsoft.VisualStudio.TestPlatform.Extensions.Trx.TestLogger, Version=15.0.0.0, Culture=neutral, PublicKeyToken=b03f5f7f11d50a3a' file path 'C:\Program Files\dotnet\sdk\6.0.402\Extensions\Microsoft.VisualStudio.TestPlatform.Extensions.Trx.TestLogger.dll'
TpTrace Verbose: 0 : 39744, 1, 2023/01/17, 21:18:49.918, 2435197774392, vstest.console.dll, TestPluginCache: Discovered the extensions using extension path ''.
TpTrace Verbose: 0 : 39744, 1, 2023/01/17, 21:18:49.918, 2435197774814, vstest.console.dll, TestPluginCache: Discoverers are ''.
TpTrace Verbose: 0 : 39744, 1, 2023/01/17, 21:18:49.918, 2435197775088, vstest.console.dll, TestPluginCache: Executors are ''.
TpTrace Verbose: 0 : 39744, 1, 2023/01/17, 21:18:49.918, 2435197775265, vstest.console.dll, TestPluginCache: Executors2 are ''.
TpTrace Verbose: 0 : 39744, 1, 2023/01/17, 21:18:49.918, 2435197775428, vstest.console.dll, TestPluginCache: Setting providers are ''.
TpTrace Verbose: 0 : 39744, 1, 2023/01/17, 21:18:49.918, 2435197775590, vstest.console.dll, TestPluginCache: Loggers are ''.
TpTrace Verbose: 0 : 39744, 1, 2023/01/17, 21:18:49.918, 2435197776773, vstest.console.dll, TestPluginCache: TestHosts are 'HostProvider://DefaultTestHost,HostProvider://DotnetTestHost'.
TpTrace Verbose: 0 : 39744, 1, 2023/01/17, 21:18:49.918, 2435197777054, vstest.console.dll, TestPluginCache: DataCollectors are ''.
TpTrace Information: 0 : 39744, 1, 2023/01/17, 21:18:49.927, 2435197865928, vstest.console.dll, RunTestsArgumentProcessor:Execute: Test run is starting.
TpTrace Verbose: 0 : 39744, 1, 2023/01/17, 21:18:49.927, 2435197866662, vstest.console.dll, RunTestsArgumentProcessor:Execute: Queuing Test run.
TpTrace Information: 0 : 39744, 1, 2023/01/17, 21:18:49.927, 2435197869720, vstest.console.dll, TestRequestManager.RunTests: run tests started.
TpTrace Information: 0 : 39744, 1, 2023/01/17, 21:18:49.929, 2435197881708, vstest.console.dll, AssemblyMetadataProvider.GetFrameworkName: Determined framework:'.NETCoreApp,Version=v5.0' for source: 'D:\HOKAIDO\KPI\5 SEM\.NET Web\ProductStorage\ProductsStorage.Tests\bin\Debug\net5.0\fine-code-coverage\build-output\ProductsStorage.Tests.dll'
TpTrace Information: 0 : 39744, 1, 2023/01/17, 21:18:49.929, 2435197882796, vstest.console.dll, Determined framework for all sources: .NETCoreApp,Version=v5.0
TpTrace Verbose: 0 : 39744, 1, 2023/01/17, 21:18:49.929, 2435197888854, vstest.console.dll, TestRequestManager.UpdateRunSettingsIfRequired: Default architecture: X64 IsDefaultTargetArchitecture: True, Current process architecture: X64 OperatingSystem: Windows.
TpTrace Information: 0 : 39744, 1, 2023/01/17, 21:18:49.932, 2435197912588, vstest.console.dll, AssemblyMetadataProvider.GetArchitecture: Determined architecture:AnyCPU info for assembly: D:\HOKAIDO\KPI\5 SEM\.NET Web\ProductStorage\ProductsStorage.Tests\bin\Debug\net5.0\fine-code-coverage\build-output\ProductsStorage.Tests.dll
TpTrace Information: 0 : 39744, 1, 2023/01/17, 21:18:49.932, 2435197912990, vstest.console.dll, Determined platform for source 'D:\HOKAIDO\KPI\5 SEM\.NET Web\ProductStorage\ProductsStorage.Tests\bin\Debug\net5.0\fine-code-coverage\build-output\ProductsStorage.Tests.dll' was AnyCPU and it will use the default plaform X64.
TpTrace Information: 0 : 39744, 1, 2023/01/17, 21:18:49.932, 2435197915010, vstest.console.dll, None of the sources provided any runnable platform, using the default platform: X64
TpTrace Information: 0 : 39744, 1, 2023/01/17, 21:18:49.932, 2435197915610, vstest.console.dll, Platform was updated to 'X64'.
TpTrace Information: 0 : 39744, 1, 2023/01/17, 21:18:49.936, 2435197956593, vstest.console.dll, InferRunSettingsHelper.IsTestSettingsEnabled: Unable to navigate to RunSettings/MSTest. Current node: RunSettings
TpTrace Information: 0 : 39744, 1, 2023/01/17, 21:18:49.937, 2435197961734, vstest.console.dll, AssemblyResolver.OnResolve: Microsoft.VisualStudio.TestPlatform.Fakes: Resolving assembly.
TpTrace Information: 0 : 39744, 1, 2023/01/17, 21:18:49.937, 2435197962188, vstest.console.dll, AssemblyResolver.OnResolve: Microsoft.VisualStudio.TestPlatform.Fakes: Searching in: 'C:\Program Files\dotnet\sdk\6.0.402\Extensions'.
TpTrace Information: 0 : 39744, 1, 2023/01/17, 21:18:49.937, 2435197962806, vstest.console.dll, AssemblyResolver.OnResolve: Microsoft.VisualStudio.TestPlatform.Fakes: Assembly path does not exist: 'C:\Program Files\dotnet\sdk\6.0.402\Extensions\Microsoft.VisualStudio.TestPlatform.Fakes.dll', returning.
TpTrace Information: 0 : 39744, 1, 2023/01/17, 21:18:49.937, 2435197963200, vstest.console.dll, AssemblyResolver.OnResolve: Microsoft.VisualStudio.TestPlatform.Fakes: Assembly path does not exist: 'C:\Program Files\dotnet\sdk\6.0.402\Extensions\Microsoft.VisualStudio.TestPlatform.Fakes.exe', returning.
TpTrace Information: 0 : 39744, 1, 2023/01/17, 21:18:49.937, 2435197963465, vstest.console.dll, AssemblyResolver.OnResolve: Microsoft.VisualStudio.TestPlatform.Fakes: Searching in: 'C:\Program Files\dotnet\sdk\6.0.402'.
TpTrace Information: 0 : 39744, 1, 2023/01/17, 21:18:49.937, 2435197963834, vstest.console.dll, AssemblyResolver.OnResolve: Microsoft.VisualStudio.TestPlatform.Fakes: Assembly path does not exist: 'C:\Program Files\dotnet\sdk\6.0.402\Microsoft.VisualStudio.TestPlatform.Fakes.dll', returning.
TpTrace Information: 0 : 39744, 1, 2023/01/17, 21:18:49.937, 2435197964186, vstest.console.dll, AssemblyResolver.OnResolve: Microsoft.VisualStudio.TestPlatform.Fakes: Assembly path does not exist: 'C:\Program Files\dotnet\sdk\6.0.402\Microsoft.VisualStudio.TestPlatform.Fakes.exe', returning.
TpTrace Information: 0 : 39744, 1, 2023/01/17, 21:18:49.937, 2435197964394, vstest.console.dll, AssemblyResolver.OnResolve: Microsoft.VisualStudio.TestPlatform.Fakes: Failed to load assembly.
TpTrace Information: 0 : 39744, 1, 2023/01/17, 21:18:49.937, 2435197967918, vstest.console.dll, Failed to load assembly Microsoft.VisualStudio.TestPlatform.Fakes, Version=17.0.0.0, Culture=neutral. Reason:System.IO.FileNotFoundException: Could not load file or assembly 'Microsoft.VisualStudio.TestPlatform.Fakes, Version=17.0.0.0, Culture=neutral, PublicKeyToken=null'. The system cannot find the file specified.
File name: 'Microsoft.VisualStudio.TestPlatform.Fakes, Version=17.0.0.0, Culture=neutral, PublicKeyToken=null'
   at System.Reflection.RuntimeAssembly.InternalLoad(ObjectHandleOnStack assemblyName, ObjectHandleOnStack requestingAssembly, StackCrawlMarkHandle stackMark, Boolean throwOnFileNotFound, ObjectHandleOnStack assemblyLoadContext, ObjectHandleOnStack retAssembly)
   at System.Reflection.RuntimeAssembly.InternalLoad(AssemblyName assemblyName, RuntimeAssembly requestingAssembly, StackCrawlMark& stackMark, Boolean throwOnFileNotFound, AssemblyLoadContext assemblyLoadContext)
   at System.Reflection.Assembly.Load(AssemblyName assemblyRef)
   at Microsoft.VisualStudio.TestPlatform.Common.Utilities.FakesUtilities.LoadTestPlatformAssembly()
TpTrace Verbose: 0 : 39744, 1, 2023/01/17, 21:18:49.941, 2435198008673, vstest.console.dll, TestPluginCache.DiscoverTestExtensions: finding test extensions in assemblies ends with: TestLogger.dll TPluginInfo: Microsoft.VisualStudio.TestPlatform.Common.ExtensionFramework.Utilities.TestLoggerPluginInformation TExtension: Microsoft.VisualStudio.TestPlatform.ObjectModel.Client.ITestLogger
TpTrace Verbose: 0 : 39744, 1, 2023/01/17, 21:18:49.941, 2435198010163, vstest.console.dll, TestPluginCache.GetExtensionPaths: Filtered extension paths: 
TpTrace Verbose: 0 : 39744, 1, 2023/01/17, 21:18:49.941, 2435198010432, vstest.console.dll, TestPluginCache.GetExtensionPaths: Added default extension paths: C:\Program Files\dotnet\sdk\6.0.402\Extensions\Microsoft.Diagnostics.NETCore.Client.dll
C:\Program Files\dotnet\sdk\6.0.402\Extensions\Microsoft.TestPlatform.Extensions.BlameDataCollector.dll
C:\Program Files\dotnet\sdk\6.0.402\Extensions\Microsoft.TestPlatform.Extensions.EventLogCollector.dll
C:\Program Files\dotnet\sdk\6.0.402\Extensions\Microsoft.TestPlatform.TestHostRuntimeProvider.dll
C:\Program Files\dotnet\sdk\6.0.402\Extensions\Microsoft.VisualStudio.TestPlatform.Extensions.Html.TestLogger.dll
C:\Program Files\dotnet\sdk\6.0.402\Extensions\Microsoft.VisualStudio.TestPlatform.Extensions.Trx.TestLogger.dll
TpTrace Verbose: 0 : 39744, 1, 2023/01/17, 21:18:49.941, 2435198010636, vstest.console.dll, TestPluginCache.GetExtensionPaths: Added unfilterableExtensionPaths: 
TpTrace Information: 0 : 39744, 1, 2023/01/17, 21:18:49.942, 2435198011882, vstest.console.dll, AssemblyResolver.AddSearchDirectories: Adding more searchDirectories C:\Program Files\dotnet\sdk\6.0.402\Extensions,C:\Program Files\dotnet\sdk\6.0.402
TpTrace Verbose: 0 : 39744, 1, 2023/01/17, 21:18:49.942, 2435198012217, vstest.console.dll, TestPluginCache.DiscoverTestExtensions: Discovering the extensions using extension path.
TpTrace Verbose: 0 : 39744, 1, 2023/01/17, 21:18:49.942, 2435198012493, vstest.console.dll, TestPluginCache.GetExtensionPaths: Filtered extension paths: 
TpTrace Verbose: 0 : 39744, 1, 2023/01/17, 21:18:49.942, 2435198013007, vstest.console.dll, TestPluginCache.GetExtensionPaths: Added default extension paths: C:\Program Files\dotnet\sdk\6.0.402\Extensions\Microsoft.Diagnostics.NETCore.Client.dll
C:\Program Files\dotnet\sdk\6.0.402\Extensions\Microsoft.TestPlatform.Extensions.BlameDataCollector.dll
C:\Program Files\dotnet\sdk\6.0.402\Extensions\Microsoft.TestPlatform.Extensions.EventLogCollector.dll
C:\Program Files\dotnet\sdk\6.0.402\Extensions\Microsoft.TestPlatform.TestHostRuntimeProvider.dll
C:\Program Files\dotnet\sdk\6.0.402\Extensions\Microsoft.VisualStudio.TestPlatform.Extensions.Html.TestLogger.dll
C:\Program Files\dotnet\sdk\6.0.402\Extensions\Microsoft.VisualStudio.TestPlatform.Extensions.Trx.TestLogger.dll
TpTrace Verbose: 0 : 39744, 1, 2023/01/17, 21:18:49.942, 2435198013596, vstest.console.dll, TestPluginCache.GetExtensionPaths: Added unfilterableExtensionPaths: 
TpTrace Verbose: 0 : 39744, 1, 2023/01/17, 21:18:49.942, 2435198013931, vstest.console.dll, TestPluginCache.DiscoverTestExtensions: Discovering the extensions using allExtensionPaths: C:\Program Files\dotnet\sdk\6.0.402\Extensions\Microsoft.Diagnostics.NETCore.Client.dll
C:\Program Files\dotnet\sdk\6.0.402\Extensions\Microsoft.TestPlatform.Extensions.BlameDataCollector.dll
C:\Program Files\dotnet\sdk\6.0.402\Extensions\Microsoft.TestPlatform.Extensions.EventLogCollector.dll
C:\Program Files\dotnet\sdk\6.0.402\Extensions\Microsoft.TestPlatform.TestHostRuntimeProvider.dll
C:\Program Files\dotnet\sdk\6.0.402\Extensions\Microsoft.VisualStudio.TestPlatform.Extensions.Html.TestLogger.dll
C:\Program Files\dotnet\sdk\6.0.402\Extensions\Microsoft.VisualStudio.TestPlatform.Extensions.Trx.TestLogger.dll
TpTrace Information: 0 : 39744, 1, 2023/01/17, 21:18:49.942, 2435198014319, vstest.console.dll, AssemblyResolver.AddSearchDirectories: Adding more searchDirectories C:\Program Files\dotnet\sdk\6.0.402\Extensions,C:\Program Files\dotnet\sdk\6.0.402
TpTrace Information: 0 : 39744, 1, 2023/01/17, 21:18:49.942, 2435198014608, vstest.console.dll, AssemblyResolver.AddSearchDirectories: Adding more searchDirectories C:\Program Files\dotnet\sdk\6.0.402\Extensions,C:\Program Files\dotnet\sdk\6.0.402
TpTrace Information: 0 : 39744, 1, 2023/01/17, 21:18:49.942, 2435198014817, vstest.console.dll, AssemblyResolver.AddSearchDirectories: Adding more searchDirectories C:\Program Files\dotnet\sdk\6.0.402\Extensions,C:\Program Files\dotnet\sdk\6.0.402
TpTrace Information: 0 : 39744, 1, 2023/01/17, 21:18:49.942, 2435198015016, vstest.console.dll, AssemblyResolver.AddSearchDirectories: Adding more searchDirectories C:\Program Files\dotnet\sdk\6.0.402\Extensions,C:\Program Files\dotnet\sdk\6.0.402
TpTrace Information: 0 : 39744, 1, 2023/01/17, 21:18:49.942, 2435198015282, vstest.console.dll, AssemblyResolver.AddSearchDirectories: Adding more searchDirectories C:\Program Files\dotnet\sdk\6.0.402\Extensions,C:\Program Files\dotnet\sdk\6.0.402
TpTrace Information: 0 : 39744, 1, 2023/01/17, 21:18:49.942, 2435198015502, vstest.console.dll, AssemblyResolver.AddSearchDirectories: Adding more searchDirectories C:\Program Files\dotnet\sdk\6.0.402\Extensions,C:\Program Files\dotnet\sdk\6.0.402
TpTrace Verbose: 0 : 39744, 1, 2023/01/17, 21:18:49.942, 2435198016446, vstest.console.dll, MetadataReaderExtensionsHelper: Discovering extensions inside assembly 'Microsoft.Diagnostics.NETCore.Client, Version=0.2.5.801, Culture=neutral, PublicKeyToken=31bf3856ad364e35' file path 'C:\Program Files\dotnet\sdk\6.0.402\Extensions\Microsoft.Diagnostics.NETCore.Client.dll'
TpTrace Information: 0 : 39744, 1, 2023/01/17, 21:18:49.942, 2435198019209, vstest.console.dll, AssemblyResolver.OnResolve: Microsoft.Bcl.AsyncInterfaces: Resolving assembly.
TpTrace Information: 0 : 39744, 1, 2023/01/17, 21:18:49.942, 2435198019518, vstest.console.dll, AssemblyResolver.OnResolve: Microsoft.Bcl.AsyncInterfaces: Resolved from cache.
TpTrace Verbose: 0 : 39744, 1, 2023/01/17, 21:18:49.942, 2435198019742, vstest.console.dll, CurrentDomainAssemblyResolve: Resolving assembly 'Microsoft.Bcl.AsyncInterfaces'.
TpTrace Information: 0 : 39744, 1, 2023/01/17, 21:18:49.942, 2435198020138, vstest.console.dll, AssemblyResolver.OnResolve: Microsoft.Bcl.AsyncInterfaces: Resolving assembly.
TpTrace Information: 0 : 39744, 1, 2023/01/17, 21:18:49.942, 2435198020338, vstest.console.dll, AssemblyResolver.OnResolve: Microsoft.Bcl.AsyncInterfaces: Resolved from cache.
TpTrace Verbose: 0 : 39744, 1, 2023/01/17, 21:18:49.942, 2435198020533, vstest.console.dll, CurrentDomainAssemblyResolve: Resolving assembly 'Microsoft.Bcl.AsyncInterfaces'.
TpTrace Verbose: 0 : 39744, 1, 2023/01/17, 21:18:49.943, 2435198020802, vstest.console.dll, CurrentDomainAssemblyResolve: Failed to resolve assembly 'Microsoft.Bcl.AsyncInterfaces'.
TpTrace Verbose: 0 : 39744, 1, 2023/01/17, 21:18:49.943, 2435198022140, vstest.console.dll, CurrentDomainAssemblyResolve: Failed to resolve assembly 'Microsoft.Bcl.AsyncInterfaces'.
TpTrace Warning: 0 : 39744, 1, 2023/01/17, 21:18:49.943, 2435198027814, vstest.console.dll, TestPluginDiscoverer: Failed to get types from assembly 'Microsoft.Diagnostics.NETCore.Client, Version=0.2.5.801, Culture=neutral, PublicKeyToken=31bf3856ad364e35'. Error: System.Reflection.ReflectionTypeLoadException: Unable to load one or more of the requested types.
Could not load file or assembly 'Microsoft.Bcl.AsyncInterfaces, Version=1.0.0.0, Culture=neutral, PublicKeyToken=cc7b13ffcd2ddd51'. The system cannot find the file specified.
   at System.Reflection.RuntimeModule.GetTypes(RuntimeModule module)
   at System.Reflection.Assembly.GetTypes()
   at Microsoft.VisualStudio.TestPlatform.Common.ExtensionFramework.TestPluginDiscoverer.GetTestExtensionsFromAssembly[TPluginInfo,TExtension](Assembly assembly, Dictionary`2 pluginInfos, String filePath)
System.IO.FileNotFoundException: Could not load file or assembly 'Microsoft.Bcl.AsyncInterfaces, Version=1.0.0.0, Culture=neutral, PublicKeyToken=cc7b13ffcd2ddd51'. The system cannot find the file specified.
File name: 'Microsoft.Bcl.AsyncInterfaces, Version=1.0.0.0, Culture=neutral, PublicKeyToken=cc7b13ffcd2ddd51'
 ---> System.IO.FileNotFoundException: Could not load file or assembly 'Microsoft.Bcl.AsyncInterfaces, Culture=neutral, PublicKeyToken=null'. The system cannot find the file specified.
File name: 'Microsoft.Bcl.AsyncInterfaces, Culture=neutral, PublicKeyToken=null'
   at System.Reflection.RuntimeAssembly.InternalLoad(ObjectHandleOnStack assemblyName, ObjectHandleOnStack requestingAssembly, StackCrawlMarkHandle stackMark, Boolean throwOnFileNotFound, ObjectHandleOnStack assemblyLoadContext, ObjectHandleOnStack retAssembly)
   at System.Reflection.RuntimeAssembly.InternalLoad(AssemblyName assemblyName, RuntimeAssembly requestingAssembly, StackCrawlMark& stackMark, Boolean throwOnFileNotFound, AssemblyLoadContext assemblyLoadContext)
   at System.Reflection.Assembly.Load(AssemblyName assemblyRef)
   at Microsoft.VisualStudio.TestPlatform.Common.ExtensionFramework.TestPluginCache.CurrentDomainAssemblyResolve(Object sender, AssemblyResolveEventArgs args)
   at Microsoft.VisualStudio.TestPlatform.PlatformAbstractions.PlatformAssemblyResolver.AssemblyResolverEvent(Object sender, Object eventArgs)
   at System.Runtime.Loader.AssemblyLoadContext.GetFirstResolvedAssemblyFromResolvingEvent(AssemblyName assemblyName)
   at System.Runtime.Loader.AssemblyLoadContext.ResolveUsingEvent(AssemblyName assemblyName)
   at System.Runtime.Loader.AssemblyLoadContext.ResolveUsingResolvingEvent(IntPtr gchManagedAssemblyLoadContext, AssemblyName assemblyName)
TpTrace Warning: 0 : 39744, 1, 2023/01/17, 21:18:49.943, 2435198029430, vstest.console.dll, LoaderExceptions: System.IO.FileNotFoundException: Could not load file or assembly 'Microsoft.Bcl.AsyncInterfaces, Version=1.0.0.0, Culture=neutral, PublicKeyToken=cc7b13ffcd2ddd51'. The system cannot find the file specified.
File name: 'Microsoft.Bcl.AsyncInterfaces, Version=1.0.0.0, Culture=neutral, PublicKeyToken=cc7b13ffcd2ddd51'
 ---> System.IO.FileNotFoundException: Could not load file or assembly 'Microsoft.Bcl.AsyncInterfaces, Culture=neutral, PublicKeyToken=null'. The system cannot find the file specified.
File name: 'Microsoft.Bcl.AsyncInterfaces, Culture=neutral, PublicKeyToken=null'
   at System.Reflection.RuntimeAssembly.InternalLoad(ObjectHandleOnStack assemblyName, ObjectHandleOnStack requestingAssembly, StackCrawlMarkHandle stackMark, Boolean throwOnFileNotFound, ObjectHandleOnStack assemblyLoadContext, ObjectHandleOnStack retAssembly)
   at System.Reflection.RuntimeAssembly.InternalLoad(AssemblyName assemblyName, RuntimeAssembly requestingAssembly, StackCrawlMark& stackMark, Boolean throwOnFileNotFound, AssemblyLoadContext assemblyLoadContext)
   at System.Reflection.Assembly.Load(AssemblyName assemblyRef)
   at Microsoft.VisualStudio.TestPlatform.Common.ExtensionFramework.TestPluginCache.CurrentDomainAssemblyResolve(Object sender, AssemblyResolveEventArgs args)
   at Microsoft.VisualStudio.TestPlatform.PlatformAbstractions.PlatformAssemblyResolver.AssemblyResolverEvent(Object sender, Object eventArgs)
   at System.Runtime.Loader.AssemblyLoadContext.GetFirstResolvedAssemblyFromResolvingEvent(AssemblyName assemblyName)
   at System.Runtime.Loader.AssemblyLoadContext.ResolveUsingEvent(AssemblyName assemblyName)
   at System.Runtime.Loader.AssemblyLoadContext.ResolveUsingResolvingEvent(IntPtr gchManagedAssemblyLoadContext, AssemblyName assemblyName)
TpTrace Verbose: 0 : 39744, 1, 2023/01/17, 21:18:49.943, 2435198030619, vstest.console.dll, MetadataReaderExtensionsHelper: Discovering extensions inside assembly 'Microsoft.TestPlatform.Extensions.BlameDataCollector, Version=15.0.0.0, Culture=neutral, PublicKeyToken=b03f5f7f11d50a3a' file path 'C:\Program Files\dotnet\sdk\6.0.402\Extensions\Microsoft.TestPlatform.Extensions.BlameDataCollector.dll'
TpTrace Information: 0 : 39744, 1, 2023/01/17, 21:18:49.944, 2435198033416, vstest.console.dll, GetTestExtensionFromType: Register extension with identifier data 'logger://Microsoft/TestPlatform/Extensions/Blame/v1' and type 'Microsoft.TestPlatform.Extensions.BlameDataCollector.BlameLogger, Microsoft.TestPlatform.Extensions.BlameDataCollector, Version=15.0.0.0, Culture=neutral, PublicKeyToken=b03f5f7f11d50a3a' inside file 'C:\Program Files\dotnet\sdk\6.0.402\Extensions\Microsoft.TestPlatform.Extensions.BlameDataCollector.dll'
TpTrace Verbose: 0 : 39744, 1, 2023/01/17, 21:18:49.944, 2435198033867, vstest.console.dll, MetadataReaderExtensionsHelper: Discovering extensions inside assembly 'Microsoft.TestPlatform.Extensions.EventLogCollector, Version=15.0.0.0, Culture=neutral, PublicKeyToken=b03f5f7f11d50a3a' file path 'C:\Program Files\dotnet\sdk\6.0.402\Extensions\Microsoft.TestPlatform.Extensions.EventLogCollector.dll'
TpTrace Verbose: 0 : 39744, 1, 2023/01/17, 21:18:49.944, 2435198035651, vstest.console.dll, MetadataReaderExtensionsHelper: Discovering extensions inside assembly 'Microsoft.TestPlatform.TestHostRuntimeProvider, Version=15.0.0.0, Culture=neutral, PublicKeyToken=b03f5f7f11d50a3a' file path 'C:\Program Files\dotnet\sdk\6.0.402\Extensions\Microsoft.TestPlatform.TestHostRuntimeProvider.dll'
TpTrace Verbose: 0 : 39744, 1, 2023/01/17, 21:18:49.944, 2435198037629, vstest.console.dll, MetadataReaderExtensionsHelper: Discovering extensions inside assembly 'Microsoft.VisualStudio.TestPlatform.Extensions.Html.TestLogger, Version=15.0.0.0, Culture=neutral, PublicKeyToken=b03f5f7f11d50a3a' file path 'C:\Program Files\dotnet\sdk\6.0.402\Extensions\Microsoft.VisualStudio.TestPlatform.Extensions.Html.TestLogger.dll'
TpTrace Information: 0 : 39744, 1, 2023/01/17, 21:18:49.944, 2435198040059, vstest.console.dll, GetTestExtensionFromType: Register extension with identifier data 'logger://Microsoft/TestPlatform/HtmlLogger/v1' and type 'Microsoft.VisualStudio.TestPlatform.Extensions.HtmlLogger.HtmlLogger, Microsoft.VisualStudio.TestPlatform.Extensions.Html.TestLogger, Version=15.0.0.0, Culture=neutral, PublicKeyToken=b03f5f7f11d50a3a' inside file 'C:\Program Files\dotnet\sdk\6.0.402\Extensions\Microsoft.VisualStudio.TestPlatform.Extensions.Html.TestLogger.dll'
TpTrace Verbose: 0 : 39744, 1, 2023/01/17, 21:18:49.944, 2435198040566, vstest.console.dll, MetadataReaderExtensionsHelper: Discovering extensions inside assembly 'Microsoft.VisualStudio.TestPlatform.Extensions.Trx.TestLogger, Version=15.0.0.0, Culture=neutral, PublicKeyToken=b03f5f7f11d50a3a' file path 'C:\Program Files\dotnet\sdk\6.0.402\Extensions\Microsoft.VisualStudio.TestPlatform.Extensions.Trx.TestLogger.dll'
TpTrace Information: 0 : 39744, 1, 2023/01/17, 21:18:49.945, 2435198044061, vstest.console.dll, GetTestExtensionFromType: Register extension with identifier data 'logger://Microsoft/TestPlatform/TrxLogger/v1' and type 'Microsoft.VisualStudio.TestPlatform.Extensions.TrxLogger.TrxLogger, Microsoft.VisualStudio.TestPlatform.Extensions.Trx.TestLogger, Version=15.0.0.0, Culture=neutral, PublicKeyToken=b03f5f7f11d50a3a' inside file 'C:\Program Files\dotnet\sdk\6.0.402\Extensions\Microsoft.VisualStudio.TestPlatform.Extensions.Trx.TestLogger.dll'
TpTrace Verbose: 0 : 39744, 1, 2023/01/17, 21:18:49.945, 2435198044962, vstest.console.dll, TestPluginCache: Discovered the extensions using extension path ''.
TpTrace Verbose: 0 : 39744, 1, 2023/01/17, 21:18:49.945, 2435198045407, vstest.console.dll, TestPluginCache: Discoverers are ''.
TpTrace Verbose: 0 : 39744, 1, 2023/01/17, 21:18:49.945, 2435198045807, vstest.console.dll, TestPluginCache: Executors are ''.
TpTrace Verbose: 0 : 39744, 1, 2023/01/17, 21:18:49.945, 2435198046322, vstest.console.dll, TestPluginCache: Executors2 are ''.
TpTrace Verbose: 0 : 39744, 1, 2023/01/17, 21:18:49.945, 2435198046647, vstest.console.dll, TestPluginCache: Setting providers are ''.
TpTrace Verbose: 0 : 39744, 1, 2023/01/17, 21:18:49.945, 2435198047404, vstest.console.dll, TestPluginCache: Loggers are 'logger://Microsoft/TestPlatform/Extensions/Blame/v1,logger://Microsoft/TestPlatform/HtmlLogger/v1,logger://Microsoft/TestPlatform/TrxLogger/v1'.
TpTrace Verbose: 0 : 39744, 1, 2023/01/17, 21:18:49.945, 2435198047952, vstest.console.dll, TestPluginCache: TestHosts are 'HostProvider://DefaultTestHost,HostProvider://DotnetTestHost'.
TpTrace Verbose: 0 : 39744, 1, 2023/01/17, 21:18:49.945, 2435198048268, vstest.console.dll, TestPluginCache: DataCollectors are ''.
TpTrace Information: 0 : 39744, 1, 2023/01/17, 21:18:49.946, 2435198056801, vstest.console.dll, TestPluginManager.CreateTestExtension: Attempting to load test extension: Microsoft.TestPlatform.Extensions.BlameDataCollector.BlameLogger
TpTrace Verbose: 0 : 39744, 1, 2023/01/17, 21:18:49.950, 2435198099600, vstest.console.dll, TestEngine: Initializing Parallel Execution as MaxCpuCount is set to: 1
TpTrace Information: 0 : 39744, 1, 2023/01/17, 21:18:49.952, 2435198111368, vstest.console.dll, TestPluginManager.CreateTestExtension: Attempting to load test extension: Microsoft.VisualStudio.TestPlatform.CrossPlatEngine.Hosting.DefaultTestHostManager
TpTrace Information: 0 : 39744, 1, 2023/01/17, 21:18:49.952, 2435198119067, vstest.console.dll, TestPluginManager.CreateTestExtension: Attempting to load test extension: Microsoft.VisualStudio.TestPlatform.CrossPlatEngine.Hosting.DotnetTestHostManager
TpTrace Information: 0 : 39744, 1, 2023/01/17, 21:18:49.953, 2435198126173, vstest.console.dll, InferRunSettingsHelper.IsTestSettingsEnabled: Unable to navigate to RunSettings/MSTest. Current node: RunSettings
TpTrace Verbose: 0 : 39744, 1, 2023/01/17, 21:18:49.957, 2435198169348, vstest.console.dll, TestEngine.GetExecutionManager: Chosen execution manager 'Microsoft.VisualStudio.TestPlatform.CrossPlatEngine.Client.Parallel.ParallelProxyExecutionManager, Microsoft.TestPlatform.CrossPlatEngine, Version=15.0.0.0, Culture=neutral, PublicKeyToken=b03f5f7f11d50a3a' ParallelLevel '1'.
TpTrace Verbose: 0 : 39744, 1, 2023/01/17, 21:18:49.957, 2435198170222, vstest.console.dll, TestRunRequest.ExecuteAsync: Creating test run request.
TpTrace Verbose: 0 : 39744, 1, 2023/01/17, 21:18:49.958, 2435198171931, vstest.console.dll, TestRunRequest.ExecuteAsync: Starting.
TpTrace Information: 0 : 39744, 1, 2023/01/17, 21:18:49.958, 2435198174301, vstest.console.dll, TestRunRequest.ExecuteAsync: Starting run with settings:TestRunCriteria:
   KeepAlive=False,FrequencyOfRunStatsChangeEvent=10,RunStatsChangeEventTimeout=00:00:01.5000000,TestCaseFilter=,TestExecutorLauncher=
   Settingsxml=<RunSettings>
  <RunConfiguration>
    <ResultsDirectory>D:\HOKAIDO\KPI\5 SEM\.NET Web\ProductStorage\ProductsStorage.Tests\bin\Debug\net5.0\fine-code-coverage\coverage-tool-output</ResultsDirectory>
    <TargetPlatform>X64</TargetPlatform>
    <TargetFrameworkVersion>.NETCoreApp,Version=v5.0</TargetFrameworkVersion>
    <DesignMode>False</DesignMode>
    <CollectSourceInformation>False</CollectSourceInformation>
  </RunConfiguration>
  <LoggerRunSettings>
    <Loggers>
      <Logger friendlyName="blame" enabled="True" />
      <Logger friendlyName="Console" uri="logger://microsoft/TestPlatform/ConsoleLogger/v1" assemblyQualifiedName="Microsoft.VisualStudio.TestPlatform.CommandLine.Internal.ConsoleLogger, vstest.console, Version=15.0.0.0, Culture=neutral, PublicKeyToken=b03f5f7f11d50a3a" codeBase="C:\Program Files\dotnet\sdk\6.0.402\vstest.console.dll" enabled="True" />
    </Loggers>
  </LoggerRunSettings>
  <DataCollectionRunSettings>
    <DataCollectors>
      <DataCollector friendlyName="blame" enabled="True">
        <Configuration>
          <ResultsDirectory>D:\HOKAIDO\KPI\5 SEM\.NET Web\ProductStorage\ProductsStorage.Tests\bin\Debug\net5.0\fine-code-coverage\coverage-tool-output</ResultsDirectory>
        </Configuration>
      </DataCollector>
    </DataCollectors>
  </DataCollectionRunSettings>
</RunSettings>

TpTrace Verbose: 0 : 39744, 1, 2023/01/17, 21:18:49.958, 2435198174756, vstest.console.dll, TestRunRequest.ExecuteAsync: Wait for the first run request is over.
TpTrace Verbose: 0 : 39744, 1, 2023/01/17, 21:18:49.958, 2435198177551, vstest.console.dll, MulticastDelegateUtilities.SafeInvoke: TestRun.TestRunStart: Invoking callbacks was skipped because there are no subscribers.
TpTrace Verbose: 0 : 39744, 4, 2023/01/17, 21:18:49.958, 2435198179856, vstest.console.dll, MulticastDelegateUtilities.SafeInvoke: InternalTestLoggerEvents.SendTestRunStart: Invoking callback 1/1 for Microsoft.VisualStudio.TestPlatform.CommandLine.Internal.ConsoleLogger.TestRunStartHandler, took 0 ms.
TpTrace Verbose: 0 : 39744, 1, 2023/01/17, 21:18:49.959, 2435198185749, vstest.console.dll, ParallelProxyExecutionManager: Start execution. Total sources: 1
TpTrace Verbose: 0 : 39744, 1, 2023/01/17, 21:18:49.960, 2435198199574, vstest.console.dll, TestRequestSender is acting as server.
TpTrace Verbose: 0 : 39744, 1, 2023/01/17, 21:18:49.961, 2435198210216, vstest.console.dll, DataCollectionRequestSender.InitializeCommunication : Initialize communication. 
TpTrace Information: 0 : 39744, 1, 2023/01/17, 21:18:49.966, 2435198254775, vstest.console.dll, Listening on Endpoint : 127.0.0.1:64346
TpTrace Verbose: 0 : 39744, 1, 2023/01/17, 21:18:49.974, 2435198330987, vstest.console.dll, DotnetDataCollectionLauncher: Adding  --runtimeconfig "C:\Program Files\dotnet\sdk\6.0.402\datacollector.runtimeconfig.json" in args
TpTrace Verbose: 0 : 39744, 1, 2023/01/17, 21:18:49.974, 2435198331782, vstest.console.dll, DotnetDataCollectionLauncher: Adding  --depsfile "C:\Program Files\dotnet\sdk\6.0.402\datacollector.deps.json" in args
TpTrace Verbose: 0 : 39744, 1, 2023/01/17, 21:18:49.974, 2435198332749, vstest.console.dll, DotnetDataCollectionLauncher: Full path of dotnet.exe is C:\Program Files\dotnet\dotnet.exe
TpTrace Information: 0 : 39744, 1, 2023/01/17, 21:18:49.983, 2435198428068, vstest.console.dll, ProxyDataCollectionManager.Initialize: Launched datacollector processId: 27672 port: 64346
TpTrace Information: 0 : 39744, 1, 2023/01/17, 21:18:49.983, 2435198429768, vstest.console.dll, ProxyDataCollectionManager.Initialize: waiting for connection with timeout: 90 seconds
TpTrace Verbose: 0 : 39744, 1, 2023/01/17, 21:18:49.983, 2435198430708, vstest.console.dll, DataCollectionRequestSender.WaitForRequestHandlerConnection : Waiting for connection with timeout: 90000
TpTrace Information: 0 : 39744, 5, 2023/01/17, 21:18:50.126, 2435199853220, vstest.console.dll, Using the buffer size of 16384 bytes
TpTrace Verbose: 0 : 39744, 1, 2023/01/17, 21:18:50.126, 2435199853402, vstest.console.dll, SocketCommunicationManager.WaitForClientConnection took: 142 ms, with 90000 ms timeout, and finished with True.
TpTrace Information: 0 : 39744, 5, 2023/01/17, 21:18:50.126, 2435199854425, vstest.console.dll, Accepted Client request and set the flag
TpTrace Verbose: 0 : 39744, 1, 2023/01/17, 21:18:50.126, 2435199856103, vstest.console.dll, ProxyDataCollectionManager.InvokeDataCollectionServiceAction: Starting.
TpTrace Information: 0 : 39744, 1, 2023/01/17, 21:18:50.126, 2435199857748, vstest.console.dll, ProxyDataCollectionManager.BeforeTestRunStart: Get environment variable and port for datacollector processId: 27672 port: 64346
TpTrace Verbose: 0 : 39744, 1, 2023/01/17, 21:18:50.126, 2435199860030, vstest.console.dll, DataCollectionRequestSender.SendBeforeTestRunStartAndGetResult: Send BeforeTestRunStart message with settingsXml <RunSettings><RunConfiguration><ResultsDirectory>D:\HOKAIDO\KPI\5 SEM\.NET Web\ProductStorage\ProductsStorage.Tests\bin\Debug\net5.0\fine-code-coverage\coverage-tool-output</ResultsDirectory><TargetPlatform>X64</TargetPlatform><TargetFrameworkVersion>.NETCoreApp,Version=v5.0</TargetFrameworkVersion><DesignMode>False</DesignMode><CollectSourceInformation>False</CollectSourceInformation><TestAdaptersPaths>C:\Program Files\dotnet\sdk\6.0.402\Extensions</TestAdaptersPaths></RunConfiguration><LoggerRunSettings><Loggers><Logger friendlyName="blame" enabled="True" /><Logger friendlyName="Console" uri="logger://microsoft/TestPlatform/ConsoleLogger/v1" assemblyQualifiedName="Microsoft.VisualStudio.TestPlatform.CommandLine.Internal.ConsoleLogger, vstest.console, Version=15.0.0.0, Culture=neutral, PublicKeyToken=b03f5f7f11d50a3a" codeBase="C:\Program Files\dotnet\sdk\6.0.402\vstest.console.dll" enabled="True" /></Loggers></LoggerRunSettings><DataCollectionRunSettings><DataCollectors><DataCollector friendlyName="blame" enabled="True"><Configuration><ResultsDirectory>D:\HOKAIDO\KPI\5 SEM\.NET Web\ProductStorage\ProductsStorage.Tests\bin\Debug\net5.0\fine-code-coverage\coverage-tool-output</ResultsDirectory></Configuration></DataCollector></DataCollectors></DataCollectionRunSettings></RunSettings> and sources System.Collections.Generic.List`1[System.String]: 
TpTrace Verbose: 0 : 39744, 1, 2023/01/17, 21:18:50.195, 2435200544261, vstest.console.dll, DataCollectionRequestSender.SendBeforeTestRunStartAndGetResult: Received message: (DataCollection.SendMessage) -> {"MessageType":"DataCollection.SendMessage","Payload":{"FriendlyName":null,"Uri":null,"TestCaseId":"00000000-0000-0000-0000-000000000000","Message":"Logging DataCollector Diagnostics in file: D:\\HOKAIDO\\KPI\\5 SEM\\.NET Web\\ProductStorage\\ProductsStorage.Tests\\bin\\Debug\\net5.0\\fine-code-coverage\\coverage-tool-output\\diagnostics.datacollector.23-01-17_21-18-49_97359_1.log","Level":0}}
TpTrace Verbose: 0 : 39744, 1, 2023/01/17, 21:18:50.266, 2435201259940, vstest.console.dll, DataCollectionRequestSender.SendBeforeTestRunStartAndGetResult: Received message: (DataCollection.BeforeTestRunStartResult) -> {"MessageType":"DataCollection.BeforeTestRunStartResult","Payload":{"EnvironmentVariables":{},"DataCollectionEventsPort":64348}}
TpTrace Information: 0 : 39744, 1, 2023/01/17, 21:18:50.272, 2435201313013, vstest.console.dll, ProxyDataCollectionManager.BeforeTestRunStart: SendBeforeTestRunStartAndGetResult successful, env variable from datacollector:   and testhost port: 64348
TpTrace Information: 0 : 39744, 1, 2023/01/17, 21:18:50.272, 2435201313755, vstest.console.dll, ProxyDataCollectionManager.InvokeDataCollectionServiceAction: Completed.
TpTrace Verbose: 0 : 39744, 7, 2023/01/17, 21:18:50.272, 2435201314934, vstest.console.dll, ParallelProxyExecutionManager: Execution started. Started clients: 1
TpTrace Verbose: 0 : 39744, 1, 2023/01/17, 21:18:50.272, 2435201315409, vstest.console.dll, ProxyParallelExecutionManager: No sources available for execution.
TpTrace Information: 0 : 39744, 1, 2023/01/17, 21:18:50.272, 2435201315911, vstest.console.dll, TestRunRequest.ExecuteAsync: Started.
TpTrace Verbose: 0 : 39744, 1, 2023/01/17, 21:18:50.272, 2435201316456, vstest.console.dll, TestRunRequest.WaitForCompletion: Waiting with timeout -1.
TpTrace Verbose: 0 : 39744, 7, 2023/01/17, 21:18:50.272, 2435201317145, vstest.console.dll, TestRunRequest:SendTestRunMessage: Starting.
TpTrace Verbose: 0 : 39744, 7, 2023/01/17, 21:18:50.272, 2435201318465, vstest.console.dll, MulticastDelegateUtilities.SafeInvoke: TestRun.LogMessages: Invoking callback 1/1 for Microsoft.VisualStudio.TestPlatform.CommandLine.TestRunResultAggregator.TestRunMessageHandler, took 0 ms.
TpTrace Information: 0 : 39744, 7, 2023/01/17, 21:18:50.272, 2435201318955, vstest.console.dll, TestRunRequest:SendTestRunMessage: Completed.
TpTrace Verbose: 0 : 39744, 4, 2023/01/17, 21:18:50.272, 2435201318460, vstest.console.dll, MulticastDelegateUtilities.SafeInvoke: InternalTestLoggerEvents.SendTestRunMessage: Invoking callback 1/1 for Microsoft.VisualStudio.TestPlatform.CommandLine.Internal.ConsoleLogger.TestMessageHandler, took 0 ms.
TpTrace Verbose: 0 : 39744, 7, 2023/01/17, 21:18:50.273, 2435201321433, vstest.console.dll, ProxyExecutionManager: Test host is always Lazy initialize.
TpTrace Verbose: 0 : 39744, 7, 2023/01/17, 21:18:50.273, 2435201323322, vstest.console.dll, TestRequestSender.InitializeCommunication: initialize communication. 
TpTrace Information: 0 : 39744, 7, 2023/01/17, 21:18:50.273, 2435201327465, vstest.console.dll, SocketServer.Start: Listening on endpoint : 127.0.0.1:64349
TpTrace Verbose: 0 : 39744, 7, 2023/01/17, 21:18:50.274, 2435201332450, vstest.console.dll, DotnetTestHostmanager.GetTestHostProcessStartInfo: Platform environment 'X64' target architecture 'X64' framework '.NETCoreApp,Version=v5.0' OS 'Windows'
TpTrace Verbose: 0 : 39744, 7, 2023/01/17, 21:18:50.274, 2435201333655, vstest.console.dll, DotnetTestHostmanager: Adding  --runtimeconfig "D:\HOKAIDO\KPI\5 SEM\.NET Web\ProductStorage\ProductsStorage.Tests\bin\Debug\net5.0\fine-code-coverage\build-output\ProductsStorage.Tests.runtimeconfig.json" in args
TpTrace Verbose: 0 : 39744, 7, 2023/01/17, 21:18:50.274, 2435201334115, vstest.console.dll, DotnetTestHostmanager: Adding  --depsfile "D:\HOKAIDO\KPI\5 SEM\.NET Web\ProductStorage\ProductsStorage.Tests\bin\Debug\net5.0\fine-code-coverage\build-output\ProductsStorage.Tests.deps.json" in args
TpTrace Verbose: 0 : 39744, 7, 2023/01/17, 21:18:50.274, 2435201335298, vstest.console.dll, DotnetTestHostmanager.IsWinOnArm: Current PROCESSOR_ARCHITECTURE from environment variable 'AMD64'
TpTrace Verbose: 0 : 39744, 7, 2023/01/17, 21:18:50.274, 2435201335727, vstest.console.dll, DotnetTestHostmanager.IsWinOnArm: Is Windows on ARM 'False'
TpTrace Verbose: 0 : 39744, 7, 2023/01/17, 21:18:50.274, 2435201336076, vstest.console.dll, DotnetTestHostManager: testhost.exe found at path: D:\HOKAIDO\KPI\5 SEM\.NET Web\ProductStorage\ProductsStorage.Tests\bin\Debug\net5.0\fine-code-coverage\build-output\testhost.exe
TpTrace Verbose: 0 : 39744, 7, 2023/01/17, 21:18:50.274, 2435201336502, vstest.console.dll, DotnetTestHostmanager: Full path of host exe is D:\HOKAIDO\KPI\5 SEM\.NET Web\ProductStorage\ProductsStorage.Tests\bin\Debug\net5.0\fine-code-coverage\build-output\testhost.exe
TpTrace Verbose: 0 : 39744, 7, 2023/01/17, 21:18:50.274, 2435201338654, vstest.console.dll, DotnetTestHostmanager.LaunchTestHostAsync: Found 'VSTEST_WINAPPHOST_DOTNET_ROOT' in env variables, value 'C:\Program Files\dotnet', forwarding to 'DOTNET_ROOT'
TpTrace Verbose: 0 : 39744, 7, 2023/01/17, 21:18:50.274, 2435201339805, vstest.console.dll, DotnetTestHostManager: Starting process 'D:\HOKAIDO\KPI\5 SEM\.NET Web\ProductStorage\ProductsStorage.Tests\bin\Debug\net5.0\fine-code-coverage\build-output\testhost.exe' with command line ' --runtimeconfig "D:\HOKAIDO\KPI\5 SEM\.NET Web\ProductStorage\ProductsStorage.Tests\bin\Debug\net5.0\fine-code-coverage\build-output\ProductsStorage.Tests.runtimeconfig.json" --depsfile "D:\HOKAIDO\KPI\5 SEM\.NET Web\ProductStorage\ProductsStorage.Tests\bin\Debug\net5.0\fine-code-coverage\build-output\ProductsStorage.Tests.deps.json" --port 64349 --endpoint 127.0.0.1:064349 --role client --parentprocessid 39744 --diag "D:\HOKAIDO\KPI\5 SEM\.NET Web\ProductStorage\ProductsStorage.Tests\bin\Debug\net5.0\fine-code-coverage\coverage-tool-output\diagnostics.host.23-01-17_21-18-50_27392_7.log" --tracelevel 4 --datacollectionport 64348 --telemetryoptedin false'
TpTrace Verbose: 0 : 39744, 7, 2023/01/17, 21:18:50.279, 2435201389589, vstest.console.dll, MulticastDelegateUtilities.SafeInvoke: HostProviderEvents.OnHostLaunched: Invoking callback 1/2 for Microsoft.VisualStudio.TestPlatform.CrossPlatEngine.Client.ProxyExecutionManagerWithDataCollection.TestHostLaunchedHandler, took 1 ms.
TpTrace Verbose: 0 : 39744, 7, 2023/01/17, 21:18:50.279, 2435201390678, vstest.console.dll, Test Runtime launched
TpTrace Verbose: 0 : 39744, 7, 2023/01/17, 21:18:50.280, 2435201391227, vstest.console.dll, MulticastDelegateUtilities.SafeInvoke: HostProviderEvents.OnHostLaunched: Invoking callback 2/2 for Microsoft.VisualStudio.TestPlatform.CrossPlatEngine.Client.ProxyOperationManager.TestHostManagerHostLaunched, took 0 ms.
TpTrace Verbose: 0 : 39744, 7, 2023/01/17, 21:18:50.280, 2435201392763, vstest.console.dll, TestRequestSender.WaitForRequestHandlerConnection: waiting for connection with timeout: 90000.
TpTrace Verbose: 0 : 39744, 13, 2023/01/17, 21:18:50.457, 2435203166097, vstest.console.dll, MulticastDelegateUtilities.SafeInvoke: SocketServer: ClientConnected: Invoking callback 1/1 for Microsoft.VisualStudio.TestPlatform.CommunicationUtilities.TestRequestSender.<InitializeCommunication>b__24_0, took 0 ms.
TpTrace Verbose: 0 : 39744, 7, 2023/01/17, 21:18:50.457, 2435203166276, vstest.console.dll, TestRequestSender.WaitForRequestHandlerConnection: waiting took 177 ms, with timeout 90000 ms, and result 0, which is success.
TpTrace Verbose: 0 : 39744, 13, 2023/01/17, 21:18:50.457, 2435203167346, vstest.console.dll, SocketServer.OnClientConnected: Client connected for endPoint: 127.0.0.1:64349, starting MessageLoopAsync:
TpTrace Verbose: 0 : 39744, 10, 2023/01/17, 21:18:50.458, 2435203172977, vstest.console.dll, TcpClientExtensions.MessageLoopAsync: Polling on remoteEndPoint: 127.0.0.1:64350 localEndPoint: 127.0.0.1:64349
TpTrace Verbose: 0 : 39744, 7, 2023/01/17, 21:18:50.458, 2435203176016, vstest.console.dll, TestRequestSender.CheckVersionWithTestHost: Sending check version message: {"MessageType":"ProtocolVersion","Payload":7}
TpTrace Verbose: 0 : 39744, 10, 2023/01/17, 21:18:50.603, 2435204630083, vstest.console.dll, TcpClientExtensions.MessageLoopAsync: NotifyDataAvailable remoteEndPoint: 127.0.0.1:64350 localEndPoint: 127.0.0.1:64349
TpTrace Verbose: 0 : 39744, 10, 2023/01/17, 21:18:50.604, 2435204632739, vstest.console.dll, TestRequestSender.CheckVersionWithTestHost: onMessageReceived received message: (ProtocolVersion) -> {"MessageType":"ProtocolVersion","Payload":5}
TpTrace Verbose: 0 : 39744, 10, 2023/01/17, 21:18:50.605, 2435204641819, vstest.console.dll, MulticastDelegateUtilities.SafeInvoke: LengthPrefixCommunicationChannel: MessageReceived: Invoking callback 1/1 for Microsoft.VisualStudio.TestPlatform.CommunicationUtilities.TestRequestSender+<>c__DisplayClass26_0.<CheckVersionWithTestHost>b__0, took 1 ms.
TpTrace Verbose: 0 : 39744, 7, 2023/01/17, 21:18:50.605, 2435204642456, vstest.console.dll, TestPluginCache.GetExtensionPaths: Filtered extension paths: 
TpTrace Verbose: 0 : 39744, 10, 2023/01/17, 21:18:50.605, 2435204642763, vstest.console.dll, TcpClientExtensions.MessageLoopAsync: Polling on remoteEndPoint: 127.0.0.1:64350 localEndPoint: 127.0.0.1:64349
TpTrace Verbose: 0 : 39744, 7, 2023/01/17, 21:18:50.605, 2435204643540, vstest.console.dll, TestPluginCache.GetExtensionPaths: Added default extension paths: C:\Program Files\dotnet\sdk\6.0.402\Extensions\Microsoft.Diagnostics.NETCore.Client.dll
C:\Program Files\dotnet\sdk\6.0.402\Extensions\Microsoft.TestPlatform.Extensions.BlameDataCollector.dll
C:\Program Files\dotnet\sdk\6.0.402\Extensions\Microsoft.TestPlatform.Extensions.EventLogCollector.dll
C:\Program Files\dotnet\sdk\6.0.402\Extensions\Microsoft.TestPlatform.TestHostRuntimeProvider.dll
C:\Program Files\dotnet\sdk\6.0.402\Extensions\Microsoft.VisualStudio.TestPlatform.Extensions.Html.TestLogger.dll
C:\Program Files\dotnet\sdk\6.0.402\Extensions\Microsoft.VisualStudio.TestPlatform.Extensions.Trx.TestLogger.dll
TpTrace Verbose: 0 : 39744, 7, 2023/01/17, 21:18:50.605, 2435204643893, vstest.console.dll, TestPluginCache.GetExtensionPaths: Added unfilterableExtensionPaths: 
TpTrace Verbose: 0 : 39744, 7, 2023/01/17, 21:18:50.608, 2435204676959, vstest.console.dll, TestRequestSender.InitializeExecution: Sending initialize execution with message: {"Version":5,"MessageType":"TestExecution.Initialize","Payload":["D:\\HOKAIDO\\KPI\\5 SEM\\.NET Web\\ProductStorage\\ProductsStorage.Tests\\bin\\Debug\\net5.0\\fine-code-coverage\\build-output\\Microsoft.VisualStudio.TestPlatform.MSTest.TestAdapter.dll"]}
TpTrace Warning: 0 : 39744, 7, 2023/01/17, 21:18:50.609, 2435204682077, vstest.console.dll, InferRunSettingsHelper.MakeRunsettingsCompatible: Removing the following settings: TargetPlatform from RunSettings file. To use those settings please move to latest version of Microsoft.NET.Test.Sdk
TpTrace Verbose: 0 : 39744, 10, 2023/01/17, 21:18:50.614, 2435204739549, vstest.console.dll, TcpClientExtensions.MessageLoopAsync: NotifyDataAvailable remoteEndPoint: 127.0.0.1:64350 localEndPoint: 127.0.0.1:64349
TpTrace Verbose: 0 : 39744, 10, 2023/01/17, 21:18:50.615, 2435204741233, vstest.console.dll, TestRequestSender.OnExecutionMessageReceived: Received message: {"Version":5,"MessageType":"TestSession.Message","Payload":{"MessageLevel":0,"Message":"Logging TestHost Diagnostics in file: D:\\HOKAIDO\\KPI\\5 SEM\\.NET Web\\ProductStorage\\ProductsStorage.Tests\\bin\\Debug\\net5.0\\fine-code-coverage\\coverage-tool-output\\diagnostics.host.23-01-17_21-18-50_27392_7.log"}}
TpTrace Verbose: 0 : 39744, 10, 2023/01/17, 21:18:50.617, 2435204767930, vstest.console.dll, TestRunRequest:SendTestRunMessage: Starting.
TpTrace Verbose: 0 : 39744, 10, 2023/01/17, 21:18:50.617, 2435204769240, vstest.console.dll, MulticastDelegateUtilities.SafeInvoke: TestRun.LogMessages: Invoking callback 1/1 for Microsoft.VisualStudio.TestPlatform.CommandLine.TestRunResultAggregator.TestRunMessageHandler, took 0 ms.
TpTrace Verbose: 0 : 39744, 4, 2023/01/17, 21:18:50.617, 2435204769482, vstest.console.dll, MulticastDelegateUtilities.SafeInvoke: InternalTestLoggerEvents.SendTestRunMessage: Invoking callback 1/1 for Microsoft.VisualStudio.TestPlatform.CommandLine.Internal.ConsoleLogger.TestMessageHandler, took 0 ms.
TpTrace Information: 0 : 39744, 10, 2023/01/17, 21:18:50.617, 2435204769633, vstest.console.dll, TestRunRequest:SendTestRunMessage: Completed.
TpTrace Verbose: 0 : 39744, 10, 2023/01/17, 21:18:50.618, 2435204770986, vstest.console.dll, MulticastDelegateUtilities.SafeInvoke: LengthPrefixCommunicationChannel: MessageReceived: Invoking callback 1/1 for Microsoft.VisualStudio.TestPlatform.CommunicationUtilities.TestRequestSender+<>c__DisplayClass31_0.<StartTestRun>b__1, took 3 ms.
TpTrace Verbose: 0 : 39744, 10, 2023/01/17, 21:18:50.618, 2435204771408, vstest.console.dll, TcpClientExtensions.MessageLoopAsync: Polling on remoteEndPoint: 127.0.0.1:64350 localEndPoint: 127.0.0.1:64349
TpTrace Verbose: 0 : 39744, 7, 2023/01/17, 21:18:50.621, 2435204804019, vstest.console.dll, TestRequestSender.StartTestRun: Sending test run with message: {"Version":5,"MessageType":"TestExecution.StartWithSources","Payload":{"AdapterSourceMap":{"_none_":["D:\\HOKAIDO\\KPI\\5 SEM\\.NET Web\\ProductStorage\\ProductsStorage.Tests\\bin\\Debug\\net5.0\\fine-code-coverage\\build-output\\ProductsStorage.Tests.dll"]},"RunSettings":"<RunSettings>\r\n  <RunConfiguration>\r\n    <ResultsDirectory>D:\\HOKAIDO\\KPI\\5 SEM\\.NET Web\\ProductStorage\\ProductsStorage.Tests\\bin\\Debug\\net5.0\\fine-code-coverage\\coverage-tool-output</ResultsDirectory>\r\n    <TargetFrameworkVersion>.NETCoreApp,Version=v5.0</TargetFrameworkVersion>\r\n    <DesignMode>False</DesignMode>\r\n    <CollectSourceInformation>False</CollectSourceInformation>\r\n  </RunConfiguration>\r\n  <LoggerRunSettings>\r\n    <Loggers>\r\n      <Logger friendlyName=\"blame\" enabled=\"True\" />\r\n      <Logger friendlyName=\"Console\" uri=\"logger://microsoft/TestPlatform/ConsoleLogger/v1\" assemblyQualifiedName=\"Microsoft.VisualStudio.TestPlatform.CommandLine.Internal.ConsoleLogger, vstest.console, Version=15.0.0.0, Culture=neutral, PublicKeyToken=b03f5f7f11d50a3a\" codeBase=\"C:\\Program Files\\dotnet\\sdk\\6.0.402\\vstest.console.dll\" enabled=\"True\" />\r\n    </Loggers>\r\n  </LoggerRunSettings>\r\n  <DataCollectionRunSettings>\r\n    <DataCollectors>\r\n      <DataCollector friendlyName=\"blame\" enabled=\"True\">\r\n        <Configuration>\r\n          <ResultsDirectory>D:\\HOKAIDO\\KPI\\5 SEM\\.NET Web\\ProductStorage\\ProductsStorage.Tests\\bin\\Debug\\net5.0\\fine-code-coverage\\coverage-tool-output</ResultsDirectory>\r\n        </Configuration>\r\n      </DataCollector>\r\n    </DataCollectors>\r\n  </DataCollectionRunSettings>\r\n</RunSettings>","TestExecutionContext":{"FrequencyOfRunStatsChangeEvent":10,"RunStatsChangeEventTimeout":"00:00:01.5000000","InIsolation":false,"KeepAlive":false,"AreTestCaseLevelEventsRequired":false,"IsDebug":false,"TestCaseFilter":null,"FilterOptions":null},"Package":null}}
TpTrace Verbose: 0 : 39744, 10, 2023/01/17, 21:18:51.171, 2435210303694, vstest.console.dll, TcpClientExtensions.MessageLoopAsync: NotifyDataAvailable remoteEndPoint: 127.0.0.1:64350 localEndPoint: 127.0.0.1:64349
TpTrace Verbose: 0 : 39744, 10, 2023/01/17, 21:18:51.171, 2435210305119, vstest.console.dll, TestRequestSender.OnExecutionMessageReceived: Received message: {"Version":5,"MessageType":"TestExecution.Completed","Payload":{"TestRunCompleteArgs":{"TestRunStatistics":{"ExecutedTests":1,"Stats":{"Failed":1}},"IsCanceled":false,"IsAborted":false,"Error":null,"AttachmentSets":[],"ElapsedTimeInRunningTests":"00:00:00.3786210","Metrics":{}},"LastRunTests":{"NewTestResults":[{"TestCase":{"Id":"093689a9-09bf-a76b-c2df-72e7579487fe","FullyQualifiedName":"ProductsStorage.Tests.ProductStorageTests.GetById_Returns_One_Customer","DisplayName":"GetById_Returns_One_Customer","ExecutorUri":"executor://MSTestAdapter/v2","Source":"D:\\HOKAIDO\\KPI\\5 SEM\\.NET Web\\ProductStorage\\ProductsStorage.Tests\\bin\\Debug\\net5.0\\fine-code-coverage\\build-output\\ProductsStorage.Tests.dll","CodeFilePath":null,"LineNumber":-1,"Properties":[{"Key":{"Id":"TestCase.ManagedType","Label":"ManagedType","Category":"","Description":"","Attributes":1,"ValueType":"System.String"},"Value":"ProductsStorage.Tests.ProductStorageTests"},{"Key":{"Id":"TestCase.ManagedMethod","Label":"ManagedMethod","Category":"","Description":"","Attributes":1,"ValueType":"System.String"},"Value":"GetById_Returns_One_Customer"},{"Key":{"Id":"MSTestDiscoverer.TestClassName","Label":"ClassName","Category":"","Description":"","Attributes":1,"ValueType":"System.String"},"Value":"ProductsStorage.Tests.ProductStorageTests"},{"Key":{"Id":"TestCase.Hierarchy","Label":"Hierarchy","Category":"","Description":"","Attributes":2,"ValueType":"System.String[]"},"Value":["ProductsStorage.Tests","ProductStorageTests"]},{"Key":{"Id":"TestObject.Traits","Label":"Traits","Category":"","Description":"","Attributes":5,"ValueType":"System.Collections.Generic.KeyValuePair`2[[System.String],[System.String]][]"},"Value":[]}]},"Attachments":[],"Outcome":2,"ErrorMessage":"Test method ProductsStorage.Tests.ProductStorageTests.GetById_Returns_One_Customer threw exception: \r\nSystem.InvalidCastException: Unable to cast object of type 'Castle.Proxies.ObjectProxy' to type 'ProductStorage.Service.Response.BaseResponse`1[ProductStorage.DAL.Entities.Customer]'.","ErrorStackTrace":"    at ProductStorage_WebApi.Controllers.CustomerController.Get(Int32 id) in D:\\HOKAIDO\\KPI\\5 SEM\\.NET Web\\ProductStorage\\ProductStorage_WebApi\\Controllers\\CustomerController.cs:line 41\r\n   at ProductsStorage.Tests.ProductStorageTests.GetById_Returns_One_Customer() in D:\\HOKAIDO\\KPI\\5 SEM\\.NET Web\\ProductStorage\\ProductsStorage.Tests\\ProductStorageTests.cs:line 30\r\n   at Microsoft.VisualStudio.TestPlatform.MSTestAdapter.PlatformServices.ThreadOperations.ExecuteWithAbortSafety(Action action)\r\n","DisplayName":"GetById_Returns_One_Customer","Messages":[],"ComputerName":null,"Duration":"00:00:00.1647625","StartTime":"2023-01-17T21:18:50.9238152+02:00","EndTime":"2023-01-17T21:18:51.1075254+02:00","Properties":[{"Key":{"Id":"ExecutionId","Label":"ExecutionId","Category":"","Description":"","Attributes":1,"ValueType":"System.Guid"},"Value":"00000000-0000-0000-0000-000000000000"},{"Key":{"Id":"ParentExecId","Label":"ParentExecId","Category":"","Description":"","Attributes":1,"ValueType":"System.Guid"},"Value":"00000000-0000-0000-0000-000000000000"},{"Key":{"Id":"InnerResultsCount","Label":"InnerResultsCount","Category":"","Description":"","Attributes":1,"ValueType":"System.Int32"},"Value":0}]}],"TestRunStatistics":{"ExecutedTests":1,"Stats":{"Failed":1}},"ActiveTests":[]},"RunAttachments":[],"ExecutorUris":["executor://mstestadapter/v2"]}}
TpTrace Verbose: 0 : 39744, 10, 2023/01/17, 21:18:51.171, 2435210306742, vstest.console.dll, TestRequestSender.EndSession: Sending end session.
TpTrace Verbose: 0 : 39744, 10, 2023/01/17, 21:18:51.171, 2435210308079, vstest.console.dll, ProxyOperationManager.Close: waiting for test host to exit for 100 ms
TpTrace Warning: 0 : 39744, 12, 2023/01/17, 21:18:51.187, 2435210469485, vstest.console.dll, TestHostManagerCallbacks.ErrorReceivedCallback Test host standard error line: 
TpTrace Verbose: 0 : 39744, 12, 2023/01/17, 21:18:51.194, 2435210531924, vstest.console.dll, TestHostProvider.ExitCallBack: Host exited starting callback.
TpTrace Information: 0 : 39744, 12, 2023/01/17, 21:18:51.194, 2435210535629, vstest.console.dll, TestHostManagerCallbacks.ExitCallBack: Testhost processId: 18716 exited with exitcode: 0 error: ''
TpTrace Verbose: 0 : 39744, 12, 2023/01/17, 21:18:51.194, 2435210536226, vstest.console.dll, DotnetTestHostManager.OnHostExited: invoking OnHostExited callback
TpTrace Verbose: 0 : 39744, 12, 2023/01/17, 21:18:51.194, 2435210536650, vstest.console.dll, CrossPlatEngine.TestHostManagerHostExited: calling on client process exit callback.
TpTrace Information: 0 : 39744, 12, 2023/01/17, 21:18:51.194, 2435210537261, vstest.console.dll, TestRequestSender.OnClientProcessExit: Test host process exited. Standard error: 
TpTrace Information: 0 : 39744, 12, 2023/01/17, 21:18:51.194, 2435210537555, vstest.console.dll, SocketServer.Stop: Stop server endPoint: 127.0.0.1:64349
TpTrace Information: 0 : 39744, 10, 2023/01/17, 21:18:51.194, 2435210537520, vstest.console.dll, SocketServer.Stop: Stop server endPoint: 127.0.0.1:64349
TpTrace Information: 0 : 39744, 10, 2023/01/17, 21:18:51.194, 2435210538133, vstest.console.dll, SocketServer.Stop: Cancellation requested. Stopping message loop.
TpTrace Information: 0 : 39744, 12, 2023/01/17, 21:18:51.194, 2435210537760, vstest.console.dll, SocketServer.Stop: Cancellation requested. Stopping message loop.
TpTrace Information: 0 : 39744, 10, 2023/01/17, 21:18:51.194, 2435210538897, vstest.console.dll, Closing the connection
TpTrace Verbose: 0 : 39744, 12, 2023/01/17, 21:18:51.194, 2435210539065, vstest.console.dll, MulticastDelegateUtilities.SafeInvoke: HostProviderEvents.OnHostExited: Invoking callback 1/1 for Microsoft.VisualStudio.TestPlatform.CrossPlatEngine.Client.ProxyOperationManager.TestHostManagerHostExited, took 0 ms.
TpTrace Verbose: 0 : 39744, 10, 2023/01/17, 21:18:51.194, 2435210540610, vstest.console.dll, ProxyDataCollectionManager.InvokeDataCollectionServiceAction: Starting.
TpTrace Information: 0 : 39744, 10, 2023/01/17, 21:18:51.195, 2435210540924, vstest.console.dll, ProxyDataCollectionManager.AfterTestRunEnd: Get attachment set and invoked data collectors processId: 27672 port: 64346
TpTrace Verbose: 0 : 39744, 10, 2023/01/17, 21:18:51.195, 2435210541346, vstest.console.dll, DataCollectionRequestSender.SendAfterTestRunStartAndGetResult: Send AfterTestRunEnd message with isCancelled: False
TpTrace Verbose: 0 : 39744, 10, 2023/01/17, 21:18:51.200, 2435210593709, vstest.console.dll, DataCollectionRequestSender.SendAfterTestRunStartAndGetResult: Received message: (DataCollection.AfterTestRunEndResult) -> {"MessageType":"DataCollection.AfterTestRunEndResult","Payload":{"AttachmentSets":[],"InvokedDataCollectors":[{"Uri":"datacollector://Microsoft/TestPlatform/Extensions/Blame/v1","FriendlyName":"Blame","AssemblyQualifiedName":"Microsoft.TestPlatform.Extensions.BlameDataCollector.BlameCollector, Microsoft.TestPlatform.Extensions.BlameDataCollector, Version=15.0.0.0, Culture=neutral, PublicKeyToken=b03f5f7f11d50a3a","FilePath":"C:\\Program Files\\dotnet\\sdk\\6.0.402\\Extensions\\Microsoft.TestPlatform.Extensions.BlameDataCollector.dll","HasAttachmentProcessor":false}],"Metrics":{}}}
TpTrace Warning: 0 : 39744, 9, 2023/01/17, 21:18:51.203, 2435210630191, vstest.console.dll, DataCollectionLauncher.ErrorReceivedCallback datacollector standard error line: 
TpTrace Information: 0 : 39744, 10, 2023/01/17, 21:18:51.205, 2435210650090, vstest.console.dll, ProxyDataCollectionManager.InvokeDataCollectionServiceAction: Completed.
TpTrace Information: 0 : 39744, 9, 2023/01/17, 21:18:51.209, 2435210684925, vstest.console.dll, DataCollectionLauncher.ExitCallBack: Data collector exited with exitcode: 0 error: ''
TpTrace Verbose: 0 : 39744, 10, 2023/01/17, 21:18:51.270, 2435211298046, vstest.console.dll, TestRunRequest:SendTestRunStatsChange: Starting.
TpTrace Verbose: 0 : 39744, 10, 2023/01/17, 21:18:51.270, 2435211299886, vstest.console.dll, MulticastDelegateUtilities.SafeInvoke: TestRun.RunStatsChanged: Invoking callbacks was skipped because there are no subscribers.
TpTrace Information: 0 : 39744, 10, 2023/01/17, 21:18:51.270, 2435211300334, vstest.console.dll, TestRunRequest:SendTestRunStatsChange: Completed.
TpTrace Verbose: 0 : 39744, 10, 2023/01/17, 21:18:51.271, 2435211302519, vstest.console.dll, ParallelProxyExecutionManager: HandlePartialRunComplete: Total completed clients = 1, Run complete = True, Run canceled: False.
TpTrace Verbose: 0 : 39744, 4, 2023/01/17, 21:18:51.273, 2435211326966, vstest.console.dll, MulticastDelegateUtilities.SafeInvoke: InternalTestLoggerEvents.SendTestResult: Invoking callback 1/1 for Microsoft.VisualStudio.TestPlatform.CommandLine.Internal.ConsoleLogger.TestResultHandler, took 2 ms.
TpTrace Verbose: 0 : 39744, 4, 2023/01/17, 21:18:51.279, 2435211381405, vstest.console.dll, MulticastDelegateUtilities.SafeInvoke: InternalTestLoggerEvents.SendTestRunComplete: Invoking callback 1/2 for Microsoft.TestPlatform.Extensions.BlameDataCollector.BlameLogger.TestRunCompleteHandler, took 0 ms.
TpTrace Verbose: 0 : 39744, 4, 2023/01/17, 21:18:51.283, 2435211421718, vstest.console.dll, MulticastDelegateUtilities.SafeInvoke: InternalTestLoggerEvents.SendTestRunComplete: Invoking callback 2/2 for Microsoft.VisualStudio.TestPlatform.CommandLine.Internal.ConsoleLogger.TestRunCompleteHandler, took 3 ms.
TpTrace Verbose: 0 : 39744, 10, 2023/01/17, 21:18:51.283, 2435211426404, vstest.console.dll, TestRunRequest:TestRunComplete: Starting. IsAborted:False IsCanceled:False.
TpTrace Verbose: 0 : 39744, 10, 2023/01/17, 21:18:51.284, 2435211436140, vstest.console.dll, TestLoggerManager.HandleTestRunComplete: Ignoring as the object is disposed.
TpTrace Verbose: 0 : 39744, 10, 2023/01/17, 21:18:51.284, 2435211438179, vstest.console.dll, MulticastDelegateUtilities.SafeInvoke: TestRun.TestRunComplete: Invoking callback 1/2 for Microsoft.VisualStudio.TestPlatform.CommandLine.TestRunResultAggregator.TestRunCompletionHandler, took 0 ms.
TpTrace Verbose: 0 : 39744, 10, 2023/01/17, 21:18:51.284, 2435211438846, vstest.console.dll, MulticastDelegateUtilities.SafeInvoke: TestRun.TestRunComplete: Invoking callback 2/2 for Microsoft.VisualStudio.TestPlatform.CommandLine.Processors.RunTestsArgumentExecutor+TestRunRequestEventsRegistrar.TestRunRequest_OnRunCompletion, took 0 ms.
TpTrace Information: 0 : 39744, 10, 2023/01/17, 21:18:51.284, 2435211439618, vstest.console.dll, TestRunRequest:TestRunComplete: Completed.
TpTrace Verbose: 0 : 39744, 10, 2023/01/17, 21:18:51.284, 2435211439911, vstest.console.dll, TestRequestSender.SetOperationComplete: Setting operation complete.
TpTrace Information: 0 : 39744, 10, 2023/01/17, 21:18:51.284, 2435211440105, vstest.console.dll, SocketServer.Stop: Stop server endPoint: 127.0.0.1:64349
TpTrace Information: 0 : 39744, 10, 2023/01/17, 21:18:51.284, 2435211440272, vstest.console.dll, SocketServer.Stop: Cancellation requested. Stopping message loop.
TpTrace Verbose: 0 : 39744, 1, 2023/01/17, 21:18:51.284, 2435211440359, vstest.console.dll, TestRunRequest.Dispose: Starting.
TpTrace Information: 0 : 39744, 1, 2023/01/17, 21:18:51.285, 2435211441020, vstest.console.dll, TestRunRequest.Dispose: Completed.
TpTrace Verbose: 0 : 39744, 10, 2023/01/17, 21:18:51.284, 2435211440576, vstest.console.dll, MulticastDelegateUtilities.SafeInvoke: LengthPrefixCommunicationChannel: MessageReceived: Invoking callback 1/1 for Microsoft.VisualStudio.TestPlatform.CommunicationUtilities.TestRequestSender+<>c__DisplayClass31_0.<StartTestRun>b__1, took 113 ms.
TpTrace Information: 0 : 39744, 1, 2023/01/17, 21:18:51.285, 2435211441394, vstest.console.dll, TestRequestManager.RunTests: run tests completed.
TpTrace Information: 0 : 39744, 10, 2023/01/17, 21:18:51.285, 2435211441843, vstest.console.dll, SocketServer.PrivateStop: Stopping server endPoint: 127.0.0.1:64349 error: 
TpTrace Information: 0 : 39744, 1, 2023/01/17, 21:18:51.285, 2435211442346, vstest.console.dll, RunTestsArgumentProcessor:Execute: Test run is completed.
TpTrace Verbose: 0 : 39744, 1, 2023/01/17, 21:18:51.285, 2435211443802, vstest.console.dll, Executor.Execute: Exiting with exit code of 1
TpTrace Verbose: 0 : 39744, 10, 2023/01/17, 21:18:51.285, 2435211445593, vstest.console.dll, LengthPrefixCommunicationChannel.Dispose: Dispose reader and writer.
TpTrace Information: 0 : 39744, 10, 2023/01/17, 21:18:51.285, 2435211446371, vstest.console.dll, SocketServer.Stop: Raise disconnected event endPoint: 127.0.0.1:64349 error: 
TpTrace Verbose: 0 : 39744, 10, 2023/01/17, 21:18:51.285, 2435211446991, vstest.console.dll, TestRequestSender: OnTestRunAbort: Operation is already complete. Skip error message.
TpTrace Verbose: 0 : 39744, 10, 2023/01/17, 21:18:51.285, 2435211447332, vstest.console.dll, MulticastDelegateUtilities.SafeInvoke: SocketServer: ClientDisconnected: Invoking callback 1/1 for Microsoft.VisualStudio.TestPlatform.CommunicationUtilities.TestRequestSender.<InitializeCommunication>b__24_1, took 0 ms.
TpTrace Verbose: 0 : 39744, 10, 2023/01/17, 21:18:51.285, 2435211447544, vstest.console.dll, TcpClientExtensions.MessageLoopAsync: exiting MessageLoopAsync remoteEndPoint: 127.0.0.1:64350 localEndPoint: 127.0.0.1:64349
