TpTrace Verbose: 0 : 720, 1, 2023/01/21, 02:36:50.124, 1020185505179, vstest.console.dll, Version: 17.3.1 Current process architecture: X64
TpTrace Verbose: 0 : 720, 1, 2023/01/21, 02:36:50.126, 1020185526037, vstest.console.dll, Runtime location: C:\Program Files\dotnet\shared\Microsoft.NETCore.App\6.0.10
TpTrace Information: 0 : 720, 1, 2023/01/21, 02:36:50.135, 1020185613862, vstest.console.dll, FilePatternParser: The given file D:\HOKAIDO\KPI\5 SEM\.NET Web\ProductStorage\ProductStorage.Tests\bin\Debug\net5.0\fine-code-coverage\build-output\ProductStorage.Tests.dll is a full path.
TpTrace Verbose: 0 : 720, 1, 2023/01/21, 02:36:50.148, 1020185742013, vstest.console.dll, TestPluginCache.DiscoverTestExtensions: finding test extensions in assemblies ends with: RuntimeProvider.dll TPluginInfo: Microsoft.VisualStudio.TestPlatform.Common.ExtensionFramework.Utilities.TestRuntimePluginInformation TExtension: Microsoft.VisualStudio.TestPlatform.ObjectModel.Host.ITestRuntimeProvider
TpTrace Verbose: 0 : 720, 1, 2023/01/21, 02:36:50.148, 1020185748614, vstest.console.dll, TestPluginCache.GetExtensionPaths: Filtered extension paths: 
TpTrace Verbose: 0 : 720, 1, 2023/01/21, 02:36:50.149, 1020185749606, vstest.console.dll, TestPluginCache.GetExtensionPaths: Added default extension paths: C:\Program Files\dotnet\sdk\6.0.402\Extensions\Microsoft.Diagnostics.NETCore.Client.dll
C:\Program Files\dotnet\sdk\6.0.402\Extensions\Microsoft.TestPlatform.Extensions.BlameDataCollector.dll
C:\Program Files\dotnet\sdk\6.0.402\Extensions\Microsoft.TestPlatform.Extensions.EventLogCollector.dll
C:\Program Files\dotnet\sdk\6.0.402\Extensions\Microsoft.TestPlatform.TestHostRuntimeProvider.dll
C:\Program Files\dotnet\sdk\6.0.402\Extensions\Microsoft.VisualStudio.TestPlatform.Extensions.Html.TestLogger.dll
C:\Program Files\dotnet\sdk\6.0.402\Extensions\Microsoft.VisualStudio.TestPlatform.Extensions.Trx.TestLogger.dll
TpTrace Verbose: 0 : 720, 1, 2023/01/21, 02:36:50.149, 1020185750204, vstest.console.dll, TestPluginCache.GetExtensionPaths: Added unfilterableExtensionPaths: 
TpTrace Information: 0 : 720, 1, 2023/01/21, 02:36:50.149, 1020185758525, vstest.console.dll, AssemblyResolver.ctor: Creating AssemblyResolver with searchDirectories C:\Program Files\dotnet\sdk\6.0.402\Extensions,C:\Program Files\dotnet\sdk\6.0.402
TpTrace Verbose: 0 : 720, 1, 2023/01/21, 02:36:50.151, 1020185774933, vstest.console.dll, TestPluginCache.DiscoverTestExtensions: Discovering the extensions using extension path.
TpTrace Verbose: 0 : 720, 1, 2023/01/21, 02:36:50.151, 1020185776137, vstest.console.dll, TestPluginCache.GetExtensionPaths: Filtered extension paths: 
TpTrace Verbose: 0 : 720, 1, 2023/01/21, 02:36:50.151, 1020185776455, vstest.console.dll, TestPluginCache.GetExtensionPaths: Added default extension paths: C:\Program Files\dotnet\sdk\6.0.402\Extensions\Microsoft.Diagnostics.NETCore.Client.dll
C:\Program Files\dotnet\sdk\6.0.402\Extensions\Microsoft.TestPlatform.Extensions.BlameDataCollector.dll
C:\Program Files\dotnet\sdk\6.0.402\Extensions\Microsoft.TestPlatform.Extensions.EventLogCollector.dll
C:\Program Files\dotnet\sdk\6.0.402\Extensions\Microsoft.TestPlatform.TestHostRuntimeProvider.dll
C:\Program Files\dotnet\sdk\6.0.402\Extensions\Microsoft.VisualStudio.TestPlatform.Extensions.Html.TestLogger.dll
C:\Program Files\dotnet\sdk\6.0.402\Extensions\Microsoft.VisualStudio.TestPlatform.Extensions.Trx.TestLogger.dll
TpTrace Verbose: 0 : 720, 1, 2023/01/21, 02:36:50.151, 1020185776747, vstest.console.dll, TestPluginCache.GetExtensionPaths: Added unfilterableExtensionPaths: 
TpTrace Verbose: 0 : 720, 1, 2023/01/21, 02:36:50.151, 1020185777655, vstest.console.dll, TestPluginCache.DiscoverTestExtensions: Discovering the extensions using allExtensionPaths: C:\Program Files\dotnet\sdk\6.0.402\Extensions\Microsoft.Diagnostics.NETCore.Client.dll
C:\Program Files\dotnet\sdk\6.0.402\Extensions\Microsoft.TestPlatform.Extensions.BlameDataCollector.dll
C:\Program Files\dotnet\sdk\6.0.402\Extensions\Microsoft.TestPlatform.Extensions.EventLogCollector.dll
C:\Program Files\dotnet\sdk\6.0.402\Extensions\Microsoft.TestPlatform.TestHostRuntimeProvider.dll
C:\Program Files\dotnet\sdk\6.0.402\Extensions\Microsoft.VisualStudio.TestPlatform.Extensions.Html.TestLogger.dll
C:\Program Files\dotnet\sdk\6.0.402\Extensions\Microsoft.VisualStudio.TestPlatform.Extensions.Trx.TestLogger.dll
TpTrace Information: 0 : 720, 1, 2023/01/21, 02:36:50.152, 1020185779207, vstest.console.dll, AssemblyResolver.AddSearchDirectories: Adding more searchDirectories C:\Program Files\dotnet\sdk\6.0.402\Extensions,C:\Program Files\dotnet\sdk\6.0.402
TpTrace Information: 0 : 720, 1, 2023/01/21, 02:36:50.152, 1020185779633, vstest.console.dll, AssemblyResolver.AddSearchDirectories: Adding more searchDirectories C:\Program Files\dotnet\sdk\6.0.402\Extensions,C:\Program Files\dotnet\sdk\6.0.402
TpTrace Information: 0 : 720, 1, 2023/01/21, 02:36:50.152, 1020185779911, vstest.console.dll, AssemblyResolver.AddSearchDirectories: Adding more searchDirectories C:\Program Files\dotnet\sdk\6.0.402\Extensions,C:\Program Files\dotnet\sdk\6.0.402
TpTrace Information: 0 : 720, 1, 2023/01/21, 02:36:50.152, 1020185780127, vstest.console.dll, AssemblyResolver.AddSearchDirectories: Adding more searchDirectories C:\Program Files\dotnet\sdk\6.0.402\Extensions,C:\Program Files\dotnet\sdk\6.0.402
TpTrace Information: 0 : 720, 1, 2023/01/21, 02:36:50.152, 1020185780331, vstest.console.dll, AssemblyResolver.AddSearchDirectories: Adding more searchDirectories C:\Program Files\dotnet\sdk\6.0.402\Extensions,C:\Program Files\dotnet\sdk\6.0.402
TpTrace Information: 0 : 720, 1, 2023/01/21, 02:36:50.152, 1020185780558, vstest.console.dll, AssemblyResolver.AddSearchDirectories: Adding more searchDirectories C:\Program Files\dotnet\sdk\6.0.402\Extensions,C:\Program Files\dotnet\sdk\6.0.402
TpTrace Information: 0 : 720, 1, 2023/01/21, 02:36:50.153, 1020185788952, vstest.console.dll, AssemblyResolver.OnResolve: Microsoft.Diagnostics.NETCore.Client: Resolving assembly.
TpTrace Information: 0 : 720, 1, 2023/01/21, 02:36:50.153, 1020185791928, vstest.console.dll, AssemblyResolver.OnResolve: Microsoft.Diagnostics.NETCore.Client: Searching in: 'C:\Program Files\dotnet\sdk\6.0.402\Extensions'.
TpTrace Information: 0 : 720, 1, 2023/01/21, 02:36:50.154, 1020185807169, vstest.console.dll, AssemblyResolver.OnResolve: Microsoft.Diagnostics.NETCore.Client: Loading assembly 'C:\Program Files\dotnet\sdk\6.0.402\Extensions\Microsoft.Diagnostics.NETCore.Client.dll'.
TpTrace Information: 0 : 720, 1, 2023/01/21, 02:36:50.156, 1020185821491, vstest.console.dll, AssemblyResolver.OnResolve: Resolved assembly: Microsoft.Diagnostics.NETCore.Client, from path: C:\Program Files\dotnet\sdk\6.0.402\Extensions\Microsoft.Diagnostics.NETCore.Client.dll
TpTrace Verbose: 0 : 720, 1, 2023/01/21, 02:36:50.161, 1020185869206, vstest.console.dll, MetadataReaderExtensionsHelper: Discovering extensions inside assembly 'Microsoft.Diagnostics.NETCore.Client, Version=0.2.5.801, Culture=neutral, PublicKeyToken=31bf3856ad364e35' file path 'C:\Program Files\dotnet\sdk\6.0.402\Extensions\Microsoft.Diagnostics.NETCore.Client.dll'
TpTrace Information: 0 : 720, 1, 2023/01/21, 02:36:50.178, 1020186040904, vstest.console.dll, AssemblyResolver.OnResolve: Microsoft.Bcl.AsyncInterfaces: Resolving assembly.
TpTrace Information: 0 : 720, 1, 2023/01/21, 02:36:50.178, 1020186041927, vstest.console.dll, AssemblyResolver.OnResolve: Microsoft.Bcl.AsyncInterfaces: Searching in: 'C:\Program Files\dotnet\sdk\6.0.402\Extensions'.
TpTrace Information: 0 : 720, 1, 2023/01/21, 02:36:50.178, 1020186042494, vstest.console.dll, AssemblyResolver.OnResolve: Microsoft.Bcl.AsyncInterfaces: Assembly path does not exist: 'C:\Program Files\dotnet\sdk\6.0.402\Extensions\Microsoft.Bcl.AsyncInterfaces.dll', returning.
TpTrace Information: 0 : 720, 1, 2023/01/21, 02:36:50.178, 1020186042970, vstest.console.dll, AssemblyResolver.OnResolve: Microsoft.Bcl.AsyncInterfaces: Assembly path does not exist: 'C:\Program Files\dotnet\sdk\6.0.402\Extensions\Microsoft.Bcl.AsyncInterfaces.exe', returning.
TpTrace Information: 0 : 720, 1, 2023/01/21, 02:36:50.178, 1020186043185, vstest.console.dll, AssemblyResolver.OnResolve: Microsoft.Bcl.AsyncInterfaces: Searching in: 'C:\Program Files\dotnet\sdk\6.0.402'.
TpTrace Information: 0 : 720, 1, 2023/01/21, 02:36:50.178, 1020186043911, vstest.console.dll, AssemblyResolver.OnResolve: Microsoft.Bcl.AsyncInterfaces: Assembly path does not exist: 'C:\Program Files\dotnet\sdk\6.0.402\Microsoft.Bcl.AsyncInterfaces.dll', returning.
TpTrace Information: 0 : 720, 1, 2023/01/21, 02:36:50.178, 1020186044358, vstest.console.dll, AssemblyResolver.OnResolve: Microsoft.Bcl.AsyncInterfaces: Assembly path does not exist: 'C:\Program Files\dotnet\sdk\6.0.402\Microsoft.Bcl.AsyncInterfaces.exe', returning.
TpTrace Information: 0 : 720, 1, 2023/01/21, 02:36:50.178, 1020186044569, vstest.console.dll, AssemblyResolver.OnResolve: Microsoft.Bcl.AsyncInterfaces: Failed to load assembly.
TpTrace Verbose: 0 : 720, 1, 2023/01/21, 02:36:50.178, 1020186044852, vstest.console.dll, CurrentDomainAssemblyResolve: Resolving assembly 'Microsoft.Bcl.AsyncInterfaces'.
TpTrace Information: 0 : 720, 1, 2023/01/21, 02:36:50.178, 1020186045327, vstest.console.dll, AssemblyResolver.OnResolve: Microsoft.Bcl.AsyncInterfaces: Resolving assembly.
TpTrace Information: 0 : 720, 1, 2023/01/21, 02:36:50.178, 1020186045668, vstest.console.dll, AssemblyResolver.OnResolve: Microsoft.Bcl.AsyncInterfaces: Resolved from cache.
TpTrace Verbose: 0 : 720, 1, 2023/01/21, 02:36:50.178, 1020186045896, vstest.console.dll, CurrentDomainAssemblyResolve: Resolving assembly 'Microsoft.Bcl.AsyncInterfaces'.
TpTrace Verbose: 0 : 720, 1, 2023/01/21, 02:36:50.178, 1020186046165, vstest.console.dll, CurrentDomainAssemblyResolve: Failed to resolve assembly 'Microsoft.Bcl.AsyncInterfaces'.
TpTrace Verbose: 0 : 720, 1, 2023/01/21, 02:36:50.189, 1020186151471, vstest.console.dll, CurrentDomainAssemblyResolve: Failed to resolve assembly 'Microsoft.Bcl.AsyncInterfaces'.
TpTrace Warning: 0 : 720, 1, 2023/01/21, 02:36:50.223, 1020186497672, vstest.console.dll, TestPluginDiscoverer: Failed to get types from assembly 'Microsoft.Diagnostics.NETCore.Client, Version=0.2.5.801, Culture=neutral, PublicKeyToken=31bf3856ad364e35'. Error: System.Reflection.ReflectionTypeLoadException: Unable to load one or more of the requested types.
Could not load file or assembly 'Microsoft.Bcl.AsyncInterfaces, Version=1.0.0.0, Culture=neutral, PublicKeyToken=cc7b13ffcd2ddd51'. The system cannot find the file specified.
   at System.Reflection.RuntimeModule.GetTypes(RuntimeModule module)
   at System.Reflection.Assembly.GetTypes()
   at Microsoft.VisualStudio.TestPlatform.Common.ExtensionFramework.TestPluginDiscoverer.GetTestExtensionsFromAssembly[TPluginInfo,TExtension](Assembly assembly, Dictionary`2 pluginInfos, String filePath)
System.IO.FileNotFoundException: Could not load file or assembly 'Microsoft.Bcl.AsyncInterfaces, Version=1.0.0.0, Culture=neutral, PublicKeyToken=cc7b13ffcd2ddd51'. The system cannot find the file specified.
File name: 'Microsoft.Bcl.AsyncInterfaces, Version=1.0.0.0, Culture=neutral, PublicKeyToken=cc7b13ffcd2ddd51'
 ---> System.IO.FileNotFoundException: Could not load file or assembly 'Microsoft.Bcl.AsyncInterfaces, Culture=neutral, PublicKeyToken=null'. The system cannot find the file specified.
File name: 'Microsoft.Bcl.AsyncInterfaces, Culture=neutral, PublicKeyToken=null'
   at System.Reflection.RuntimeAssembly.InternalLoad(ObjectHandleOnStack assemblyName, ObjectHandleOnStack requestingAssembly, StackCrawlMarkHandle stackMark, Boolean throwOnFileNotFound, ObjectHandleOnStack assemblyLoadContext, ObjectHandleOnStack retAssembly)
   at System.Reflection.RuntimeAssembly.InternalLoad(AssemblyName assemblyName, RuntimeAssembly requestingAssembly, StackCrawlMark& stackMark, Boolean throwOnFileNotFound, AssemblyLoadContext assemblyLoadContext)
   at System.Reflection.Assembly.Load(AssemblyName assemblyRef)
   at Microsoft.VisualStudio.TestPlatform.Common.ExtensionFramework.TestPluginCache.CurrentDomainAssemblyResolve(Object sender, AssemblyResolveEventArgs args)
   at Microsoft.VisualStudio.TestPlatform.PlatformAbstractions.PlatformAssemblyResolver.AssemblyResolverEvent(Object sender, Object eventArgs)
   at System.Runtime.Loader.AssemblyLoadContext.GetFirstResolvedAssemblyFromResolvingEvent(AssemblyName assemblyName)
   at System.Runtime.Loader.AssemblyLoadContext.ResolveUsingEvent(AssemblyName assemblyName)
   at System.Runtime.Loader.AssemblyLoadContext.ResolveUsingResolvingEvent(IntPtr gchManagedAssemblyLoadContext, AssemblyName assemblyName)
TpTrace Warning: 0 : 720, 1, 2023/01/21, 02:36:50.224, 1020186505226, vstest.console.dll, LoaderExceptions: System.IO.FileNotFoundException: Could not load file or assembly 'Microsoft.Bcl.AsyncInterfaces, Version=1.0.0.0, Culture=neutral, PublicKeyToken=cc7b13ffcd2ddd51'. The system cannot find the file specified.
File name: 'Microsoft.Bcl.AsyncInterfaces, Version=1.0.0.0, Culture=neutral, PublicKeyToken=cc7b13ffcd2ddd51'
 ---> System.IO.FileNotFoundException: Could not load file or assembly 'Microsoft.Bcl.AsyncInterfaces, Culture=neutral, PublicKeyToken=null'. The system cannot find the file specified.
File name: 'Microsoft.Bcl.AsyncInterfaces, Culture=neutral, PublicKeyToken=null'
   at System.Reflection.RuntimeAssembly.InternalLoad(ObjectHandleOnStack assemblyName, ObjectHandleOnStack requestingAssembly, StackCrawlMarkHandle stackMark, Boolean throwOnFileNotFound, ObjectHandleOnStack assemblyLoadContext, ObjectHandleOnStack retAssembly)
   at System.Reflection.RuntimeAssembly.InternalLoad(AssemblyName assemblyName, RuntimeAssembly requestingAssembly, StackCrawlMark& stackMark, Boolean throwOnFileNotFound, AssemblyLoadContext assemblyLoadContext)
   at System.Reflection.Assembly.Load(AssemblyName assemblyRef)
   at Microsoft.VisualStudio.TestPlatform.Common.ExtensionFramework.TestPluginCache.CurrentDomainAssemblyResolve(Object sender, AssemblyResolveEventArgs args)
   at Microsoft.VisualStudio.TestPlatform.PlatformAbstractions.PlatformAssemblyResolver.AssemblyResolverEvent(Object sender, Object eventArgs)
   at System.Runtime.Loader.AssemblyLoadContext.GetFirstResolvedAssemblyFromResolvingEvent(AssemblyName assemblyName)
   at System.Runtime.Loader.AssemblyLoadContext.ResolveUsingEvent(AssemblyName assemblyName)
   at System.Runtime.Loader.AssemblyLoadContext.ResolveUsingResolvingEvent(IntPtr gchManagedAssemblyLoadContext, AssemblyName assemblyName)
TpTrace Information: 0 : 720, 1, 2023/01/21, 02:36:50.224, 1020186506498, vstest.console.dll, AssemblyResolver.OnResolve: Microsoft.TestPlatform.Extensions.BlameDataCollector: Resolving assembly.
TpTrace Information: 0 : 720, 1, 2023/01/21, 02:36:50.224, 1020186506839, vstest.console.dll, AssemblyResolver.OnResolve: Microsoft.TestPlatform.Extensions.BlameDataCollector: Searching in: 'C:\Program Files\dotnet\sdk\6.0.402\Extensions'.
TpTrace Information: 0 : 720, 1, 2023/01/21, 02:36:50.225, 1020186517471, vstest.console.dll, AssemblyResolver.OnResolve: Microsoft.TestPlatform.Extensions.BlameDataCollector: Loading assembly 'C:\Program Files\dotnet\sdk\6.0.402\Extensions\Microsoft.TestPlatform.Extensions.BlameDataCollector.dll'.
TpTrace Information: 0 : 720, 1, 2023/01/21, 02:36:50.226, 1020186520714, vstest.console.dll, AssemblyResolver.OnResolve: Resolved assembly: Microsoft.TestPlatform.Extensions.BlameDataCollector, from path: C:\Program Files\dotnet\sdk\6.0.402\Extensions\Microsoft.TestPlatform.Extensions.BlameDataCollector.dll
TpTrace Verbose: 0 : 720, 1, 2023/01/21, 02:36:50.226, 1020186521262, vstest.console.dll, MetadataReaderExtensionsHelper: Discovering extensions inside assembly 'Microsoft.TestPlatform.Extensions.BlameDataCollector, Version=15.0.0.0, Culture=neutral, PublicKeyToken=b03f5f7f11d50a3a' file path 'C:\Program Files\dotnet\sdk\6.0.402\Extensions\Microsoft.TestPlatform.Extensions.BlameDataCollector.dll'
TpTrace Information: 0 : 720, 1, 2023/01/21, 02:36:50.227, 1020186538578, vstest.console.dll, AssemblyResolver.OnResolve: Microsoft.TestPlatform.Extensions.EventLogCollector: Resolving assembly.
TpTrace Information: 0 : 720, 1, 2023/01/21, 02:36:50.228, 1020186539016, vstest.console.dll, AssemblyResolver.OnResolve: Microsoft.TestPlatform.Extensions.EventLogCollector: Searching in: 'C:\Program Files\dotnet\sdk\6.0.402\Extensions'.
TpTrace Information: 0 : 720, 1, 2023/01/21, 02:36:50.228, 1020186545360, vstest.console.dll, AssemblyResolver.OnResolve: Microsoft.TestPlatform.Extensions.EventLogCollector: Loading assembly 'C:\Program Files\dotnet\sdk\6.0.402\Extensions\Microsoft.TestPlatform.Extensions.EventLogCollector.dll'.
TpTrace Information: 0 : 720, 1, 2023/01/21, 02:36:50.228, 1020186547785, vstest.console.dll, AssemblyResolver.OnResolve: Resolved assembly: Microsoft.TestPlatform.Extensions.EventLogCollector, from path: C:\Program Files\dotnet\sdk\6.0.402\Extensions\Microsoft.TestPlatform.Extensions.EventLogCollector.dll
TpTrace Verbose: 0 : 720, 1, 2023/01/21, 02:36:50.228, 1020186548370, vstest.console.dll, MetadataReaderExtensionsHelper: Discovering extensions inside assembly 'Microsoft.TestPlatform.Extensions.EventLogCollector, Version=15.0.0.0, Culture=neutral, PublicKeyToken=b03f5f7f11d50a3a' file path 'C:\Program Files\dotnet\sdk\6.0.402\Extensions\Microsoft.TestPlatform.Extensions.EventLogCollector.dll'
TpTrace Information: 0 : 720, 1, 2023/01/21, 02:36:50.231, 1020186571899, vstest.console.dll, AssemblyResolver.OnResolve: Microsoft.TestPlatform.TestHostRuntimeProvider: Resolving assembly.
TpTrace Information: 0 : 720, 1, 2023/01/21, 02:36:50.231, 1020186572324, vstest.console.dll, AssemblyResolver.OnResolve: Microsoft.TestPlatform.TestHostRuntimeProvider: Searching in: 'C:\Program Files\dotnet\sdk\6.0.402\Extensions'.
TpTrace Information: 0 : 720, 1, 2023/01/21, 02:36:50.232, 1020186582219, vstest.console.dll, AssemblyResolver.OnResolve: Microsoft.TestPlatform.TestHostRuntimeProvider: Loading assembly 'C:\Program Files\dotnet\sdk\6.0.402\Extensions\Microsoft.TestPlatform.TestHostRuntimeProvider.dll'.
TpTrace Information: 0 : 720, 1, 2023/01/21, 02:36:50.233, 1020186596840, vstest.console.dll, AssemblyResolver.OnResolve: Resolved assembly: Microsoft.TestPlatform.TestHostRuntimeProvider, from path: C:\Program Files\dotnet\sdk\6.0.402\Extensions\Microsoft.TestPlatform.TestHostRuntimeProvider.dll
TpTrace Verbose: 0 : 720, 1, 2023/01/21, 02:36:50.233, 1020186597442, vstest.console.dll, MetadataReaderExtensionsHelper: Discovering extensions inside assembly 'Microsoft.TestPlatform.TestHostRuntimeProvider, Version=15.0.0.0, Culture=neutral, PublicKeyToken=b03f5f7f11d50a3a' file path 'C:\Program Files\dotnet\sdk\6.0.402\Extensions\Microsoft.TestPlatform.TestHostRuntimeProvider.dll'
TpTrace Information: 0 : 720, 1, 2023/01/21, 02:36:50.236, 1020186619965, vstest.console.dll, GetTestExtensionFromType: Register extension with identifier data 'HostProvider://DefaultTestHost' and type 'Microsoft.VisualStudio.TestPlatform.CrossPlatEngine.Hosting.DefaultTestHostManager, Microsoft.TestPlatform.TestHostRuntimeProvider, Version=15.0.0.0, Culture=neutral, PublicKeyToken=b03f5f7f11d50a3a' inside file 'C:\Program Files\dotnet\sdk\6.0.402\Extensions\Microsoft.TestPlatform.TestHostRuntimeProvider.dll'
TpTrace Information: 0 : 720, 1, 2023/01/21, 02:36:50.236, 1020186620612, vstest.console.dll, GetTestExtensionFromType: Register extension with identifier data 'HostProvider://DotnetTestHost' and type 'Microsoft.VisualStudio.TestPlatform.CrossPlatEngine.Hosting.DotnetTestHostManager, Microsoft.TestPlatform.TestHostRuntimeProvider, Version=15.0.0.0, Culture=neutral, PublicKeyToken=b03f5f7f11d50a3a' inside file 'C:\Program Files\dotnet\sdk\6.0.402\Extensions\Microsoft.TestPlatform.TestHostRuntimeProvider.dll'
TpTrace Information: 0 : 720, 1, 2023/01/21, 02:36:50.236, 1020186621197, vstest.console.dll, AssemblyResolver.OnResolve: Microsoft.VisualStudio.TestPlatform.Extensions.Html.TestLogger: Resolving assembly.
TpTrace Information: 0 : 720, 1, 2023/01/21, 02:36:50.236, 1020186621469, vstest.console.dll, AssemblyResolver.OnResolve: Microsoft.VisualStudio.TestPlatform.Extensions.Html.TestLogger: Searching in: 'C:\Program Files\dotnet\sdk\6.0.402\Extensions'.
TpTrace Information: 0 : 720, 1, 2023/01/21, 02:36:50.237, 1020186633084, vstest.console.dll, AssemblyResolver.OnResolve: Microsoft.VisualStudio.TestPlatform.Extensions.Html.TestLogger: Loading assembly 'C:\Program Files\dotnet\sdk\6.0.402\Extensions\Microsoft.VisualStudio.TestPlatform.Extensions.Html.TestLogger.dll'.
TpTrace Information: 0 : 720, 1, 2023/01/21, 02:36:50.237, 1020186635856, vstest.console.dll, AssemblyResolver.OnResolve: Resolved assembly: Microsoft.VisualStudio.TestPlatform.Extensions.Html.TestLogger, from path: C:\Program Files\dotnet\sdk\6.0.402\Extensions\Microsoft.VisualStudio.TestPlatform.Extensions.Html.TestLogger.dll
TpTrace Verbose: 0 : 720, 1, 2023/01/21, 02:36:50.237, 1020186636334, vstest.console.dll, MetadataReaderExtensionsHelper: Discovering extensions inside assembly 'Microsoft.VisualStudio.TestPlatform.Extensions.Html.TestLogger, Version=15.0.0.0, Culture=neutral, PublicKeyToken=b03f5f7f11d50a3a' file path 'C:\Program Files\dotnet\sdk\6.0.402\Extensions\Microsoft.VisualStudio.TestPlatform.Extensions.Html.TestLogger.dll'
TpTrace Information: 0 : 720, 1, 2023/01/21, 02:36:50.238, 1020186640511, vstest.console.dll, AssemblyResolver.OnResolve: Microsoft.VisualStudio.TestPlatform.Extensions.Trx.TestLogger: Resolving assembly.
TpTrace Information: 0 : 720, 1, 2023/01/21, 02:36:50.238, 1020186640894, vstest.console.dll, AssemblyResolver.OnResolve: Microsoft.VisualStudio.TestPlatform.Extensions.Trx.TestLogger: Searching in: 'C:\Program Files\dotnet\sdk\6.0.402\Extensions'.
TpTrace Information: 0 : 720, 1, 2023/01/21, 02:36:50.239, 1020186653673, vstest.console.dll, AssemblyResolver.OnResolve: Microsoft.VisualStudio.TestPlatform.Extensions.Trx.TestLogger: Loading assembly 'C:\Program Files\dotnet\sdk\6.0.402\Extensions\Microsoft.VisualStudio.TestPlatform.Extensions.Trx.TestLogger.dll'.
TpTrace Information: 0 : 720, 1, 2023/01/21, 02:36:50.240, 1020186662343, vstest.console.dll, AssemblyResolver.OnResolve: Resolved assembly: Microsoft.VisualStudio.TestPlatform.Extensions.Trx.TestLogger, from path: C:\Program Files\dotnet\sdk\6.0.402\Extensions\Microsoft.VisualStudio.TestPlatform.Extensions.Trx.TestLogger.dll
TpTrace Verbose: 0 : 720, 1, 2023/01/21, 02:36:50.240, 1020186662851, vstest.console.dll, MetadataReaderExtensionsHelper: Discovering extensions inside assembly 'Microsoft.VisualStudio.TestPlatform.Extensions.Trx.TestLogger, Version=15.0.0.0, Culture=neutral, PublicKeyToken=b03f5f7f11d50a3a' file path 'C:\Program Files\dotnet\sdk\6.0.402\Extensions\Microsoft.VisualStudio.TestPlatform.Extensions.Trx.TestLogger.dll'
TpTrace Verbose: 0 : 720, 1, 2023/01/21, 02:36:50.241, 1020186677649, vstest.console.dll, TestPluginCache: Discovered the extensions using extension path ''.
TpTrace Verbose: 0 : 720, 1, 2023/01/21, 02:36:50.241, 1020186678070, vstest.console.dll, TestPluginCache: Discoverers are ''.
TpTrace Verbose: 0 : 720, 1, 2023/01/21, 02:36:50.241, 1020186678273, vstest.console.dll, TestPluginCache: Executors are ''.
TpTrace Verbose: 0 : 720, 1, 2023/01/21, 02:36:50.241, 1020186678488, vstest.console.dll, TestPluginCache: Executors2 are ''.
TpTrace Verbose: 0 : 720, 1, 2023/01/21, 02:36:50.241, 1020186678747, vstest.console.dll, TestPluginCache: Setting providers are ''.
TpTrace Verbose: 0 : 720, 1, 2023/01/21, 02:36:50.241, 1020186678918, vstest.console.dll, TestPluginCache: Loggers are ''.
TpTrace Verbose: 0 : 720, 1, 2023/01/21, 02:36:50.242, 1020186680039, vstest.console.dll, TestPluginCache: TestHosts are 'HostProvider://DefaultTestHost,HostProvider://DotnetTestHost'.
TpTrace Verbose: 0 : 720, 1, 2023/01/21, 02:36:50.242, 1020186680309, vstest.console.dll, TestPluginCache: DataCollectors are ''.
TpTrace Information: 0 : 720, 1, 2023/01/21, 02:36:50.266, 1020186922176, vstest.console.dll, RunTestsArgumentProcessor:Execute: Test run is starting.
TpTrace Verbose: 0 : 720, 1, 2023/01/21, 02:36:50.266, 1020186922848, vstest.console.dll, RunTestsArgumentProcessor:Execute: Queuing Test run.
TpTrace Information: 0 : 720, 1, 2023/01/21, 02:36:50.266, 1020186927737, vstest.console.dll, TestRequestManager.RunTests: run tests started.
TpTrace Information: 0 : 720, 1, 2023/01/21, 02:36:50.267, 1020186938624, vstest.console.dll, AssemblyMetadataProvider.GetFrameworkName: Determined framework:'.NETCoreApp,Version=v5.0' for source: 'D:\HOKAIDO\KPI\5 SEM\.NET Web\ProductStorage\ProductStorage.Tests\bin\Debug\net5.0\fine-code-coverage\build-output\ProductStorage.Tests.dll'
TpTrace Information: 0 : 720, 1, 2023/01/21, 02:36:50.268, 1020186939743, vstest.console.dll, Determined framework for all sources: .NETCoreApp,Version=v5.0
TpTrace Verbose: 0 : 720, 1, 2023/01/21, 02:36:50.268, 1020186943699, vstest.console.dll, TestRequestManager.UpdateRunSettingsIfRequired: Default architecture: X64 IsDefaultTargetArchitecture: True, Current process architecture: X64 OperatingSystem: Windows.
TpTrace Information: 0 : 720, 1, 2023/01/21, 02:36:50.270, 1020186963365, vstest.console.dll, AssemblyMetadataProvider.GetArchitecture: Determined architecture:AnyCPU info for assembly: D:\HOKAIDO\KPI\5 SEM\.NET Web\ProductStorage\ProductStorage.Tests\bin\Debug\net5.0\fine-code-coverage\build-output\ProductStorage.Tests.dll
TpTrace Information: 0 : 720, 1, 2023/01/21, 02:36:50.270, 1020186963741, vstest.console.dll, Determined platform for source 'D:\HOKAIDO\KPI\5 SEM\.NET Web\ProductStorage\ProductStorage.Tests\bin\Debug\net5.0\fine-code-coverage\build-output\ProductStorage.Tests.dll' was AnyCPU and it will use the default plaform X64.
TpTrace Information: 0 : 720, 1, 2023/01/21, 02:36:50.270, 1020186964015, vstest.console.dll, None of the sources provided any runnable platform, using the default platform: X64
TpTrace Information: 0 : 720, 1, 2023/01/21, 02:36:50.270, 1020186964544, vstest.console.dll, Platform was updated to 'X64'.
TpTrace Information: 0 : 720, 1, 2023/01/21, 02:36:50.276, 1020187025379, vstest.console.dll, InferRunSettingsHelper.IsTestSettingsEnabled: Unable to navigate to RunSettings/MSTest. Current node: RunSettings
TpTrace Information: 0 : 720, 1, 2023/01/21, 02:36:50.277, 1020187030750, vstest.console.dll, AssemblyResolver.OnResolve: Microsoft.VisualStudio.TestPlatform.Fakes: Resolving assembly.
TpTrace Information: 0 : 720, 1, 2023/01/21, 02:36:50.277, 1020187031208, vstest.console.dll, AssemblyResolver.OnResolve: Microsoft.VisualStudio.TestPlatform.Fakes: Searching in: 'C:\Program Files\dotnet\sdk\6.0.402\Extensions'.
TpTrace Information: 0 : 720, 1, 2023/01/21, 02:36:50.277, 1020187031853, vstest.console.dll, AssemblyResolver.OnResolve: Microsoft.VisualStudio.TestPlatform.Fakes: Assembly path does not exist: 'C:\Program Files\dotnet\sdk\6.0.402\Extensions\Microsoft.VisualStudio.TestPlatform.Fakes.dll', returning.
TpTrace Information: 0 : 720, 1, 2023/01/21, 02:36:50.277, 1020187032249, vstest.console.dll, AssemblyResolver.OnResolve: Microsoft.VisualStudio.TestPlatform.Fakes: Assembly path does not exist: 'C:\Program Files\dotnet\sdk\6.0.402\Extensions\Microsoft.VisualStudio.TestPlatform.Fakes.exe', returning.
TpTrace Information: 0 : 720, 1, 2023/01/21, 02:36:50.277, 1020187032495, vstest.console.dll, AssemblyResolver.OnResolve: Microsoft.VisualStudio.TestPlatform.Fakes: Searching in: 'C:\Program Files\dotnet\sdk\6.0.402'.
TpTrace Information: 0 : 720, 1, 2023/01/21, 02:36:50.277, 1020187032896, vstest.console.dll, AssemblyResolver.OnResolve: Microsoft.VisualStudio.TestPlatform.Fakes: Assembly path does not exist: 'C:\Program Files\dotnet\sdk\6.0.402\Microsoft.VisualStudio.TestPlatform.Fakes.dll', returning.
TpTrace Information: 0 : 720, 1, 2023/01/21, 02:36:50.277, 1020187033251, vstest.console.dll, AssemblyResolver.OnResolve: Microsoft.VisualStudio.TestPlatform.Fakes: Assembly path does not exist: 'C:\Program Files\dotnet\sdk\6.0.402\Microsoft.VisualStudio.TestPlatform.Fakes.exe', returning.
TpTrace Information: 0 : 720, 1, 2023/01/21, 02:36:50.277, 1020187033460, vstest.console.dll, AssemblyResolver.OnResolve: Microsoft.VisualStudio.TestPlatform.Fakes: Failed to load assembly.
TpTrace Information: 0 : 720, 1, 2023/01/21, 02:36:50.277, 1020187035532, vstest.console.dll, Failed to load assembly Microsoft.VisualStudio.TestPlatform.Fakes, Version=17.0.0.0, Culture=neutral. Reason:System.IO.FileNotFoundException: Could not load file or assembly 'Microsoft.VisualStudio.TestPlatform.Fakes, Version=17.0.0.0, Culture=neutral, PublicKeyToken=null'. The system cannot find the file specified.
File name: 'Microsoft.VisualStudio.TestPlatform.Fakes, Version=17.0.0.0, Culture=neutral, PublicKeyToken=null'
   at System.Reflection.RuntimeAssembly.InternalLoad(ObjectHandleOnStack assemblyName, ObjectHandleOnStack requestingAssembly, StackCrawlMarkHandle stackMark, Boolean throwOnFileNotFound, ObjectHandleOnStack assemblyLoadContext, ObjectHandleOnStack retAssembly)
   at System.Reflection.RuntimeAssembly.InternalLoad(AssemblyName assemblyName, RuntimeAssembly requestingAssembly, StackCrawlMark& stackMark, Boolean throwOnFileNotFound, AssemblyLoadContext assemblyLoadContext)
   at System.Reflection.Assembly.Load(AssemblyName assemblyRef)
   at Microsoft.VisualStudio.TestPlatform.Common.Utilities.FakesUtilities.LoadTestPlatformAssembly()
TpTrace Verbose: 0 : 720, 1, 2023/01/21, 02:36:50.281, 1020187069836, vstest.console.dll, TestPluginCache.DiscoverTestExtensions: finding test extensions in assemblies ends with: TestLogger.dll TPluginInfo: Microsoft.VisualStudio.TestPlatform.Common.ExtensionFramework.Utilities.TestLoggerPluginInformation TExtension: Microsoft.VisualStudio.TestPlatform.ObjectModel.Client.ITestLogger
TpTrace Verbose: 0 : 720, 1, 2023/01/21, 02:36:50.281, 1020187070417, vstest.console.dll, TestPluginCache.GetExtensionPaths: Filtered extension paths: 
TpTrace Verbose: 0 : 720, 1, 2023/01/21, 02:36:50.281, 1020187070667, vstest.console.dll, TestPluginCache.GetExtensionPaths: Added default extension paths: C:\Program Files\dotnet\sdk\6.0.402\Extensions\Microsoft.Diagnostics.NETCore.Client.dll
C:\Program Files\dotnet\sdk\6.0.402\Extensions\Microsoft.TestPlatform.Extensions.BlameDataCollector.dll
C:\Program Files\dotnet\sdk\6.0.402\Extensions\Microsoft.TestPlatform.Extensions.EventLogCollector.dll
C:\Program Files\dotnet\sdk\6.0.402\Extensions\Microsoft.TestPlatform.TestHostRuntimeProvider.dll
C:\Program Files\dotnet\sdk\6.0.402\Extensions\Microsoft.VisualStudio.TestPlatform.Extensions.Html.TestLogger.dll
C:\Program Files\dotnet\sdk\6.0.402\Extensions\Microsoft.VisualStudio.TestPlatform.Extensions.Trx.TestLogger.dll
TpTrace Verbose: 0 : 720, 1, 2023/01/21, 02:36:50.281, 1020187070869, vstest.console.dll, TestPluginCache.GetExtensionPaths: Added unfilterableExtensionPaths: 
TpTrace Information: 0 : 720, 1, 2023/01/21, 02:36:50.281, 1020187071656, vstest.console.dll, AssemblyResolver.AddSearchDirectories: Adding more searchDirectories C:\Program Files\dotnet\sdk\6.0.402\Extensions,C:\Program Files\dotnet\sdk\6.0.402
TpTrace Verbose: 0 : 720, 1, 2023/01/21, 02:36:50.281, 1020187071989, vstest.console.dll, TestPluginCache.DiscoverTestExtensions: Discovering the extensions using extension path.
TpTrace Verbose: 0 : 720, 1, 2023/01/21, 02:36:50.281, 1020187072246, vstest.console.dll, TestPluginCache.GetExtensionPaths: Filtered extension paths: 
TpTrace Verbose: 0 : 720, 1, 2023/01/21, 02:36:50.281, 1020187072481, vstest.console.dll, TestPluginCache.GetExtensionPaths: Added default extension paths: C:\Program Files\dotnet\sdk\6.0.402\Extensions\Microsoft.Diagnostics.NETCore.Client.dll
C:\Program Files\dotnet\sdk\6.0.402\Extensions\Microsoft.TestPlatform.Extensions.BlameDataCollector.dll
C:\Program Files\dotnet\sdk\6.0.402\Extensions\Microsoft.TestPlatform.Extensions.EventLogCollector.dll
C:\Program Files\dotnet\sdk\6.0.402\Extensions\Microsoft.TestPlatform.TestHostRuntimeProvider.dll
C:\Program Files\dotnet\sdk\6.0.402\Extensions\Microsoft.VisualStudio.TestPlatform.Extensions.Html.TestLogger.dll
C:\Program Files\dotnet\sdk\6.0.402\Extensions\Microsoft.VisualStudio.TestPlatform.Extensions.Trx.TestLogger.dll
TpTrace Verbose: 0 : 720, 1, 2023/01/21, 02:36:50.281, 1020187072676, vstest.console.dll, TestPluginCache.GetExtensionPaths: Added unfilterableExtensionPaths: 
TpTrace Verbose: 0 : 720, 1, 2023/01/21, 02:36:50.281, 1020187072905, vstest.console.dll, TestPluginCache.DiscoverTestExtensions: Discovering the extensions using allExtensionPaths: C:\Program Files\dotnet\sdk\6.0.402\Extensions\Microsoft.Diagnostics.NETCore.Client.dll
C:\Program Files\dotnet\sdk\6.0.402\Extensions\Microsoft.TestPlatform.Extensions.BlameDataCollector.dll
C:\Program Files\dotnet\sdk\6.0.402\Extensions\Microsoft.TestPlatform.Extensions.EventLogCollector.dll
C:\Program Files\dotnet\sdk\6.0.402\Extensions\Microsoft.TestPlatform.TestHostRuntimeProvider.dll
C:\Program Files\dotnet\sdk\6.0.402\Extensions\Microsoft.VisualStudio.TestPlatform.Extensions.Html.TestLogger.dll
C:\Program Files\dotnet\sdk\6.0.402\Extensions\Microsoft.VisualStudio.TestPlatform.Extensions.Trx.TestLogger.dll
TpTrace Information: 0 : 720, 1, 2023/01/21, 02:36:50.281, 1020187073977, vstest.console.dll, AssemblyResolver.AddSearchDirectories: Adding more searchDirectories C:\Program Files\dotnet\sdk\6.0.402\Extensions,C:\Program Files\dotnet\sdk\6.0.402
TpTrace Information: 0 : 720, 1, 2023/01/21, 02:36:50.281, 1020187074316, vstest.console.dll, AssemblyResolver.AddSearchDirectories: Adding more searchDirectories C:\Program Files\dotnet\sdk\6.0.402\Extensions,C:\Program Files\dotnet\sdk\6.0.402
TpTrace Information: 0 : 720, 1, 2023/01/21, 02:36:50.281, 1020187074530, vstest.console.dll, AssemblyResolver.AddSearchDirectories: Adding more searchDirectories C:\Program Files\dotnet\sdk\6.0.402\Extensions,C:\Program Files\dotnet\sdk\6.0.402
TpTrace Information: 0 : 720, 1, 2023/01/21, 02:36:50.281, 1020187074729, vstest.console.dll, AssemblyResolver.AddSearchDirectories: Adding more searchDirectories C:\Program Files\dotnet\sdk\6.0.402\Extensions,C:\Program Files\dotnet\sdk\6.0.402
TpTrace Information: 0 : 720, 1, 2023/01/21, 02:36:50.281, 1020187074976, vstest.console.dll, AssemblyResolver.AddSearchDirectories: Adding more searchDirectories C:\Program Files\dotnet\sdk\6.0.402\Extensions,C:\Program Files\dotnet\sdk\6.0.402
TpTrace Information: 0 : 720, 1, 2023/01/21, 02:36:50.281, 1020187075191, vstest.console.dll, AssemblyResolver.AddSearchDirectories: Adding more searchDirectories C:\Program Files\dotnet\sdk\6.0.402\Extensions,C:\Program Files\dotnet\sdk\6.0.402
TpTrace Verbose: 0 : 720, 1, 2023/01/21, 02:36:50.281, 1020187076130, vstest.console.dll, MetadataReaderExtensionsHelper: Discovering extensions inside assembly 'Microsoft.Diagnostics.NETCore.Client, Version=0.2.5.801, Culture=neutral, PublicKeyToken=31bf3856ad364e35' file path 'C:\Program Files\dotnet\sdk\6.0.402\Extensions\Microsoft.Diagnostics.NETCore.Client.dll'
TpTrace Information: 0 : 720, 1, 2023/01/21, 02:36:50.281, 1020187078873, vstest.console.dll, AssemblyResolver.OnResolve: Microsoft.Bcl.AsyncInterfaces: Resolving assembly.
TpTrace Information: 0 : 720, 1, 2023/01/21, 02:36:50.282, 1020187079182, vstest.console.dll, AssemblyResolver.OnResolve: Microsoft.Bcl.AsyncInterfaces: Resolved from cache.
TpTrace Verbose: 0 : 720, 1, 2023/01/21, 02:36:50.282, 1020187079408, vstest.console.dll, CurrentDomainAssemblyResolve: Resolving assembly 'Microsoft.Bcl.AsyncInterfaces'.
TpTrace Information: 0 : 720, 1, 2023/01/21, 02:36:50.282, 1020187079738, vstest.console.dll, AssemblyResolver.OnResolve: Microsoft.Bcl.AsyncInterfaces: Resolving assembly.
TpTrace Information: 0 : 720, 1, 2023/01/21, 02:36:50.282, 1020187079943, vstest.console.dll, AssemblyResolver.OnResolve: Microsoft.Bcl.AsyncInterfaces: Resolved from cache.
TpTrace Verbose: 0 : 720, 1, 2023/01/21, 02:36:50.282, 1020187080170, vstest.console.dll, CurrentDomainAssemblyResolve: Resolving assembly 'Microsoft.Bcl.AsyncInterfaces'.
TpTrace Verbose: 0 : 720, 1, 2023/01/21, 02:36:50.282, 1020187080360, vstest.console.dll, CurrentDomainAssemblyResolve: Failed to resolve assembly 'Microsoft.Bcl.AsyncInterfaces'.
TpTrace Verbose: 0 : 720, 1, 2023/01/21, 02:36:50.282, 1020187081379, vstest.console.dll, CurrentDomainAssemblyResolve: Failed to resolve assembly 'Microsoft.Bcl.AsyncInterfaces'.
TpTrace Warning: 0 : 720, 1, 2023/01/21, 02:36:50.282, 1020187084416, vstest.console.dll, TestPluginDiscoverer: Failed to get types from assembly 'Microsoft.Diagnostics.NETCore.Client, Version=0.2.5.801, Culture=neutral, PublicKeyToken=31bf3856ad364e35'. Error: System.Reflection.ReflectionTypeLoadException: Unable to load one or more of the requested types.
Could not load file or assembly 'Microsoft.Bcl.AsyncInterfaces, Version=1.0.0.0, Culture=neutral, PublicKeyToken=cc7b13ffcd2ddd51'. The system cannot find the file specified.
   at System.Reflection.RuntimeModule.GetTypes(RuntimeModule module)
   at System.Reflection.Assembly.GetTypes()
   at Microsoft.VisualStudio.TestPlatform.Common.ExtensionFramework.TestPluginDiscoverer.GetTestExtensionsFromAssembly[TPluginInfo,TExtension](Assembly assembly, Dictionary`2 pluginInfos, String filePath)
System.IO.FileNotFoundException: Could not load file or assembly 'Microsoft.Bcl.AsyncInterfaces, Version=1.0.0.0, Culture=neutral, PublicKeyToken=cc7b13ffcd2ddd51'. The system cannot find the file specified.
File name: 'Microsoft.Bcl.AsyncInterfaces, Version=1.0.0.0, Culture=neutral, PublicKeyToken=cc7b13ffcd2ddd51'
 ---> System.IO.FileNotFoundException: Could not load file or assembly 'Microsoft.Bcl.AsyncInterfaces, Culture=neutral, PublicKeyToken=null'. The system cannot find the file specified.
File name: 'Microsoft.Bcl.AsyncInterfaces, Culture=neutral, PublicKeyToken=null'
   at System.Reflection.RuntimeAssembly.InternalLoad(ObjectHandleOnStack assemblyName, ObjectHandleOnStack requestingAssembly, StackCrawlMarkHandle stackMark, Boolean throwOnFileNotFound, ObjectHandleOnStack assemblyLoadContext, ObjectHandleOnStack retAssembly)
   at System.Reflection.RuntimeAssembly.InternalLoad(AssemblyName assemblyName, RuntimeAssembly requestingAssembly, StackCrawlMark& stackMark, Boolean throwOnFileNotFound, AssemblyLoadContext assemblyLoadContext)
   at System.Reflection.Assembly.Load(AssemblyName assemblyRef)
   at Microsoft.VisualStudio.TestPlatform.Common.ExtensionFramework.TestPluginCache.CurrentDomainAssemblyResolve(Object sender, AssemblyResolveEventArgs args)
   at Microsoft.VisualStudio.TestPlatform.PlatformAbstractions.PlatformAssemblyResolver.AssemblyResolverEvent(Object sender, Object eventArgs)
   at System.Runtime.Loader.AssemblyLoadContext.GetFirstResolvedAssemblyFromResolvingEvent(AssemblyName assemblyName)
   at System.Runtime.Loader.AssemblyLoadContext.ResolveUsingEvent(AssemblyName assemblyName)
   at System.Runtime.Loader.AssemblyLoadContext.ResolveUsingResolvingEvent(IntPtr gchManagedAssemblyLoadContext, AssemblyName assemblyName)
TpTrace Warning: 0 : 720, 1, 2023/01/21, 02:36:50.282, 1020187086630, vstest.console.dll, LoaderExceptions: System.IO.FileNotFoundException: Could not load file or assembly 'Microsoft.Bcl.AsyncInterfaces, Version=1.0.0.0, Culture=neutral, PublicKeyToken=cc7b13ffcd2ddd51'. The system cannot find the file specified.
File name: 'Microsoft.Bcl.AsyncInterfaces, Version=1.0.0.0, Culture=neutral, PublicKeyToken=cc7b13ffcd2ddd51'
 ---> System.IO.FileNotFoundException: Could not load file or assembly 'Microsoft.Bcl.AsyncInterfaces, Culture=neutral, PublicKeyToken=null'. The system cannot find the file specified.
File name: 'Microsoft.Bcl.AsyncInterfaces, Culture=neutral, PublicKeyToken=null'
   at System.Reflection.RuntimeAssembly.InternalLoad(ObjectHandleOnStack assemblyName, ObjectHandleOnStack requestingAssembly, StackCrawlMarkHandle stackMark, Boolean throwOnFileNotFound, ObjectHandleOnStack assemblyLoadContext, ObjectHandleOnStack retAssembly)
   at System.Reflection.RuntimeAssembly.InternalLoad(AssemblyName assemblyName, RuntimeAssembly requestingAssembly, StackCrawlMark& stackMark, Boolean throwOnFileNotFound, AssemblyLoadContext assemblyLoadContext)
   at System.Reflection.Assembly.Load(AssemblyName assemblyRef)
   at Microsoft.VisualStudio.TestPlatform.Common.ExtensionFramework.TestPluginCache.CurrentDomainAssemblyResolve(Object sender, AssemblyResolveEventArgs args)
   at Microsoft.VisualStudio.TestPlatform.PlatformAbstractions.PlatformAssemblyResolver.AssemblyResolverEvent(Object sender, Object eventArgs)
   at System.Runtime.Loader.AssemblyLoadContext.GetFirstResolvedAssemblyFromResolvingEvent(AssemblyName assemblyName)
   at System.Runtime.Loader.AssemblyLoadContext.ResolveUsingEvent(AssemblyName assemblyName)
   at System.Runtime.Loader.AssemblyLoadContext.ResolveUsingResolvingEvent(IntPtr gchManagedAssemblyLoadContext, AssemblyName assemblyName)
TpTrace Verbose: 0 : 720, 1, 2023/01/21, 02:36:50.282, 1020187087696, vstest.console.dll, MetadataReaderExtensionsHelper: Discovering extensions inside assembly 'Microsoft.TestPlatform.Extensions.BlameDataCollector, Version=15.0.0.0, Culture=neutral, PublicKeyToken=b03f5f7f11d50a3a' file path 'C:\Program Files\dotnet\sdk\6.0.402\Extensions\Microsoft.TestPlatform.Extensions.BlameDataCollector.dll'
TpTrace Information: 0 : 720, 1, 2023/01/21, 02:36:50.283, 1020187090556, vstest.console.dll, GetTestExtensionFromType: Register extension with identifier data 'logger://Microsoft/TestPlatform/Extensions/Blame/v1' and type 'Microsoft.TestPlatform.Extensions.BlameDataCollector.BlameLogger, Microsoft.TestPlatform.Extensions.BlameDataCollector, Version=15.0.0.0, Culture=neutral, PublicKeyToken=b03f5f7f11d50a3a' inside file 'C:\Program Files\dotnet\sdk\6.0.402\Extensions\Microsoft.TestPlatform.Extensions.BlameDataCollector.dll'
TpTrace Verbose: 0 : 720, 1, 2023/01/21, 02:36:50.283, 1020187091006, vstest.console.dll, MetadataReaderExtensionsHelper: Discovering extensions inside assembly 'Microsoft.TestPlatform.Extensions.EventLogCollector, Version=15.0.0.0, Culture=neutral, PublicKeyToken=b03f5f7f11d50a3a' file path 'C:\Program Files\dotnet\sdk\6.0.402\Extensions\Microsoft.TestPlatform.Extensions.EventLogCollector.dll'
TpTrace Verbose: 0 : 720, 1, 2023/01/21, 02:36:50.283, 1020187092728, vstest.console.dll, MetadataReaderExtensionsHelper: Discovering extensions inside assembly 'Microsoft.TestPlatform.TestHostRuntimeProvider, Version=15.0.0.0, Culture=neutral, PublicKeyToken=b03f5f7f11d50a3a' file path 'C:\Program Files\dotnet\sdk\6.0.402\Extensions\Microsoft.TestPlatform.TestHostRuntimeProvider.dll'
TpTrace Verbose: 0 : 720, 1, 2023/01/21, 02:36:50.283, 1020187094714, vstest.console.dll, MetadataReaderExtensionsHelper: Discovering extensions inside assembly 'Microsoft.VisualStudio.TestPlatform.Extensions.Html.TestLogger, Version=15.0.0.0, Culture=neutral, PublicKeyToken=b03f5f7f11d50a3a' file path 'C:\Program Files\dotnet\sdk\6.0.402\Extensions\Microsoft.VisualStudio.TestPlatform.Extensions.Html.TestLogger.dll'
TpTrace Information: 0 : 720, 1, 2023/01/21, 02:36:50.283, 1020187096853, vstest.console.dll, GetTestExtensionFromType: Register extension with identifier data 'logger://Microsoft/TestPlatform/HtmlLogger/v1' and type 'Microsoft.VisualStudio.TestPlatform.Extensions.HtmlLogger.HtmlLogger, Microsoft.VisualStudio.TestPlatform.Extensions.Html.TestLogger, Version=15.0.0.0, Culture=neutral, PublicKeyToken=b03f5f7f11d50a3a' inside file 'C:\Program Files\dotnet\sdk\6.0.402\Extensions\Microsoft.VisualStudio.TestPlatform.Extensions.Html.TestLogger.dll'
TpTrace Verbose: 0 : 720, 1, 2023/01/21, 02:36:50.283, 1020187097334, vstest.console.dll, MetadataReaderExtensionsHelper: Discovering extensions inside assembly 'Microsoft.VisualStudio.TestPlatform.Extensions.Trx.TestLogger, Version=15.0.0.0, Culture=neutral, PublicKeyToken=b03f5f7f11d50a3a' file path 'C:\Program Files\dotnet\sdk\6.0.402\Extensions\Microsoft.VisualStudio.TestPlatform.Extensions.Trx.TestLogger.dll'
TpTrace Information: 0 : 720, 1, 2023/01/21, 02:36:50.284, 1020187099507, vstest.console.dll, GetTestExtensionFromType: Register extension with identifier data 'logger://Microsoft/TestPlatform/TrxLogger/v1' and type 'Microsoft.VisualStudio.TestPlatform.Extensions.TrxLogger.TrxLogger, Microsoft.VisualStudio.TestPlatform.Extensions.Trx.TestLogger, Version=15.0.0.0, Culture=neutral, PublicKeyToken=b03f5f7f11d50a3a' inside file 'C:\Program Files\dotnet\sdk\6.0.402\Extensions\Microsoft.VisualStudio.TestPlatform.Extensions.Trx.TestLogger.dll'
TpTrace Verbose: 0 : 720, 1, 2023/01/21, 02:36:50.284, 1020187099994, vstest.console.dll, TestPluginCache: Discovered the extensions using extension path ''.
TpTrace Verbose: 0 : 720, 1, 2023/01/21, 02:36:50.284, 1020187100241, vstest.console.dll, TestPluginCache: Discoverers are ''.
TpTrace Verbose: 0 : 720, 1, 2023/01/21, 02:36:50.284, 1020187100429, vstest.console.dll, TestPluginCache: Executors are ''.
TpTrace Verbose: 0 : 720, 1, 2023/01/21, 02:36:50.284, 1020187100598, vstest.console.dll, TestPluginCache: Executors2 are ''.
TpTrace Verbose: 0 : 720, 1, 2023/01/21, 02:36:50.284, 1020187100805, vstest.console.dll, TestPluginCache: Setting providers are ''.
TpTrace Verbose: 0 : 720, 1, 2023/01/21, 02:36:50.284, 1020187101277, vstest.console.dll, TestPluginCache: Loggers are 'logger://Microsoft/TestPlatform/Extensions/Blame/v1,logger://Microsoft/TestPlatform/HtmlLogger/v1,logger://Microsoft/TestPlatform/TrxLogger/v1'.
TpTrace Verbose: 0 : 720, 1, 2023/01/21, 02:36:50.284, 1020187101610, vstest.console.dll, TestPluginCache: TestHosts are 'HostProvider://DefaultTestHost,HostProvider://DotnetTestHost'.
TpTrace Verbose: 0 : 720, 1, 2023/01/21, 02:36:50.284, 1020187101814, vstest.console.dll, TestPluginCache: DataCollectors are ''.
TpTrace Information: 0 : 720, 1, 2023/01/21, 02:36:50.284, 1020187106769, vstest.console.dll, TestPluginManager.CreateTestExtension: Attempting to load test extension: Microsoft.TestPlatform.Extensions.BlameDataCollector.BlameLogger
TpTrace Verbose: 0 : 720, 1, 2023/01/21, 02:36:50.291, 1020187168960, vstest.console.dll, TestEngine: Initializing Parallel Execution as MaxCpuCount is set to: 1
TpTrace Information: 0 : 720, 1, 2023/01/21, 02:36:50.292, 1020187188892, vstest.console.dll, TestPluginManager.CreateTestExtension: Attempting to load test extension: Microsoft.VisualStudio.TestPlatform.CrossPlatEngine.Hosting.DefaultTestHostManager
TpTrace Information: 0 : 720, 1, 2023/01/21, 02:36:50.293, 1020187194300, vstest.console.dll, TestPluginManager.CreateTestExtension: Attempting to load test extension: Microsoft.VisualStudio.TestPlatform.CrossPlatEngine.Hosting.DotnetTestHostManager
TpTrace Information: 0 : 720, 1, 2023/01/21, 02:36:50.293, 1020187198793, vstest.console.dll, InferRunSettingsHelper.IsTestSettingsEnabled: Unable to navigate to RunSettings/MSTest. Current node: RunSettings
TpTrace Verbose: 0 : 720, 1, 2023/01/21, 02:36:50.298, 1020187241380, vstest.console.dll, TestEngine.GetExecutionManager: Chosen execution manager 'Microsoft.VisualStudio.TestPlatform.CrossPlatEngine.Client.Parallel.ParallelProxyExecutionManager, Microsoft.TestPlatform.CrossPlatEngine, Version=15.0.0.0, Culture=neutral, PublicKeyToken=b03f5f7f11d50a3a' ParallelLevel '1'.
TpTrace Verbose: 0 : 720, 1, 2023/01/21, 02:36:50.298, 1020187242363, vstest.console.dll, TestRunRequest.ExecuteAsync: Creating test run request.
TpTrace Verbose: 0 : 720, 1, 2023/01/21, 02:36:50.298, 1020187244048, vstest.console.dll, TestRunRequest.ExecuteAsync: Starting.
TpTrace Information: 0 : 720, 1, 2023/01/21, 02:36:50.298, 1020187248793, vstest.console.dll, TestRunRequest.ExecuteAsync: Starting run with settings:TestRunCriteria:
   KeepAlive=False,FrequencyOfRunStatsChangeEvent=10,RunStatsChangeEventTimeout=00:00:01.5000000,TestCaseFilter=,TestExecutorLauncher=
   Settingsxml=<RunSettings>
  <RunConfiguration>
    <ResultsDirectory>D:\HOKAIDO\KPI\5 SEM\.NET Web\ProductStorage\ProductStorage.Tests\bin\Debug\net5.0\fine-code-coverage\coverage-tool-output</ResultsDirectory>
    <TargetPlatform>X64</TargetPlatform>
    <TargetFrameworkVersion>.NETCoreApp,Version=v5.0</TargetFrameworkVersion>
    <DesignMode>False</DesignMode>
    <CollectSourceInformation>False</CollectSourceInformation>
  </RunConfiguration>
  <LoggerRunSettings>
    <Loggers>
      <Logger friendlyName="blame" enabled="True" />
      <Logger friendlyName="Console" uri="logger://microsoft/TestPlatform/ConsoleLogger/v1" assemblyQualifiedName="Microsoft.VisualStudio.TestPlatform.CommandLine.Internal.ConsoleLogger, vstest.console, Version=15.0.0.0, Culture=neutral, PublicKeyToken=b03f5f7f11d50a3a" codeBase="C:\Program Files\dotnet\sdk\6.0.402\vstest.console.dll" enabled="True" />
    </Loggers>
  </LoggerRunSettings>
  <DataCollectionRunSettings>
    <DataCollectors>
      <DataCollector friendlyName="blame" enabled="True">
        <Configuration>
          <ResultsDirectory>D:\HOKAIDO\KPI\5 SEM\.NET Web\ProductStorage\ProductStorage.Tests\bin\Debug\net5.0\fine-code-coverage\coverage-tool-output</ResultsDirectory>
        </Configuration>
      </DataCollector>
    </DataCollectors>
  </DataCollectionRunSettings>
</RunSettings>

TpTrace Verbose: 0 : 720, 1, 2023/01/21, 02:36:50.299, 1020187249233, vstest.console.dll, TestRunRequest.ExecuteAsync: Wait for the first run request is over.
TpTrace Verbose: 0 : 720, 1, 2023/01/21, 02:36:50.299, 1020187251272, vstest.console.dll, MulticastDelegateUtilities.SafeInvoke: TestRun.TestRunStart: Invoking callbacks was skipped because there are no subscribers.
TpTrace Verbose: 0 : 720, 4, 2023/01/21, 02:36:50.299, 1020187253478, vstest.console.dll, MulticastDelegateUtilities.SafeInvoke: InternalTestLoggerEvents.SendTestRunStart: Invoking callback 1/1 for Microsoft.VisualStudio.TestPlatform.CommandLine.Internal.ConsoleLogger.TestRunStartHandler, took 0 ms.
TpTrace Verbose: 0 : 720, 1, 2023/01/21, 02:36:50.300, 1020187259144, vstest.console.dll, ParallelProxyExecutionManager: Start execution. Total sources: 1
TpTrace Verbose: 0 : 720, 1, 2023/01/21, 02:36:50.301, 1020187274803, vstest.console.dll, TestRequestSender is acting as server.
TpTrace Verbose: 0 : 720, 1, 2023/01/21, 02:36:50.302, 1020187284235, vstest.console.dll, DataCollectionRequestSender.InitializeCommunication : Initialize communication. 
TpTrace Information: 0 : 720, 1, 2023/01/21, 02:36:50.307, 1020187329295, vstest.console.dll, Listening on Endpoint : 127.0.0.1:49591
TpTrace Verbose: 0 : 720, 1, 2023/01/21, 02:36:50.313, 1020187397976, vstest.console.dll, DotnetDataCollectionLauncher: Adding  --runtimeconfig "C:\Program Files\dotnet\sdk\6.0.402\datacollector.runtimeconfig.json" in args
TpTrace Verbose: 0 : 720, 1, 2023/01/21, 02:36:50.314, 1020187399031, vstest.console.dll, DotnetDataCollectionLauncher: Adding  --depsfile "C:\Program Files\dotnet\sdk\6.0.402\datacollector.deps.json" in args
TpTrace Verbose: 0 : 720, 1, 2023/01/21, 02:36:50.314, 1020187400030, vstest.console.dll, DotnetDataCollectionLauncher: Full path of dotnet.exe is C:\Program Files\dotnet\dotnet.exe
TpTrace Information: 0 : 720, 1, 2023/01/21, 02:36:50.322, 1020187481332, vstest.console.dll, ProxyDataCollectionManager.Initialize: Launched datacollector processId: 17076 port: 49591
TpTrace Information: 0 : 720, 1, 2023/01/21, 02:36:50.322, 1020187483261, vstest.console.dll, ProxyDataCollectionManager.Initialize: waiting for connection with timeout: 90 seconds
TpTrace Verbose: 0 : 720, 1, 2023/01/21, 02:36:50.322, 1020187484226, vstest.console.dll, DataCollectionRequestSender.WaitForRequestHandlerConnection : Waiting for connection with timeout: 90000
TpTrace Information: 0 : 720, 5, 2023/01/21, 02:36:50.441, 1020188677223, vstest.console.dll, Using the buffer size of 16384 bytes
TpTrace Verbose: 0 : 720, 1, 2023/01/21, 02:36:50.441, 1020188677387, vstest.console.dll, SocketCommunicationManager.WaitForClientConnection took: 119 ms, with 90000 ms timeout, and finished with True.
TpTrace Verbose: 0 : 720, 1, 2023/01/21, 02:36:50.442, 1020188678980, vstest.console.dll, ProxyDataCollectionManager.InvokeDataCollectionServiceAction: Starting.
TpTrace Information: 0 : 720, 1, 2023/01/21, 02:36:50.442, 1020188679698, vstest.console.dll, ProxyDataCollectionManager.BeforeTestRunStart: Get environment variable and port for datacollector processId: 17076 port: 49591
TpTrace Verbose: 0 : 720, 1, 2023/01/21, 02:36:50.442, 1020188680664, vstest.console.dll, DataCollectionRequestSender.SendBeforeTestRunStartAndGetResult: Send BeforeTestRunStart message with settingsXml <RunSettings><RunConfiguration><ResultsDirectory>D:\HOKAIDO\KPI\5 SEM\.NET Web\ProductStorage\ProductStorage.Tests\bin\Debug\net5.0\fine-code-coverage\coverage-tool-output</ResultsDirectory><TargetPlatform>X64</TargetPlatform><TargetFrameworkVersion>.NETCoreApp,Version=v5.0</TargetFrameworkVersion><DesignMode>False</DesignMode><CollectSourceInformation>False</CollectSourceInformation><TestAdaptersPaths>C:\Program Files\dotnet\sdk\6.0.402\Extensions</TestAdaptersPaths></RunConfiguration><LoggerRunSettings><Loggers><Logger friendlyName="blame" enabled="True" /><Logger friendlyName="Console" uri="logger://microsoft/TestPlatform/ConsoleLogger/v1" assemblyQualifiedName="Microsoft.VisualStudio.TestPlatform.CommandLine.Internal.ConsoleLogger, vstest.console, Version=15.0.0.0, Culture=neutral, PublicKeyToken=b03f5f7f11d50a3a" codeBase="C:\Program Files\dotnet\sdk\6.0.402\vstest.console.dll" enabled="True" /></Loggers></LoggerRunSettings><DataCollectionRunSettings><DataCollectors><DataCollector friendlyName="blame" enabled="True"><Configuration><ResultsDirectory>D:\HOKAIDO\KPI\5 SEM\.NET Web\ProductStorage\ProductStorage.Tests\bin\Debug\net5.0\fine-code-coverage\coverage-tool-output</ResultsDirectory></Configuration></DataCollector></DataCollectors></DataCollectionRunSettings></RunSettings> and sources System.Collections.Generic.List`1[System.String]: 
TpTrace Information: 0 : 720, 5, 2023/01/21, 02:36:50.441, 1020188678063, vstest.console.dll, Accepted Client request and set the flag
TpTrace Verbose: 0 : 720, 1, 2023/01/21, 02:36:50.540, 1020189667607, vstest.console.dll, DataCollectionRequestSender.SendBeforeTestRunStartAndGetResult: Received message: (DataCollection.SendMessage) -> {"MessageType":"DataCollection.SendMessage","Payload":{"FriendlyName":null,"Uri":null,"TestCaseId":"00000000-0000-0000-0000-000000000000","Message":"Logging DataCollector Diagnostics in file: D:\\HOKAIDO\\KPI\\5 SEM\\.NET Web\\ProductStorage\\ProductStorage.Tests\\bin\\Debug\\net5.0\\fine-code-coverage\\coverage-tool-output\\diagnostics.datacollector.23-01-21_02-36-50_31349_1.log","Level":0}}
TpTrace Verbose: 0 : 720, 1, 2023/01/21, 02:36:50.611, 1020190377488, vstest.console.dll, DataCollectionRequestSender.SendBeforeTestRunStartAndGetResult: Received message: (DataCollection.BeforeTestRunStartResult) -> {"MessageType":"DataCollection.BeforeTestRunStartResult","Payload":{"EnvironmentVariables":{},"DataCollectionEventsPort":49593}}
TpTrace Information: 0 : 720, 1, 2023/01/21, 02:36:50.617, 1020190431690, vstest.console.dll, ProxyDataCollectionManager.BeforeTestRunStart: SendBeforeTestRunStartAndGetResult successful, env variable from datacollector:   and testhost port: 49593
TpTrace Information: 0 : 720, 1, 2023/01/21, 02:36:50.617, 1020190432546, vstest.console.dll, ProxyDataCollectionManager.InvokeDataCollectionServiceAction: Completed.
TpTrace Verbose: 0 : 720, 7, 2023/01/21, 02:36:50.617, 1020190433573, vstest.console.dll, ParallelProxyExecutionManager: Execution started. Started clients: 1
TpTrace Verbose: 0 : 720, 1, 2023/01/21, 02:36:50.617, 1020190433988, vstest.console.dll, ProxyParallelExecutionManager: No sources available for execution.
TpTrace Information: 0 : 720, 1, 2023/01/21, 02:36:50.617, 1020190434485, vstest.console.dll, TestRunRequest.ExecuteAsync: Started.
TpTrace Verbose: 0 : 720, 1, 2023/01/21, 02:36:50.617, 1020190435304, vstest.console.dll, TestRunRequest.WaitForCompletion: Waiting with timeout -1.
TpTrace Verbose: 0 : 720, 7, 2023/01/21, 02:36:50.617, 1020190436198, vstest.console.dll, TestRunRequest:SendTestRunMessage: Starting.
TpTrace Verbose: 0 : 720, 7, 2023/01/21, 02:36:50.617, 1020190437523, vstest.console.dll, MulticastDelegateUtilities.SafeInvoke: TestRun.LogMessages: Invoking callback 1/1 for Microsoft.VisualStudio.TestPlatform.CommandLine.TestRunResultAggregator.TestRunMessageHandler, took 0 ms.
TpTrace Verbose: 0 : 720, 4, 2023/01/21, 02:36:50.617, 1020190437533, vstest.console.dll, MulticastDelegateUtilities.SafeInvoke: InternalTestLoggerEvents.SendTestRunMessage: Invoking callback 1/1 for Microsoft.VisualStudio.TestPlatform.CommandLine.Internal.ConsoleLogger.TestMessageHandler, took 0 ms.
TpTrace Information: 0 : 720, 7, 2023/01/21, 02:36:50.617, 1020190437898, vstest.console.dll, TestRunRequest:SendTestRunMessage: Completed.
TpTrace Verbose: 0 : 720, 7, 2023/01/21, 02:36:50.618, 1020190440045, vstest.console.dll, ProxyExecutionManager: Test host is always Lazy initialize.
TpTrace Verbose: 0 : 720, 7, 2023/01/21, 02:36:50.618, 1020190442333, vstest.console.dll, TestRequestSender.InitializeCommunication: initialize communication. 
TpTrace Information: 0 : 720, 7, 2023/01/21, 02:36:50.618, 1020190448167, vstest.console.dll, SocketServer.Start: Listening on endpoint : 127.0.0.1:49594
TpTrace Verbose: 0 : 720, 7, 2023/01/21, 02:36:50.619, 1020190455091, vstest.console.dll, DotnetTestHostmanager.GetTestHostProcessStartInfo: Platform environment 'X64' target architecture 'X64' framework '.NETCoreApp,Version=v5.0' OS 'Windows'
TpTrace Verbose: 0 : 720, 7, 2023/01/21, 02:36:50.619, 1020190458123, vstest.console.dll, DotnetTestHostmanager: Adding  --runtimeconfig "D:\HOKAIDO\KPI\5 SEM\.NET Web\ProductStorage\ProductStorage.Tests\bin\Debug\net5.0\fine-code-coverage\build-output\ProductStorage.Tests.runtimeconfig.json" in args
TpTrace Verbose: 0 : 720, 7, 2023/01/21, 02:36:50.620, 1020190458999, vstest.console.dll, DotnetTestHostmanager: Adding  --depsfile "D:\HOKAIDO\KPI\5 SEM\.NET Web\ProductStorage\ProductStorage.Tests\bin\Debug\net5.0\fine-code-coverage\build-output\ProductStorage.Tests.deps.json" in args
TpTrace Verbose: 0 : 720, 7, 2023/01/21, 02:36:50.620, 1020190460734, vstest.console.dll, DotnetTestHostmanager.IsWinOnArm: Current PROCESSOR_ARCHITECTURE from environment variable 'AMD64'
TpTrace Verbose: 0 : 720, 7, 2023/01/21, 02:36:50.620, 1020190461346, vstest.console.dll, DotnetTestHostmanager.IsWinOnArm: Is Windows on ARM 'False'
TpTrace Verbose: 0 : 720, 7, 2023/01/21, 02:36:50.620, 1020190461865, vstest.console.dll, DotnetTestHostManager: testhost.exe found at path: D:\HOKAIDO\KPI\5 SEM\.NET Web\ProductStorage\ProductStorage.Tests\bin\Debug\net5.0\fine-code-coverage\build-output\testhost.exe
TpTrace Verbose: 0 : 720, 7, 2023/01/21, 02:36:50.620, 1020190462244, vstest.console.dll, DotnetTestHostmanager: Full path of host exe is D:\HOKAIDO\KPI\5 SEM\.NET Web\ProductStorage\ProductStorage.Tests\bin\Debug\net5.0\fine-code-coverage\build-output\testhost.exe
TpTrace Verbose: 0 : 720, 7, 2023/01/21, 02:36:50.620, 1020190463142, vstest.console.dll, DotnetTestHostmanager.LaunchTestHostAsync: Found 'VSTEST_WINAPPHOST_DOTNET_ROOT' in env variables, value 'C:\Program Files\dotnet', forwarding to 'DOTNET_ROOT'
TpTrace Verbose: 0 : 720, 7, 2023/01/21, 02:36:50.620, 1020190464424, vstest.console.dll, DotnetTestHostManager: Starting process 'D:\HOKAIDO\KPI\5 SEM\.NET Web\ProductStorage\ProductStorage.Tests\bin\Debug\net5.0\fine-code-coverage\build-output\testhost.exe' with command line ' --runtimeconfig "D:\HOKAIDO\KPI\5 SEM\.NET Web\ProductStorage\ProductStorage.Tests\bin\Debug\net5.0\fine-code-coverage\build-output\ProductStorage.Tests.runtimeconfig.json" --depsfile "D:\HOKAIDO\KPI\5 SEM\.NET Web\ProductStorage\ProductStorage.Tests\bin\Debug\net5.0\fine-code-coverage\build-output\ProductStorage.Tests.deps.json" --port 49594 --endpoint 127.0.0.1:049594 --role client --parentprocessid 720 --diag "D:\HOKAIDO\KPI\5 SEM\.NET Web\ProductStorage\ProductStorage.Tests\bin\Debug\net5.0\fine-code-coverage\coverage-tool-output\diagnostics.host.23-01-21_02-36-50_61928_7.log" --tracelevel 4 --datacollectionport 49593 --telemetryoptedin false'
TpTrace Verbose: 0 : 720, 7, 2023/01/21, 02:36:50.650, 1020190767126, vstest.console.dll, MulticastDelegateUtilities.SafeInvoke: HostProviderEvents.OnHostLaunched: Invoking callback 1/2 for Microsoft.VisualStudio.TestPlatform.CrossPlatEngine.Client.ProxyExecutionManagerWithDataCollection.TestHostLaunchedHandler, took 1 ms.
TpTrace Verbose: 0 : 720, 7, 2023/01/21, 02:36:50.650, 1020190768462, vstest.console.dll, Test Runtime launched
TpTrace Verbose: 0 : 720, 7, 2023/01/21, 02:36:50.651, 1020190769037, vstest.console.dll, MulticastDelegateUtilities.SafeInvoke: HostProviderEvents.OnHostLaunched: Invoking callback 2/2 for Microsoft.VisualStudio.TestPlatform.CrossPlatEngine.Client.ProxyOperationManager.TestHostManagerHostLaunched, took 0 ms.
TpTrace Verbose: 0 : 720, 7, 2023/01/21, 02:36:50.653, 1020190791363, vstest.console.dll, TestRequestSender.WaitForRequestHandlerConnection: waiting for connection with timeout: 90000.
TpTrace Verbose: 0 : 720, 10, 2023/01/21, 02:36:50.817, 1020192433236, vstest.console.dll, MulticastDelegateUtilities.SafeInvoke: SocketServer: ClientConnected: Invoking callback 1/1 for Microsoft.VisualStudio.TestPlatform.CommunicationUtilities.TestRequestSender.<InitializeCommunication>b__24_0, took 0 ms.
TpTrace Verbose: 0 : 720, 10, 2023/01/21, 02:36:50.817, 1020192434294, vstest.console.dll, SocketServer.OnClientConnected: Client connected for endPoint: 127.0.0.1:49594, starting MessageLoopAsync:
TpTrace Verbose: 0 : 720, 7, 2023/01/21, 02:36:50.817, 1020192433446, vstest.console.dll, TestRequestSender.WaitForRequestHandlerConnection: waiting took 164 ms, with timeout 90000 ms, and result 0, which is success.
TpTrace Verbose: 0 : 720, 13, 2023/01/21, 02:36:50.817, 1020192436240, vstest.console.dll, TcpClientExtensions.MessageLoopAsync: Polling on remoteEndPoint: 127.0.0.1:49595 localEndPoint: 127.0.0.1:49594
TpTrace Verbose: 0 : 720, 7, 2023/01/21, 02:36:50.818, 1020192441416, vstest.console.dll, TestRequestSender.CheckVersionWithTestHost: Sending check version message: {"MessageType":"ProtocolVersion","Payload":7}
TpTrace Verbose: 0 : 720, 13, 2023/01/21, 02:36:50.931, 1020193575734, vstest.console.dll, TcpClientExtensions.MessageLoopAsync: NotifyDataAvailable remoteEndPoint: 127.0.0.1:49595 localEndPoint: 127.0.0.1:49594
TpTrace Verbose: 0 : 720, 13, 2023/01/21, 02:36:50.931, 1020193577572, vstest.console.dll, TestRequestSender.CheckVersionWithTestHost: onMessageReceived received message: (ProtocolVersion) -> {"MessageType":"ProtocolVersion","Payload":5}
TpTrace Verbose: 0 : 720, 13, 2023/01/21, 02:36:50.932, 1020193582603, vstest.console.dll, MulticastDelegateUtilities.SafeInvoke: LengthPrefixCommunicationChannel: MessageReceived: Invoking callback 1/1 for Microsoft.VisualStudio.TestPlatform.CommunicationUtilities.TestRequestSender+<>c__DisplayClass26_0.<CheckVersionWithTestHost>b__0, took 0 ms.
TpTrace Verbose: 0 : 720, 13, 2023/01/21, 02:36:50.932, 1020193583389, vstest.console.dll, TcpClientExtensions.MessageLoopAsync: Polling on remoteEndPoint: 127.0.0.1:49595 localEndPoint: 127.0.0.1:49594
TpTrace Verbose: 0 : 720, 7, 2023/01/21, 02:36:50.932, 1020193583659, vstest.console.dll, TestPluginCache.GetExtensionPaths: Filtered extension paths: 
TpTrace Verbose: 0 : 720, 7, 2023/01/21, 02:36:50.932, 1020193584207, vstest.console.dll, TestPluginCache.GetExtensionPaths: Added default extension paths: C:\Program Files\dotnet\sdk\6.0.402\Extensions\Microsoft.Diagnostics.NETCore.Client.dll
C:\Program Files\dotnet\sdk\6.0.402\Extensions\Microsoft.TestPlatform.Extensions.BlameDataCollector.dll
C:\Program Files\dotnet\sdk\6.0.402\Extensions\Microsoft.TestPlatform.Extensions.EventLogCollector.dll
C:\Program Files\dotnet\sdk\6.0.402\Extensions\Microsoft.TestPlatform.TestHostRuntimeProvider.dll
C:\Program Files\dotnet\sdk\6.0.402\Extensions\Microsoft.VisualStudio.TestPlatform.Extensions.Html.TestLogger.dll
C:\Program Files\dotnet\sdk\6.0.402\Extensions\Microsoft.VisualStudio.TestPlatform.Extensions.Trx.TestLogger.dll
TpTrace Verbose: 0 : 720, 7, 2023/01/21, 02:36:50.932, 1020193584491, vstest.console.dll, TestPluginCache.GetExtensionPaths: Added unfilterableExtensionPaths: 
TpTrace Verbose: 0 : 720, 7, 2023/01/21, 02:36:50.934, 1020193606683, vstest.console.dll, TestRequestSender.InitializeExecution: Sending initialize execution with message: {"Version":5,"MessageType":"TestExecution.Initialize","Payload":["D:\\HOKAIDO\\KPI\\5 SEM\\.NET Web\\ProductStorage\\ProductStorage.Tests\\bin\\Debug\\net5.0\\fine-code-coverage\\build-output\\xunit.runner.visualstudio.dotnetcore.testadapter.dll"]}
TpTrace Warning: 0 : 720, 7, 2023/01/21, 02:36:50.935, 1020193609614, vstest.console.dll, InferRunSettingsHelper.MakeRunsettingsCompatible: Removing the following settings: TargetPlatform from RunSettings file. To use those settings please move to latest version of Microsoft.NET.Test.Sdk
TpTrace Verbose: 0 : 720, 13, 2023/01/21, 02:36:50.946, 1020193724837, vstest.console.dll, TcpClientExtensions.MessageLoopAsync: NotifyDataAvailable remoteEndPoint: 127.0.0.1:49595 localEndPoint: 127.0.0.1:49594
TpTrace Verbose: 0 : 720, 13, 2023/01/21, 02:36:50.946, 1020193726212, vstest.console.dll, TestRequestSender.OnExecutionMessageReceived: Received message: {"Version":5,"MessageType":"TestSession.Message","Payload":{"MessageLevel":0,"Message":"Logging TestHost Diagnostics in file: D:\\HOKAIDO\\KPI\\5 SEM\\.NET Web\\ProductStorage\\ProductStorage.Tests\\bin\\Debug\\net5.0\\fine-code-coverage\\coverage-tool-output\\diagnostics.host.23-01-21_02-36-50_61928_7.log"}}
TpTrace Verbose: 0 : 720, 13, 2023/01/21, 02:36:50.948, 1020193747640, vstest.console.dll, TestRunRequest:SendTestRunMessage: Starting.
TpTrace Verbose: 0 : 720, 13, 2023/01/21, 02:36:50.948, 1020193748636, vstest.console.dll, MulticastDelegateUtilities.SafeInvoke: TestRun.LogMessages: Invoking callback 1/1 for Microsoft.VisualStudio.TestPlatform.CommandLine.TestRunResultAggregator.TestRunMessageHandler, took 0 ms.
TpTrace Information: 0 : 720, 13, 2023/01/21, 02:36:50.949, 1020193748933, vstest.console.dll, TestRunRequest:SendTestRunMessage: Completed.
TpTrace Verbose: 0 : 720, 4, 2023/01/21, 02:36:50.949, 1020193749141, vstest.console.dll, MulticastDelegateUtilities.SafeInvoke: InternalTestLoggerEvents.SendTestRunMessage: Invoking callback 1/1 for Microsoft.VisualStudio.TestPlatform.CommandLine.Internal.ConsoleLogger.TestMessageHandler, took 0 ms.
TpTrace Verbose: 0 : 720, 13, 2023/01/21, 02:36:50.949, 1020193749252, vstest.console.dll, MulticastDelegateUtilities.SafeInvoke: LengthPrefixCommunicationChannel: MessageReceived: Invoking callback 1/1 for Microsoft.VisualStudio.TestPlatform.CommunicationUtilities.TestRequestSender+<>c__DisplayClass31_0.<StartTestRun>b__1, took 2 ms.
TpTrace Verbose: 0 : 720, 13, 2023/01/21, 02:36:50.949, 1020193750404, vstest.console.dll, TcpClientExtensions.MessageLoopAsync: Polling on remoteEndPoint: 127.0.0.1:49595 localEndPoint: 127.0.0.1:49594
TpTrace Verbose: 0 : 720, 7, 2023/01/21, 02:36:50.952, 1020193786144, vstest.console.dll, TestRequestSender.StartTestRun: Sending test run with message: {"Version":5,"MessageType":"TestExecution.StartWithSources","Payload":{"AdapterSourceMap":{"_none_":["D:\\HOKAIDO\\KPI\\5 SEM\\.NET Web\\ProductStorage\\ProductStorage.Tests\\bin\\Debug\\net5.0\\fine-code-coverage\\build-output\\ProductStorage.Tests.dll"]},"RunSettings":"<RunSettings>\r\n  <RunConfiguration>\r\n    <ResultsDirectory>D:\\HOKAIDO\\KPI\\5 SEM\\.NET Web\\ProductStorage\\ProductStorage.Tests\\bin\\Debug\\net5.0\\fine-code-coverage\\coverage-tool-output</ResultsDirectory>\r\n    <TargetFrameworkVersion>.NETCoreApp,Version=v5.0</TargetFrameworkVersion>\r\n    <DesignMode>False</DesignMode>\r\n    <CollectSourceInformation>False</CollectSourceInformation>\r\n  </RunConfiguration>\r\n  <LoggerRunSettings>\r\n    <Loggers>\r\n      <Logger friendlyName=\"blame\" enabled=\"True\" />\r\n      <Logger friendlyName=\"Console\" uri=\"logger://microsoft/TestPlatform/ConsoleLogger/v1\" assemblyQualifiedName=\"Microsoft.VisualStudio.TestPlatform.CommandLine.Internal.ConsoleLogger, vstest.console, Version=15.0.0.0, Culture=neutral, PublicKeyToken=b03f5f7f11d50a3a\" codeBase=\"C:\\Program Files\\dotnet\\sdk\\6.0.402\\vstest.console.dll\" enabled=\"True\" />\r\n    </Loggers>\r\n  </LoggerRunSettings>\r\n  <DataCollectionRunSettings>\r\n    <DataCollectors>\r\n      <DataCollector friendlyName=\"blame\" enabled=\"True\">\r\n        <Configuration>\r\n          <ResultsDirectory>D:\\HOKAIDO\\KPI\\5 SEM\\.NET Web\\ProductStorage\\ProductStorage.Tests\\bin\\Debug\\net5.0\\fine-code-coverage\\coverage-tool-output</ResultsDirectory>\r\n        </Configuration>\r\n      </DataCollector>\r\n    </DataCollectors>\r\n  </DataCollectionRunSettings>\r\n</RunSettings>","TestExecutionContext":{"FrequencyOfRunStatsChangeEvent":10,"RunStatsChangeEventTimeout":"00:00:01.5000000","InIsolation":false,"KeepAlive":false,"AreTestCaseLevelEventsRequired":false,"IsDebug":false,"TestCaseFilter":null,"FilterOptions":null},"Package":null}}
TpTrace Verbose: 0 : 720, 13, 2023/01/21, 02:36:51.065, 1020194916526, vstest.console.dll, TcpClientExtensions.MessageLoopAsync: NotifyDataAvailable remoteEndPoint: 127.0.0.1:49595 localEndPoint: 127.0.0.1:49594
TpTrace Verbose: 0 : 720, 13, 2023/01/21, 02:36:51.065, 1020194917638, vstest.console.dll, TestRequestSender.OnExecutionMessageReceived: Received message: {"Version":5,"MessageType":"TestSession.Message","Payload":{"MessageLevel":0,"Message":"[xUnit.net 00:00:00.00] xUnit.net VSTest Adapter v2.4.3+1b45f5407b (64-bit .NET 5.0.17)"}}
TpTrace Verbose: 0 : 720, 13, 2023/01/21, 02:36:51.066, 1020194918973, vstest.console.dll, TestRunRequest:SendTestRunMessage: Starting.
TpTrace Verbose: 0 : 720, 13, 2023/01/21, 02:36:51.066, 1020194919444, vstest.console.dll, MulticastDelegateUtilities.SafeInvoke: TestRun.LogMessages: Invoking callback 1/1 for Microsoft.VisualStudio.TestPlatform.CommandLine.TestRunResultAggregator.TestRunMessageHandler, took 0 ms.
TpTrace Information: 0 : 720, 13, 2023/01/21, 02:36:51.066, 1020194919667, vstest.console.dll, TestRunRequest:SendTestRunMessage: Completed.
TpTrace Verbose: 0 : 720, 13, 2023/01/21, 02:36:51.066, 1020194919876, vstest.console.dll, MulticastDelegateUtilities.SafeInvoke: LengthPrefixCommunicationChannel: MessageReceived: Invoking callback 1/1 for Microsoft.VisualStudio.TestPlatform.CommunicationUtilities.TestRequestSender+<>c__DisplayClass31_0.<StartTestRun>b__1, took 0 ms.
TpTrace Verbose: 0 : 720, 13, 2023/01/21, 02:36:51.066, 1020194920082, vstest.console.dll, TcpClientExtensions.MessageLoopAsync: Polling on remoteEndPoint: 127.0.0.1:49595 localEndPoint: 127.0.0.1:49594
TpTrace Verbose: 0 : 720, 4, 2023/01/21, 02:36:51.066, 1020194920068, vstest.console.dll, MulticastDelegateUtilities.SafeInvoke: InternalTestLoggerEvents.SendTestRunMessage: Invoking callback 1/1 for Microsoft.VisualStudio.TestPlatform.CommandLine.Internal.ConsoleLogger.TestMessageHandler, took 0 ms.
TpTrace Verbose: 0 : 720, 13, 2023/01/21, 02:36:52.078, 1020205043672, vstest.console.dll, TcpClientExtensions.MessageLoopAsync: Polling on remoteEndPoint: 127.0.0.1:49595 localEndPoint: 127.0.0.1:49594
TpTrace Verbose: 0 : 720, 13, 2023/01/21, 02:36:52.132, 1020205579954, vstest.console.dll, TcpClientExtensions.MessageLoopAsync: NotifyDataAvailable remoteEndPoint: 127.0.0.1:49595 localEndPoint: 127.0.0.1:49594
TpTrace Verbose: 0 : 720, 13, 2023/01/21, 02:36:52.132, 1020205582180, vstest.console.dll, TestRequestSender.OnExecutionMessageReceived: Received message: {"Version":5,"MessageType":"TestSession.Message","Payload":{"MessageLevel":0,"Message":"[xUnit.net 00:00:01.07]   Discovering: ProductStorage.Tests"}}
TpTrace Verbose: 0 : 720, 13, 2023/01/21, 02:36:52.132, 1020205583329, vstest.console.dll, TestRunRequest:SendTestRunMessage: Starting.
TpTrace Verbose: 0 : 720, 13, 2023/01/21, 02:36:52.132, 1020205584007, vstest.console.dll, MulticastDelegateUtilities.SafeInvoke: TestRun.LogMessages: Invoking callback 1/1 for Microsoft.VisualStudio.TestPlatform.CommandLine.TestRunResultAggregator.TestRunMessageHandler, took 0 ms.
TpTrace Information: 0 : 720, 13, 2023/01/21, 02:36:52.132, 1020205584578, vstest.console.dll, TestRunRequest:SendTestRunMessage: Completed.
TpTrace Verbose: 0 : 720, 4, 2023/01/21, 02:36:52.132, 1020205584764, vstest.console.dll, MulticastDelegateUtilities.SafeInvoke: InternalTestLoggerEvents.SendTestRunMessage: Invoking callback 1/1 for Microsoft.VisualStudio.TestPlatform.CommandLine.Internal.ConsoleLogger.TestMessageHandler, took 0 ms.
TpTrace Verbose: 0 : 720, 13, 2023/01/21, 02:36:52.132, 1020205585483, vstest.console.dll, MulticastDelegateUtilities.SafeInvoke: LengthPrefixCommunicationChannel: MessageReceived: Invoking callback 1/1 for Microsoft.VisualStudio.TestPlatform.CommunicationUtilities.TestRequestSender+<>c__DisplayClass31_0.<StartTestRun>b__1, took 0 ms.
TpTrace Verbose: 0 : 720, 13, 2023/01/21, 02:36:52.132, 1020205586126, vstest.console.dll, TcpClientExtensions.MessageLoopAsync: Polling on remoteEndPoint: 127.0.0.1:49595 localEndPoint: 127.0.0.1:49594
TpTrace Verbose: 0 : 720, 13, 2023/01/21, 02:36:52.170, 1020205963576, vstest.console.dll, TcpClientExtensions.MessageLoopAsync: NotifyDataAvailable remoteEndPoint: 127.0.0.1:49595 localEndPoint: 127.0.0.1:49594
TpTrace Verbose: 0 : 720, 13, 2023/01/21, 02:36:52.170, 1020205964822, vstest.console.dll, TestRequestSender.OnExecutionMessageReceived: Received message: {"Version":5,"MessageType":"TestSession.Message","Payload":{"MessageLevel":0,"Message":"[xUnit.net 00:00:01.11]   Discovered:  ProductStorage.Tests"}}
TpTrace Verbose: 0 : 720, 13, 2023/01/21, 02:36:52.170, 1020205965842, vstest.console.dll, TestRunRequest:SendTestRunMessage: Starting.
TpTrace Verbose: 0 : 720, 13, 2023/01/21, 02:36:52.170, 1020205966364, vstest.console.dll, MulticastDelegateUtilities.SafeInvoke: TestRun.LogMessages: Invoking callback 1/1 for Microsoft.VisualStudio.TestPlatform.CommandLine.TestRunResultAggregator.TestRunMessageHandler, took 0 ms.
TpTrace Information: 0 : 720, 13, 2023/01/21, 02:36:52.170, 1020205966633, vstest.console.dll, TestRunRequest:SendTestRunMessage: Completed.
TpTrace Verbose: 0 : 720, 4, 2023/01/21, 02:36:52.170, 1020205966679, vstest.console.dll, MulticastDelegateUtilities.SafeInvoke: InternalTestLoggerEvents.SendTestRunMessage: Invoking callback 1/1 for Microsoft.VisualStudio.TestPlatform.CommandLine.Internal.ConsoleLogger.TestMessageHandler, took 0 ms.
TpTrace Verbose: 0 : 720, 13, 2023/01/21, 02:36:52.170, 1020205966857, vstest.console.dll, MulticastDelegateUtilities.SafeInvoke: LengthPrefixCommunicationChannel: MessageReceived: Invoking callback 1/1 for Microsoft.VisualStudio.TestPlatform.CommunicationUtilities.TestRequestSender+<>c__DisplayClass31_0.<StartTestRun>b__1, took 0 ms.
TpTrace Verbose: 0 : 720, 13, 2023/01/21, 02:36:52.170, 1020205968204, vstest.console.dll, TcpClientExtensions.MessageLoopAsync: Polling on remoteEndPoint: 127.0.0.1:49595 localEndPoint: 127.0.0.1:49594
TpTrace Verbose: 0 : 720, 13, 2023/01/21, 02:36:52.173, 1020205991648, vstest.console.dll, TcpClientExtensions.MessageLoopAsync: NotifyDataAvailable remoteEndPoint: 127.0.0.1:49595 localEndPoint: 127.0.0.1:49594
TpTrace Verbose: 0 : 720, 13, 2023/01/21, 02:36:52.173, 1020205992617, vstest.console.dll, TestRequestSender.OnExecutionMessageReceived: Received message: {"Version":5,"MessageType":"TestSession.Message","Payload":{"MessageLevel":0,"Message":"[xUnit.net 00:00:01.11]   Starting:    ProductStorage.Tests"}}
TpTrace Verbose: 0 : 720, 13, 2023/01/21, 02:36:52.173, 1020205993902, vstest.console.dll, TestRunRequest:SendTestRunMessage: Starting.
TpTrace Verbose: 0 : 720, 13, 2023/01/21, 02:36:52.173, 1020205994543, vstest.console.dll, MulticastDelegateUtilities.SafeInvoke: TestRun.LogMessages: Invoking callback 1/1 for Microsoft.VisualStudio.TestPlatform.CommandLine.TestRunResultAggregator.TestRunMessageHandler, took 0 ms.
TpTrace Information: 0 : 720, 13, 2023/01/21, 02:36:52.173, 1020205994814, vstest.console.dll, TestRunRequest:SendTestRunMessage: Completed.
TpTrace Verbose: 0 : 720, 4, 2023/01/21, 02:36:52.173, 1020205995052, vstest.console.dll, MulticastDelegateUtilities.SafeInvoke: InternalTestLoggerEvents.SendTestRunMessage: Invoking callback 1/1 for Microsoft.VisualStudio.TestPlatform.CommandLine.Internal.ConsoleLogger.TestMessageHandler, took 0 ms.
TpTrace Verbose: 0 : 720, 13, 2023/01/21, 02:36:52.173, 1020205995184, vstest.console.dll, MulticastDelegateUtilities.SafeInvoke: LengthPrefixCommunicationChannel: MessageReceived: Invoking callback 1/1 for Microsoft.VisualStudio.TestPlatform.CommunicationUtilities.TestRequestSender+<>c__DisplayClass31_0.<StartTestRun>b__1, took 0 ms.
TpTrace Verbose: 0 : 720, 13, 2023/01/21, 02:36:52.173, 1020205996017, vstest.console.dll, TcpClientExtensions.MessageLoopAsync: Polling on remoteEndPoint: 127.0.0.1:49595 localEndPoint: 127.0.0.1:49594
TpTrace Verbose: 0 : 720, 13, 2023/01/21, 02:36:52.386, 1020208119511, vstest.console.dll, TcpClientExtensions.MessageLoopAsync: NotifyDataAvailable remoteEndPoint: 127.0.0.1:49595 localEndPoint: 127.0.0.1:49594
TpTrace Verbose: 0 : 720, 13, 2023/01/21, 02:36:52.386, 1020208121701, vstest.console.dll, TestRequestSender.OnExecutionMessageReceived: Received message: {"Version":5,"MessageType":"TestExecution.StatsChange","Payload":{"NewTestResults":[{"TestCase":{"Id":"48c22a4f-55f8-5b4f-1c6c-c32dab21fd3a","FullyQualifiedName":"ProductStorage.Tests.ProductServiceTests.GetProducts_ShouldReturnIEnumerableProduct_WhenProductsExists","DisplayName":"ProductStorage.Tests.ProductServiceTests.GetProducts_ShouldReturnIEnumerableProduct_WhenProductsExists","ExecutorUri":"executor://xunit/VsTestRunner2/netcoreapp","Source":"D:\\HOKAIDO\\KPI\\5 SEM\\.NET Web\\ProductStorage\\ProductStorage.Tests\\bin\\Debug\\net5.0\\fine-code-coverage\\build-output\\ProductStorage.Tests.dll","CodeFilePath":null,"LineNumber":0,"Properties":[]},"Attachments":[],"Outcome":1,"ErrorMessage":null,"ErrorStackTrace":null,"DisplayName":"ProductStorage.Tests.ProductServiceTests.GetProducts_ShouldReturnIEnumerableProduct_WhenProductsExists","Messages":[],"ComputerName":"HOKAIDO","Duration":"00:00:00.0781145","StartTime":"2023-01-21T00:36:52.3065205+00:00","EndTime":"2023-01-21T00:36:52.3066081+00:00","Properties":[]},{"TestCase":{"Id":"1572bb3f-270d-3b75-73ab-92d7ef51e9c9","FullyQualifiedName":"ProductStorage.Tests.CustomerServiceTests.Update_ShouldReturnFalse_WhenCustomerIsNull","DisplayName":"ProductStorage.Tests.CustomerServiceTests.Update_ShouldReturnFalse_WhenCustomerIsNull","ExecutorUri":"executor://xunit/VsTestRunner2/netcoreapp","Source":"D:\\HOKAIDO\\KPI\\5 SEM\\.NET Web\\ProductStorage\\ProductStorage.Tests\\bin\\Debug\\net5.0\\fine-code-coverage\\build-output\\ProductStorage.Tests.dll","CodeFilePath":null,"LineNumber":0,"Properties":[]},"Attachments":[],"Outcome":1,"ErrorMessage":null,"ErrorStackTrace":null,"DisplayName":"ProductStorage.Tests.CustomerServiceTests.Update_ShouldReturnFalse_WhenCustomerIsNull","Messages":[],"ComputerName":"HOKAIDO","Duration":"00:00:00.0830509","StartTime":"2023-01-21T00:36:52.332185+00:00","EndTime":"2023-01-21T00:36:52.3321863+00:00","Properties":[]},{"TestCase":{"Id":"e6f4308f-d393-8fbe-e163-fd8068e4506a","FullyQualifiedName":"ProductStorage.Tests.ProductServiceTests.Delete_ShouldReturnFalse_WhenCustomerDoesNotExist","DisplayName":"ProductStorage.Tests.ProductServiceTests.Delete_ShouldReturnFalse_WhenCustomerDoesNotExist","ExecutorUri":"executor://xunit/VsTestRunner2/netcoreapp","Source":"D:\\HOKAIDO\\KPI\\5 SEM\\.NET Web\\ProductStorage\\ProductStorage.Tests\\bin\\Debug\\net5.0\\fine-code-coverage\\build-output\\ProductStorage.Tests.dll","CodeFilePath":null,"LineNumber":0,"Properties":[]},"Attachments":[],"Outcome":1,"ErrorMessage":null,"ErrorStackTrace":null,"DisplayName":"ProductStorage.Tests.ProductServiceTests.Delete_ShouldReturnFalse_WhenCustomerDoesNotExist","Messages":[],"ComputerName":"HOKAIDO","Duration":"00:00:00.0033347","StartTime":"2023-01-21T00:36:52.3352786+00:00","EndTime":"2023-01-21T00:36:52.3352802+00:00","Properties":[]},{"TestCase":{"Id":"fb759157-b6df-f2ba-0a97-237f6c0b3798","FullyQualifiedName":"ProductStorage.Tests.CustomerServiceTests.GetById_ShouldReturnCustomer_WhenCustomerExists","DisplayName":"ProductStorage.Tests.CustomerServiceTests.GetById_ShouldReturnCustomer_WhenCustomerExists","ExecutorUri":"executor://xunit/VsTestRunner2/netcoreapp","Source":"D:\\HOKAIDO\\KPI\\5 SEM\\.NET Web\\ProductStorage\\ProductStorage.Tests\\bin\\Debug\\net5.0\\fine-code-coverage\\build-output\\ProductStorage.Tests.dll","CodeFilePath":null,"LineNumber":0,"Properties":[]},"Attachments":[],"Outcome":1,"ErrorMessage":null,"ErrorStackTrace":null,"DisplayName":"ProductStorage.Tests.CustomerServiceTests.GetById_ShouldReturnCustomer_WhenCustomerExists","Messages":[],"ComputerName":"HOKAIDO","Duration":"00:00:00.0026914","StartTime":"2023-01-21T00:36:52.3378127+00:00","EndTime":"2023-01-21T00:36:52.3378151+00:00","Properties":[]},{"TestCase":{"Id":"cedb2272-3baf-3c87-401b-625a0ed077ab","FullyQualifiedName":"ProductStorage.Tests.ProductServiceTests.GetProducts_ShouldNotReturnIEnumerableProduct_InternalServerError","DisplayName":"ProductStorage.Tests.ProductServiceTests.GetProducts_ShouldNotReturnIEnumerableProduct_InternalServerError","ExecutorUri":"executor://xunit/VsTestRunner2/netcoreapp","Source":"D:\\HOKAIDO\\KPI\\5 SEM\\.NET Web\\ProductStorage\\ProductStorage.Tests\\bin\\Debug\\net5.0\\fine-code-coverage\\build-output\\ProductStorage.Tests.dll","CodeFilePath":null,"LineNumber":0,"Properties":[]},"Attachments":[],"Outcome":1,"ErrorMessage":null,"ErrorStackTrace":null,"DisplayName":"ProductStorage.Tests.ProductServiceTests.GetProducts_ShouldNotReturnIEnumerableProduct_InternalServerError","Messages":[],"ComputerName":"HOKAIDO","Duration":"00:00:00.0013630","StartTime":"2023-01-21T00:36:52.3405507+00:00","EndTime":"2023-01-21T00:36:52.3405524+00:00","Properties":[]},{"TestCase":{"Id":"d5bfdec5-8297-fa13-a8f0-2e0e24a8ed91","FullyQualifiedName":"ProductStorage.Tests.CustomerServiceTests.GetById_ShouldNotReturnCustomer_WhenCustomerDoesNotExists","DisplayName":"ProductStorage.Tests.CustomerServiceTests.GetById_ShouldNotReturnCustomer_WhenCustomerDoesNotExists","ExecutorUri":"executor://xunit/VsTestRunner2/netcoreapp","Source":"D:\\HOKAIDO\\KPI\\5 SEM\\.NET Web\\ProductStorage\\ProductStorage.Tests\\bin\\Debug\\net5.0\\fine-code-coverage\\build-output\\ProductStorage.Tests.dll","CodeFilePath":null,"LineNumber":0,"Properties":[]},"Attachments":[],"Outcome":1,"ErrorMessage":null,"ErrorStackTrace":null,"DisplayName":"ProductStorage.Tests.CustomerServiceTests.GetById_ShouldNotReturnCustomer_WhenCustomerDoesNotExists","Messages":[],"ComputerName":"HOKAIDO","Duration":"00:00:00.0012934","StartTime":"2023-01-21T00:36:52.342862+00:00","EndTime":"2023-01-21T00:36:52.3428639+00:00","Properties":[]},{"TestCase":{"Id":"06e2789c-7928-959e-6630-d4aa2d812a10","FullyQualifiedName":"ProductStorage.Tests.CustomerProductServiceTests.Sell_ShouldReturnTrue_WhenProductAmountIsLargerThanOrderAmount","DisplayName":"ProductStorage.Tests.CustomerProductServiceTests.Sell_ShouldReturnTrue_WhenProductAmountIsLargerThanOrderAmount","ExecutorUri":"executor://xunit/VsTestRunner2/netcoreapp","Source":"D:\\HOKAIDO\\KPI\\5 SEM\\.NET Web\\ProductStorage\\ProductStorage.Tests\\bin\\Debug\\net5.0\\fine-code-coverage\\build-output\\ProductStorage.Tests.dll","CodeFilePath":null,"LineNumber":0,"Properties":[]},"Attachments":[],"Outcome":1,"ErrorMessage":null,"ErrorStackTrace":null,"DisplayName":"ProductStorage.Tests.CustomerProductServiceTests.Sell_ShouldReturnTrue_WhenProductAmountIsLargerThanOrderAmount","Messages":[],"ComputerName":"HOKAIDO","Duration":"00:00:00.0872262","StartTime":"2023-01-21T00:36:52.3454317+00:00","EndTime":"2023-01-21T00:36:52.3454332+00:00","Properties":[]}],"TestRunStatistics":{"ExecutedTests":7,"Stats":{"Passed":7}},"ActiveTests":[{"Id":"d8747ddb-4dc5-7680-bcec-db9275971428","FullyQualifiedName":"ProductStorage.Tests.ProductServiceTests.Delete_ShouldReturnTrue_WhenProductExists","DisplayName":"ProductStorage.Tests.ProductServiceTests.Delete_ShouldReturnTrue_WhenProductExists","ExecutorUri":"executor://xunit/VsTestRunner2/netcoreapp","Source":"D:\\HOKAIDO\\KPI\\5 SEM\\.NET Web\\ProductStorage\\ProductStorage.Tests\\bin\\Debug\\net5.0\\fine-code-coverage\\build-output\\ProductStorage.Tests.dll","CodeFilePath":null,"LineNumber":0,"Properties":[]},{"Id":"da64b733-bd86-12b2-f984-4b9cd62b850a","FullyQualifiedName":"ProductStorage.Tests.CustomerServiceTests.Update_ShouldReturnFalse_WhenNewCustomerIsNull","DisplayName":"ProductStorage.Tests.CustomerServiceTests.Update_ShouldReturnFalse_WhenNewCustomerIsNull","ExecutorUri":"executor://xunit/VsTestRunner2/netcoreapp","Source":"D:\\HOKAIDO\\KPI\\5 SEM\\.NET Web\\ProductStorage\\ProductStorage.Tests\\bin\\Debug\\net5.0\\fine-code-coverage\\build-output\\ProductStorage.Tests.dll","CodeFilePath":null,"LineNumber":0,"Properties":[]},{"Id":"57118693-9e1c-1c21-e191-eb9fcca86492","FullyQualifiedName":"ProductStorage.Tests.CustomerProductServiceTests.GetByCustomerId_ShouldNotReturnIEnumerableCustomerProduct_InternalServerError","DisplayName":"ProductStorage.Tests.CustomerProductServiceTests.GetByCustomerId_ShouldNotReturnIEnumerableCustomerProduct_InternalServerError","ExecutorUri":"executor://xunit/VsTestRunner2/netcoreapp","Source":"D:\\HOKAIDO\\KPI\\5 SEM\\.NET Web\\ProductStorage\\ProductStorage.Tests\\bin\\Debug\\net5.0\\fine-code-coverage\\build-output\\ProductStorage.Tests.dll","CodeFilePath":null,"LineNumber":0,"Properties":[]}]}}
TpTrace Verbose: 0 : 720, 13, 2023/01/21, 02:36:52.414, 1020208403505, vstest.console.dll, TestRunRequest:SendTestRunStatsChange: Starting.
TpTrace Verbose: 0 : 720, 13, 2023/01/21, 02:36:52.414, 1020208404455, vstest.console.dll, InProgress is ProductStorage.Tests.ProductServiceTests.Delete_ShouldReturnTrue_WhenProductExists
TpTrace Verbose: 0 : 720, 13, 2023/01/21, 02:36:52.414, 1020208404780, vstest.console.dll, InProgress is ProductStorage.Tests.CustomerServiceTests.Update_ShouldReturnFalse_WhenNewCustomerIsNull
TpTrace Verbose: 0 : 720, 13, 2023/01/21, 02:36:52.414, 1020208405099, vstest.console.dll, InProgress is ProductStorage.Tests.CustomerProductServiceTests.GetByCustomerId_ShouldNotReturnIEnumerableCustomerProduct_InternalServerError
TpTrace Verbose: 0 : 720, 13, 2023/01/21, 02:36:52.414, 1020208407244, vstest.console.dll, MulticastDelegateUtilities.SafeInvoke: TestRun.RunStatsChanged: Invoking callbacks was skipped because there are no subscribers.
TpTrace Information: 0 : 720, 13, 2023/01/21, 02:36:52.414, 1020208407675, vstest.console.dll, TestRunRequest:SendTestRunStatsChange: Completed.
TpTrace Verbose: 0 : 720, 13, 2023/01/21, 02:36:52.414, 1020208408058, vstest.console.dll, MulticastDelegateUtilities.SafeInvoke: LengthPrefixCommunicationChannel: MessageReceived: Invoking callback 1/1 for Microsoft.VisualStudio.TestPlatform.CommunicationUtilities.TestRequestSender+<>c__DisplayClass31_0.<StartTestRun>b__1, took 28 ms.
TpTrace Verbose: 0 : 720, 13, 2023/01/21, 02:36:52.414, 1020208408415, vstest.console.dll, TcpClientExtensions.MessageLoopAsync: Polling on remoteEndPoint: 127.0.0.1:49595 localEndPoint: 127.0.0.1:49594
TpTrace Verbose: 0 : 720, 13, 2023/01/21, 02:36:52.414, 1020208408886, vstest.console.dll, TcpClientExtensions.MessageLoopAsync: NotifyDataAvailable remoteEndPoint: 127.0.0.1:49595 localEndPoint: 127.0.0.1:49594
TpTrace Verbose: 0 : 720, 13, 2023/01/21, 02:36:52.415, 1020208410144, vstest.console.dll, TestRequestSender.OnExecutionMessageReceived: Received message: {"Version":5,"MessageType":"TestExecution.StatsChange","Payload":{"NewTestResults":[{"TestCase":{"Id":"da64b733-bd86-12b2-f984-4b9cd62b850a","FullyQualifiedName":"ProductStorage.Tests.CustomerServiceTests.Update_ShouldReturnFalse_WhenNewCustomerIsNull","DisplayName":"ProductStorage.Tests.CustomerServiceTests.Update_ShouldReturnFalse_WhenNewCustomerIsNull","ExecutorUri":"executor://xunit/VsTestRunner2/netcoreapp","Source":"D:\\HOKAIDO\\KPI\\5 SEM\\.NET Web\\ProductStorage\\ProductStorage.Tests\\bin\\Debug\\net5.0\\fine-code-coverage\\build-output\\ProductStorage.Tests.dll","CodeFilePath":null,"LineNumber":0,"Properties":[]},"Attachments":[],"Outcome":1,"ErrorMessage":null,"ErrorStackTrace":null,"DisplayName":"ProductStorage.Tests.CustomerServiceTests.Update_ShouldReturnFalse_WhenNewCustomerIsNull","Messages":[],"ComputerName":"HOKAIDO","Duration":"00:00:00.0023638","StartTime":"2023-01-21T00:36:52.3873221+00:00","EndTime":"2023-01-21T00:36:52.3873238+00:00","Properties":[]},{"TestCase":{"Id":"d8747ddb-4dc5-7680-bcec-db9275971428","FullyQualifiedName":"ProductStorage.Tests.ProductServiceTests.Delete_ShouldReturnTrue_WhenProductExists","DisplayName":"ProductStorage.Tests.ProductServiceTests.Delete_ShouldReturnTrue_WhenProductExists","ExecutorUri":"executor://xunit/VsTestRunner2/netcoreapp","Source":"D:\\HOKAIDO\\KPI\\5 SEM\\.NET Web\\ProductStorage\\ProductStorage.Tests\\bin\\Debug\\net5.0\\fine-code-coverage\\build-output\\ProductStorage.Tests.dll","CodeFilePath":null,"LineNumber":0,"Properties":[]},"Attachments":[],"Outcome":1,"ErrorMessage":null,"ErrorStackTrace":null,"DisplayName":"ProductStorage.Tests.ProductServiceTests.Delete_ShouldReturnTrue_WhenProductExists","Messages":[],"ComputerName":"HOKAIDO","Duration":"00:00:00.0026049","StartTime":"2023-01-21T00:36:52.3888989+00:00","EndTime":"2023-01-21T00:36:52.3888997+00:00","Properties":[]},{"TestCase":{"Id":"57118693-9e1c-1c21-e191-eb9fcca86492","FullyQualifiedName":"ProductStorage.Tests.CustomerProductServiceTests.GetByCustomerId_ShouldNotReturnIEnumerableCustomerProduct_InternalServerError","DisplayName":"ProductStorage.Tests.CustomerProductServiceTests.GetByCustomerId_ShouldNotReturnIEnumerableCustomerProduct_InternalServerError","ExecutorUri":"executor://xunit/VsTestRunner2/netcoreapp","Source":"D:\\HOKAIDO\\KPI\\5 SEM\\.NET Web\\ProductStorage\\ProductStorage.Tests\\bin\\Debug\\net5.0\\fine-code-coverage\\build-output\\ProductStorage.Tests.dll","CodeFilePath":null,"LineNumber":0,"Properties":[]},"Attachments":[],"Outcome":1,"ErrorMessage":null,"ErrorStackTrace":null,"DisplayName":"ProductStorage.Tests.CustomerProductServiceTests.GetByCustomerId_ShouldNotReturnIEnumerableCustomerProduct_InternalServerError","Messages":[],"ComputerName":"HOKAIDO","Duration":"00:00:00.0025703","StartTime":"2023-01-21T00:36:52.391773+00:00","EndTime":"2023-01-21T00:36:52.3917741+00:00","Properties":[]},{"TestCase":{"Id":"a4af3c15-d993-f1ba-b0b1-13c8e07bbba7","FullyQualifiedName":"ProductStorage.Tests.CustomerProductServiceTests.Create_ShouldReturnFalse_WhenPassedDataIsNull","DisplayName":"ProductStorage.Tests.CustomerProductServiceTests.Create_ShouldReturnFalse_WhenPassedDataIsNull","ExecutorUri":"executor://xunit/VsTestRunner2/netcoreapp","Source":"D:\\HOKAIDO\\KPI\\5 SEM\\.NET Web\\ProductStorage\\ProductStorage.Tests\\bin\\Debug\\net5.0\\fine-code-coverage\\build-output\\ProductStorage.Tests.dll","CodeFilePath":null,"LineNumber":0,"Properties":[]},"Attachments":[],"Outcome":1,"ErrorMessage":null,"ErrorStackTrace":null,"DisplayName":"ProductStorage.Tests.CustomerProductServiceTests.Create_ShouldReturnFalse_WhenPassedDataIsNull","Messages":[],"ComputerName":"HOKAIDO","Duration":"00:00:00.0018067","StartTime":"2023-01-21T00:36:52.3934571+00:00","EndTime":"2023-01-21T00:36:52.3934582+00:00","Properties":[]},{"TestCase":{"Id":"ed5280ce-e228-fe01-9d6e-c6a445f32520","FullyQualifiedName":"ProductStorage.Tests.ProductServiceTests.Create_ShouldReturnTrue_WhenPassedDataIsOk","DisplayName":"ProductStorage.Tests.ProductServiceTests.Create_ShouldReturnTrue_WhenPassedDataIsOk","ExecutorUri":"executor://xunit/VsTestRunner2/netcoreapp","Source":"D:\\HOKAIDO\\KPI\\5 SEM\\.NET Web\\ProductStorage\\ProductStorage.Tests\\bin\\Debug\\net5.0\\fine-code-coverage\\build-output\\ProductStorage.Tests.dll","CodeFilePath":null,"LineNumber":0,"Properties":[]},"Attachments":[],"Outcome":1,"ErrorMessage":null,"ErrorStackTrace":null,"DisplayName":"ProductStorage.Tests.ProductServiceTests.Create_ShouldReturnTrue_WhenPassedDataIsOk","Messages":[],"ComputerName":"HOKAIDO","Duration":"00:00:00.0036989","StartTime":"2023-01-21T00:36:52.40155+00:00","EndTime":"2023-01-21T00:36:52.4015514+00:00","Properties":[]},{"TestCase":{"Id":"dffd27dd-554b-73a8-7868-43310128cba5","FullyQualifiedName":"ProductStorage.Tests.CustomerServiceTests.Create_ShouldReturnTrue_WhenPassedDataIsOk","DisplayName":"ProductStorage.Tests.CustomerServiceTests.Create_ShouldReturnTrue_WhenPassedDataIsOk","ExecutorUri":"executor://xunit/VsTestRunner2/netcoreapp","Source":"D:\\HOKAIDO\\KPI\\5 SEM\\.NET Web\\ProductStorage\\ProductStorage.Tests\\bin\\Debug\\net5.0\\fine-code-coverage\\build-output\\ProductStorage.Tests.dll","CodeFilePath":null,"LineNumber":0,"Properties":[]},"Attachments":[],"Outcome":1,"ErrorMessage":null,"ErrorStackTrace":null,"DisplayName":"ProductStorage.Tests.CustomerServiceTests.Create_ShouldReturnTrue_WhenPassedDataIsOk","Messages":[],"ComputerName":"HOKAIDO","Duration":"00:00:00.0037138","StartTime":"2023-01-21T00:36:52.4027117+00:00","EndTime":"2023-01-21T00:36:52.4027128+00:00","Properties":[]},{"TestCase":{"Id":"c3a23b5d-2ea4-f582-5b1c-8421fd37207b","FullyQualifiedName":"ProductStorage.Tests.ProductServiceTests.GetProducts_ShouldNotReturnIEnumerableProduct_WhenProductsDoNotExist","DisplayName":"ProductStorage.Tests.ProductServiceTests.GetProducts_ShouldNotReturnIEnumerableProduct_WhenProductsDoNotExist","ExecutorUri":"executor://xunit/VsTestRunner2/netcoreapp","Source":"D:\\HOKAIDO\\KPI\\5 SEM\\.NET Web\\ProductStorage\\ProductStorage.Tests\\bin\\Debug\\net5.0\\fine-code-coverage\\build-output\\ProductStorage.Tests.dll","CodeFilePath":null,"LineNumber":0,"Properties":[]},"Attachments":[],"Outcome":1,"ErrorMessage":null,"ErrorStackTrace":null,"DisplayName":"ProductStorage.Tests.ProductServiceTests.GetProducts_ShouldNotReturnIEnumerableProduct_WhenProductsDoNotExist","Messages":[],"ComputerName":"HOKAIDO","Duration":"00:00:00.0011350","StartTime":"2023-01-21T00:36:52.4058275+00:00","EndTime":"2023-01-21T00:36:52.4058289+00:00","Properties":[]}],"TestRunStatistics":{"ExecutedTests":14,"Stats":{"Passed":14}},"ActiveTests":[{"Id":"bd157c55-9a16-e730-71de-c3660b09684c","FullyQualifiedName":"ProductStorage.Tests.CustomerProductServiceTests.Delete_ShouldReturnFalse_WhenRecordDoesNotExist","DisplayName":"ProductStorage.Tests.CustomerProductServiceTests.Delete_ShouldReturnFalse_WhenRecordDoesNotExist","ExecutorUri":"executor://xunit/VsTestRunner2/netcoreapp","Source":"D:\\HOKAIDO\\KPI\\5 SEM\\.NET Web\\ProductStorage\\ProductStorage.Tests\\bin\\Debug\\net5.0\\fine-code-coverage\\build-output\\ProductStorage.Tests.dll","CodeFilePath":null,"LineNumber":0,"Properties":[]},{"Id":"f34d92bc-1dcd-e7c9-8386-707bfd2fa5b0","FullyQualifiedName":"ProductStorage.Tests.CustomerServiceTests.Update_ShouldReturnTrue_WhenCustomerExists","DisplayName":"ProductStorage.Tests.CustomerServiceTests.Update_ShouldReturnTrue_WhenCustomerExists","ExecutorUri":"executor://xunit/VsTestRunner2/netcoreapp","Source":"D:\\HOKAIDO\\KPI\\5 SEM\\.NET Web\\ProductStorage\\ProductStorage.Tests\\bin\\Debug\\net5.0\\fine-code-coverage\\build-output\\ProductStorage.Tests.dll","CodeFilePath":null,"LineNumber":0,"Properties":[]},{"Id":"7f688d67-6c38-5cda-d097-4ac1d3c163c2","FullyQualifiedName":"ProductStorage.Tests.ProductServiceTests.GetById_ShouldNotReturnProduct_WhenProductDoesNotExist","DisplayName":"ProductStorage.Tests.ProductServiceTests.GetById_ShouldNotReturnProduct_WhenProductDoesNotExist","ExecutorUri":"executor://xunit/VsTestRunner2/netcoreapp","Source":"D:\\HOKAIDO\\KPI\\5 SEM\\.NET Web\\ProductStorage\\ProductStorage.Tests\\bin\\Debug\\net5.0\\fine-code-coverage\\build-output\\ProductStorage.Tests.dll","CodeFilePath":null,"LineNumber":0,"Properties":[]}]}}
TpTrace Verbose: 0 : 720, 13, 2023/01/21, 02:36:52.416, 1020208419630, vstest.console.dll, TestRunRequest:SendTestRunStatsChange: Starting.
TpTrace Verbose: 0 : 720, 13, 2023/01/21, 02:36:52.416, 1020208420290, vstest.console.dll, InProgress is ProductStorage.Tests.CustomerProductServiceTests.Delete_ShouldReturnFalse_WhenRecordDoesNotExist
TpTrace Verbose: 0 : 720, 13, 2023/01/21, 02:36:52.416, 1020208420704, vstest.console.dll, InProgress is ProductStorage.Tests.CustomerServiceTests.Update_ShouldReturnTrue_WhenCustomerExists
TpTrace Verbose: 0 : 720, 13, 2023/01/21, 02:36:52.416, 1020208421043, vstest.console.dll, InProgress is ProductStorage.Tests.ProductServiceTests.GetById_ShouldNotReturnProduct_WhenProductDoesNotExist
TpTrace Verbose: 0 : 720, 13, 2023/01/21, 02:36:52.416, 1020208421721, vstest.console.dll, MulticastDelegateUtilities.SafeInvoke: TestRun.RunStatsChanged: Invoking callbacks was skipped because there are no subscribers.
TpTrace Information: 0 : 720, 13, 2023/01/21, 02:36:52.416, 1020208422098, vstest.console.dll, TestRunRequest:SendTestRunStatsChange: Completed.
TpTrace Verbose: 0 : 720, 13, 2023/01/21, 02:36:52.416, 1020208422466, vstest.console.dll, MulticastDelegateUtilities.SafeInvoke: LengthPrefixCommunicationChannel: MessageReceived: Invoking callback 1/1 for Microsoft.VisualStudio.TestPlatform.CommunicationUtilities.TestRequestSender+<>c__DisplayClass31_0.<StartTestRun>b__1, took 1 ms.
TpTrace Verbose: 0 : 720, 13, 2023/01/21, 02:36:52.416, 1020208422823, vstest.console.dll, TcpClientExtensions.MessageLoopAsync: Polling on remoteEndPoint: 127.0.0.1:49595 localEndPoint: 127.0.0.1:49594
TpTrace Verbose: 0 : 720, 13, 2023/01/21, 02:36:52.422, 1020208488331, vstest.console.dll, TcpClientExtensions.MessageLoopAsync: NotifyDataAvailable remoteEndPoint: 127.0.0.1:49595 localEndPoint: 127.0.0.1:49594
TpTrace Verbose: 0 : 720, 13, 2023/01/21, 02:36:52.423, 1020208490309, vstest.console.dll, TestRequestSender.OnExecutionMessageReceived: Received message: {"Version":5,"MessageType":"TestExecution.StatsChange","Payload":{"NewTestResults":[{"TestCase":{"Id":"bd157c55-9a16-e730-71de-c3660b09684c","FullyQualifiedName":"ProductStorage.Tests.CustomerProductServiceTests.Delete_ShouldReturnFalse_WhenRecordDoesNotExist","DisplayName":"ProductStorage.Tests.CustomerProductServiceTests.Delete_ShouldReturnFalse_WhenRecordDoesNotExist","ExecutorUri":"executor://xunit/VsTestRunner2/netcoreapp","Source":"D:\\HOKAIDO\\KPI\\5 SEM\\.NET Web\\ProductStorage\\ProductStorage.Tests\\bin\\Debug\\net5.0\\fine-code-coverage\\build-output\\ProductStorage.Tests.dll","CodeFilePath":null,"LineNumber":0,"Properties":[]},"Attachments":[],"Outcome":1,"ErrorMessage":null,"ErrorStackTrace":null,"DisplayName":"ProductStorage.Tests.CustomerProductServiceTests.Delete_ShouldReturnFalse_WhenRecordDoesNotExist","Messages":[],"ComputerName":"HOKAIDO","Duration":"00:00:00.0041547","StartTime":"2023-01-21T00:36:52.4088329+00:00","EndTime":"2023-01-21T00:36:52.4088347+00:00","Properties":[]},{"TestCase":{"Id":"f34d92bc-1dcd-e7c9-8386-707bfd2fa5b0","FullyQualifiedName":"ProductStorage.Tests.CustomerServiceTests.Update_ShouldReturnTrue_WhenCustomerExists","DisplayName":"ProductStorage.Tests.CustomerServiceTests.Update_ShouldReturnTrue_WhenCustomerExists","ExecutorUri":"executor://xunit/VsTestRunner2/netcoreapp","Source":"D:\\HOKAIDO\\KPI\\5 SEM\\.NET Web\\ProductStorage\\ProductStorage.Tests\\bin\\Debug\\net5.0\\fine-code-coverage\\build-output\\ProductStorage.Tests.dll","CodeFilePath":null,"LineNumber":0,"Properties":[]},"Attachments":[],"Outcome":1,"ErrorMessage":null,"ErrorStackTrace":null,"DisplayName":"ProductStorage.Tests.CustomerServiceTests.Update_ShouldReturnTrue_WhenCustomerExists","Messages":[],"ComputerName":"HOKAIDO","Duration":"00:00:00.0031475","StartTime":"2023-01-21T00:36:52.4112838+00:00","EndTime":"2023-01-21T00:36:52.4112855+00:00","Properties":[]},{"TestCase":{"Id":"7f688d67-6c38-5cda-d097-4ac1d3c163c2","FullyQualifiedName":"ProductStorage.Tests.ProductServiceTests.GetById_ShouldNotReturnProduct_WhenProductDoesNotExist","DisplayName":"ProductStorage.Tests.ProductServiceTests.GetById_ShouldNotReturnProduct_WhenProductDoesNotExist","ExecutorUri":"executor://xunit/VsTestRunner2/netcoreapp","Source":"D:\\HOKAIDO\\KPI\\5 SEM\\.NET Web\\ProductStorage\\ProductStorage.Tests\\bin\\Debug\\net5.0\\fine-code-coverage\\build-output\\ProductStorage.Tests.dll","CodeFilePath":null,"LineNumber":0,"Properties":[]},"Attachments":[],"Outcome":1,"ErrorMessage":null,"ErrorStackTrace":null,"DisplayName":"ProductStorage.Tests.ProductServiceTests.GetById_ShouldNotReturnProduct_WhenProductDoesNotExist","Messages":[],"ComputerName":"HOKAIDO","Duration":"00:00:00.0021997","StartTime":"2023-01-21T00:36:52.4133734+00:00","EndTime":"2023-01-21T00:36:52.413375+00:00","Properties":[]},{"TestCase":{"Id":"9f13683b-4b29-ca54-7cc0-1b21a4c63edd","FullyQualifiedName":"ProductStorage.Tests.ProductServiceTests.GetById_ShouldReturnProduct_WhenProductExists","DisplayName":"ProductStorage.Tests.ProductServiceTests.GetById_ShouldReturnProduct_WhenProductExists","ExecutorUri":"executor://xunit/VsTestRunner2/netcoreapp","Source":"D:\\HOKAIDO\\KPI\\5 SEM\\.NET Web\\ProductStorage\\ProductStorage.Tests\\bin\\Debug\\net5.0\\fine-code-coverage\\build-output\\ProductStorage.Tests.dll","CodeFilePath":null,"LineNumber":0,"Properties":[]},"Attachments":[],"Outcome":1,"ErrorMessage":null,"ErrorStackTrace":null,"DisplayName":"ProductStorage.Tests.ProductServiceTests.GetById_ShouldReturnProduct_WhenProductExists","Messages":[],"ComputerName":"HOKAIDO","Duration":"00:00:00.0016408","StartTime":"2023-01-21T00:36:52.4152867+00:00","EndTime":"2023-01-21T00:36:52.4152881+00:00","Properties":[]},{"TestCase":{"Id":"7b669684-2bb9-0d89-0898-348767a9439d","FullyQualifiedName":"ProductStorage.Tests.CustomerServiceTests.GetCustomers_ShouldNotReturnIEnumerableCustomer_WhenCustomersDoNotExist","DisplayName":"ProductStorage.Tests.CustomerServiceTests.GetCustomers_ShouldNotReturnIEnumerableCustomer_WhenCustomersDoNotExist","ExecutorUri":"executor://xunit/VsTestRunner2/netcoreapp","Source":"D:\\HOKAIDO\\KPI\\5 SEM\\.NET Web\\ProductStorage\\ProductStorage.Tests\\bin\\Debug\\net5.0\\fine-code-coverage\\build-output\\ProductStorage.Tests.dll","CodeFilePath":null,"LineNumber":0,"Properties":[]},"Attachments":[],"Outcome":1,"ErrorMessage":null,"ErrorStackTrace":null,"DisplayName":"ProductStorage.Tests.CustomerServiceTests.GetCustomers_ShouldNotReturnIEnumerableCustomer_WhenCustomersDoNotExist","Messages":[],"ComputerName":"HOKAIDO","Duration":"00:00:00.0026962","StartTime":"2023-01-21T00:36:52.4170499+00:00","EndTime":"2023-01-21T00:36:52.4170511+00:00","Properties":[]},{"TestCase":{"Id":"f29b4715-4cc3-ae9d-fccb-c1bb40aba393","FullyQualifiedName":"ProductStorage.Tests.CustomerProductServiceTests.Update_ShouldReturnFalse_WhenNewAmountIsNull","DisplayName":"ProductStorage.Tests.CustomerProductServiceTests.Update_ShouldReturnFalse_WhenNewAmountIsNull","ExecutorUri":"executor://xunit/VsTestRunner2/netcoreapp","Source":"D:\\HOKAIDO\\KPI\\5 SEM\\.NET Web\\ProductStorage\\ProductStorage.Tests\\bin\\Debug\\net5.0\\fine-code-coverage\\build-output\\ProductStorage.Tests.dll","CodeFilePath":null,"LineNumber":0,"Properties":[]},"Attachments":[],"Outcome":1,"ErrorMessage":null,"ErrorStackTrace":null,"DisplayName":"ProductStorage.Tests.CustomerProductServiceTests.Update_ShouldReturnFalse_WhenNewAmountIsNull","Messages":[],"ComputerName":"HOKAIDO","Duration":"00:00:00.0052566","StartTime":"2023-01-21T00:36:52.4190868+00:00","EndTime":"2023-01-21T00:36:52.419088+00:00","Properties":[]},{"TestCase":{"Id":"c8740e9d-229b-be2b-c53a-7bfbdc3caf3f","FullyQualifiedName":"ProductStorage.Tests.ProductServiceTests.Update_ShouldReturnFalse_WhenCustomerIsNull","DisplayName":"ProductStorage.Tests.ProductServiceTests.Update_ShouldReturnFalse_WhenCustomerIsNull","ExecutorUri":"executor://xunit/VsTestRunner2/netcoreapp","Source":"D:\\HOKAIDO\\KPI\\5 SEM\\.NET Web\\ProductStorage\\ProductStorage.Tests\\bin\\Debug\\net5.0\\fine-code-coverage\\build-output\\ProductStorage.Tests.dll","CodeFilePath":null,"LineNumber":0,"Properties":[]},"Attachments":[],"Outcome":1,"ErrorMessage":null,"ErrorStackTrace":null,"DisplayName":"ProductStorage.Tests.ProductServiceTests.Update_ShouldReturnFalse_WhenCustomerIsNull","Messages":[],"ComputerName":"HOKAIDO","Duration":"00:00:00.0032912","StartTime":"2023-01-21T00:36:52.420979+00:00","EndTime":"2023-01-21T00:36:52.4209806+00:00","Properties":[]}],"TestRunStatistics":{"ExecutedTests":21,"Stats":{"Passed":21}},"ActiveTests":[{"Id":"6907d484-a4db-9ffc-614d-ed90259fb97e","FullyQualifiedName":"ProductStorage.Tests.CustomerServiceTests.Delete_ShouldReturnFalse_WhenCustomerDoesNotExist","DisplayName":"ProductStorage.Tests.CustomerServiceTests.Delete_ShouldReturnFalse_WhenCustomerDoesNotExist","ExecutorUri":"executor://xunit/VsTestRunner2/netcoreapp","Source":"D:\\HOKAIDO\\KPI\\5 SEM\\.NET Web\\ProductStorage\\ProductStorage.Tests\\bin\\Debug\\net5.0\\fine-code-coverage\\build-output\\ProductStorage.Tests.dll","CodeFilePath":null,"LineNumber":0,"Properties":[]},{"Id":"0288fb8a-2029-436d-bd41-5e753bd156da","FullyQualifiedName":"ProductStorage.Tests.CustomerProductServiceTests.Select_ShouldNotReturnCustomerProductViewModel_InternalServerError","DisplayName":"ProductStorage.Tests.CustomerProductServiceTests.Select_ShouldNotReturnCustomerProductViewModel_InternalServerError","ExecutorUri":"executor://xunit/VsTestRunner2/netcoreapp","Source":"D:\\HOKAIDO\\KPI\\5 SEM\\.NET Web\\ProductStorage\\ProductStorage.Tests\\bin\\Debug\\net5.0\\fine-code-coverage\\build-output\\ProductStorage.Tests.dll","CodeFilePath":null,"LineNumber":0,"Properties":[]},{"Id":"503db838-9ded-5490-97bc-2e9556a9d755","FullyQualifiedName":"ProductStorage.Tests.ProductServiceTests.Update_ShouldReturnTrue_WhenProductExists","DisplayName":"ProductStorage.Tests.ProductServiceTests.Update_ShouldReturnTrue_WhenProductExists","ExecutorUri":"executor://xunit/VsTestRunner2/netcoreapp","Source":"D:\\HOKAIDO\\KPI\\5 SEM\\.NET Web\\ProductStorage\\ProductStorage.Tests\\bin\\Debug\\net5.0\\fine-code-coverage\\build-output\\ProductStorage.Tests.dll","CodeFilePath":null,"LineNumber":0,"Properties":[]}]}}
TpTrace Verbose: 0 : 720, 4, 2023/01/21, 02:36:52.423, 1020208490980, vstest.console.dll, MulticastDelegateUtilities.SafeInvoke: InternalTestLoggerEvents.SendTestResult: Invoking callback 1/1 for Microsoft.VisualStudio.TestPlatform.CommandLine.Internal.ConsoleLogger.TestResultHandler, took 8 ms.
TpTrace Verbose: 0 : 720, 4, 2023/01/21, 02:36:52.423, 1020208492141, vstest.console.dll, MulticastDelegateUtilities.SafeInvoke: InternalTestLoggerEvents.SendTestResult: Invoking callback 1/1 for Microsoft.VisualStudio.TestPlatform.CommandLine.Internal.ConsoleLogger.TestResultHandler, took 0 ms.
TpTrace Verbose: 0 : 720, 4, 2023/01/21, 02:36:52.423, 1020208492549, vstest.console.dll, MulticastDelegateUtilities.SafeInvoke: InternalTestLoggerEvents.SendTestResult: Invoking callback 1/1 for Microsoft.VisualStudio.TestPlatform.CommandLine.Internal.ConsoleLogger.TestResultHandler, took 0 ms.
TpTrace Verbose: 0 : 720, 4, 2023/01/21, 02:36:52.423, 1020208492881, vstest.console.dll, MulticastDelegateUtilities.SafeInvoke: InternalTestLoggerEvents.SendTestResult: Invoking callback 1/1 for Microsoft.VisualStudio.TestPlatform.CommandLine.Internal.ConsoleLogger.TestResultHandler, took 0 ms.
TpTrace Verbose: 0 : 720, 4, 2023/01/21, 02:36:52.423, 1020208493202, vstest.console.dll, MulticastDelegateUtilities.SafeInvoke: InternalTestLoggerEvents.SendTestResult: Invoking callback 1/1 for Microsoft.VisualStudio.TestPlatform.CommandLine.Internal.ConsoleLogger.TestResultHandler, took 0 ms.
TpTrace Verbose: 0 : 720, 4, 2023/01/21, 02:36:52.423, 1020208493503, vstest.console.dll, MulticastDelegateUtilities.SafeInvoke: InternalTestLoggerEvents.SendTestResult: Invoking callback 1/1 for Microsoft.VisualStudio.TestPlatform.CommandLine.Internal.ConsoleLogger.TestResultHandler, took 0 ms.
TpTrace Verbose: 0 : 720, 4, 2023/01/21, 02:36:52.423, 1020208493817, vstest.console.dll, MulticastDelegateUtilities.SafeInvoke: InternalTestLoggerEvents.SendTestResult: Invoking callback 1/1 for Microsoft.VisualStudio.TestPlatform.CommandLine.Internal.ConsoleLogger.TestResultHandler, took 0 ms.
TpTrace Verbose: 0 : 720, 4, 2023/01/21, 02:36:52.423, 1020208494178, vstest.console.dll, MulticastDelegateUtilities.SafeInvoke: InternalTestLoggerEvents.SendTestResult: Invoking callback 1/1 for Microsoft.VisualStudio.TestPlatform.CommandLine.Internal.ConsoleLogger.TestResultHandler, took 0 ms.
TpTrace Verbose: 0 : 720, 4, 2023/01/21, 02:36:52.423, 1020208494479, vstest.console.dll, MulticastDelegateUtilities.SafeInvoke: InternalTestLoggerEvents.SendTestResult: Invoking callback 1/1 for Microsoft.VisualStudio.TestPlatform.CommandLine.Internal.ConsoleLogger.TestResultHandler, took 0 ms.
TpTrace Verbose: 0 : 720, 4, 2023/01/21, 02:36:52.423, 1020208494781, vstest.console.dll, MulticastDelegateUtilities.SafeInvoke: InternalTestLoggerEvents.SendTestResult: Invoking callback 1/1 for Microsoft.VisualStudio.TestPlatform.CommandLine.Internal.ConsoleLogger.TestResultHandler, took 0 ms.
TpTrace Verbose: 0 : 720, 4, 2023/01/21, 02:36:52.423, 1020208495087, vstest.console.dll, MulticastDelegateUtilities.SafeInvoke: InternalTestLoggerEvents.SendTestResult: Invoking callback 1/1 for Microsoft.VisualStudio.TestPlatform.CommandLine.Internal.ConsoleLogger.TestResultHandler, took 0 ms.
TpTrace Verbose: 0 : 720, 4, 2023/01/21, 02:36:52.423, 1020208495402, vstest.console.dll, MulticastDelegateUtilities.SafeInvoke: InternalTestLoggerEvents.SendTestResult: Invoking callback 1/1 for Microsoft.VisualStudio.TestPlatform.CommandLine.Internal.ConsoleLogger.TestResultHandler, took 0 ms.
TpTrace Verbose: 0 : 720, 4, 2023/01/21, 02:36:52.423, 1020208495806, vstest.console.dll, MulticastDelegateUtilities.SafeInvoke: InternalTestLoggerEvents.SendTestResult: Invoking callback 1/1 for Microsoft.VisualStudio.TestPlatform.CommandLine.Internal.ConsoleLogger.TestResultHandler, took 0 ms.
TpTrace Verbose: 0 : 720, 4, 2023/01/21, 02:36:52.423, 1020208496393, vstest.console.dll, MulticastDelegateUtilities.SafeInvoke: InternalTestLoggerEvents.SendTestResult: Invoking callback 1/1 for Microsoft.VisualStudio.TestPlatform.CommandLine.Internal.ConsoleLogger.TestResultHandler, took 0 ms.
TpTrace Verbose: 0 : 720, 13, 2023/01/21, 02:36:52.423, 1020208497054, vstest.console.dll, TestRunRequest:SendTestRunStatsChange: Starting.
TpTrace Verbose: 0 : 720, 13, 2023/01/21, 02:36:52.423, 1020208497713, vstest.console.dll, InProgress is ProductStorage.Tests.CustomerServiceTests.Delete_ShouldReturnFalse_WhenCustomerDoesNotExist
TpTrace Verbose: 0 : 720, 13, 2023/01/21, 02:36:52.423, 1020208497971, vstest.console.dll, InProgress is ProductStorage.Tests.CustomerProductServiceTests.Select_ShouldNotReturnCustomerProductViewModel_InternalServerError
TpTrace Verbose: 0 : 720, 13, 2023/01/21, 02:36:52.423, 1020208498169, vstest.console.dll, InProgress is ProductStorage.Tests.ProductServiceTests.Update_ShouldReturnTrue_WhenProductExists
TpTrace Verbose: 0 : 720, 13, 2023/01/21, 02:36:52.423, 1020208498582, vstest.console.dll, MulticastDelegateUtilities.SafeInvoke: TestRun.RunStatsChanged: Invoking callbacks was skipped because there are no subscribers.
TpTrace Information: 0 : 720, 13, 2023/01/21, 02:36:52.423, 1020208498914, vstest.console.dll, TestRunRequest:SendTestRunStatsChange: Completed.
TpTrace Verbose: 0 : 720, 4, 2023/01/21, 02:36:52.423, 1020208498919, vstest.console.dll, MulticastDelegateUtilities.SafeInvoke: InternalTestLoggerEvents.SendTestResult: Invoking callback 1/1 for Microsoft.VisualStudio.TestPlatform.CommandLine.Internal.ConsoleLogger.TestResultHandler, took 0 ms.
TpTrace Verbose: 0 : 720, 13, 2023/01/21, 02:36:52.424, 1020208499300, vstest.console.dll, MulticastDelegateUtilities.SafeInvoke: LengthPrefixCommunicationChannel: MessageReceived: Invoking callback 1/1 for Microsoft.VisualStudio.TestPlatform.CommunicationUtilities.TestRequestSender+<>c__DisplayClass31_0.<StartTestRun>b__1, took 0 ms.
TpTrace Verbose: 0 : 720, 13, 2023/01/21, 02:36:52.424, 1020208500028, vstest.console.dll, TcpClientExtensions.MessageLoopAsync: Polling on remoteEndPoint: 127.0.0.1:49595 localEndPoint: 127.0.0.1:49594
TpTrace Verbose: 0 : 720, 4, 2023/01/21, 02:36:52.426, 1020208525556, vstest.console.dll, MulticastDelegateUtilities.SafeInvoke: InternalTestLoggerEvents.SendTestResult: Invoking callback 1/1 for Microsoft.VisualStudio.TestPlatform.CommandLine.Internal.ConsoleLogger.TestResultHandler, took 2 ms.
TpTrace Verbose: 0 : 720, 4, 2023/01/21, 02:36:52.426, 1020208526715, vstest.console.dll, MulticastDelegateUtilities.SafeInvoke: InternalTestLoggerEvents.SendTestResult: Invoking callback 1/1 for Microsoft.VisualStudio.TestPlatform.CommandLine.Internal.ConsoleLogger.TestResultHandler, took 0 ms.
TpTrace Verbose: 0 : 720, 4, 2023/01/21, 02:36:52.426, 1020208527632, vstest.console.dll, MulticastDelegateUtilities.SafeInvoke: InternalTestLoggerEvents.SendTestResult: Invoking callback 1/1 for Microsoft.VisualStudio.TestPlatform.CommandLine.Internal.ConsoleLogger.TestResultHandler, took 0 ms.
TpTrace Verbose: 0 : 720, 4, 2023/01/21, 02:36:52.426, 1020208528313, vstest.console.dll, MulticastDelegateUtilities.SafeInvoke: InternalTestLoggerEvents.SendTestResult: Invoking callback 1/1 for Microsoft.VisualStudio.TestPlatform.CommandLine.Internal.ConsoleLogger.TestResultHandler, took 0 ms.
TpTrace Verbose: 0 : 720, 4, 2023/01/21, 02:36:52.427, 1020208528938, vstest.console.dll, MulticastDelegateUtilities.SafeInvoke: InternalTestLoggerEvents.SendTestResult: Invoking callback 1/1 for Microsoft.VisualStudio.TestPlatform.CommandLine.Internal.ConsoleLogger.TestResultHandler, took 0 ms.
TpTrace Verbose: 0 : 720, 4, 2023/01/21, 02:36:52.427, 1020208529727, vstest.console.dll, MulticastDelegateUtilities.SafeInvoke: InternalTestLoggerEvents.SendTestResult: Invoking callback 1/1 for Microsoft.VisualStudio.TestPlatform.CommandLine.Internal.ConsoleLogger.TestResultHandler, took 0 ms.
TpTrace Verbose: 0 : 720, 13, 2023/01/21, 02:36:52.435, 1020208611004, vstest.console.dll, TcpClientExtensions.MessageLoopAsync: NotifyDataAvailable remoteEndPoint: 127.0.0.1:49595 localEndPoint: 127.0.0.1:49594
TpTrace Verbose: 0 : 720, 13, 2023/01/21, 02:36:52.435, 1020208612739, vstest.console.dll, TestRequestSender.OnExecutionMessageReceived: Received message: {"Version":5,"MessageType":"TestExecution.StatsChange","Payload":{"NewTestResults":[{"TestCase":{"Id":"6907d484-a4db-9ffc-614d-ed90259fb97e","FullyQualifiedName":"ProductStorage.Tests.CustomerServiceTests.Delete_ShouldReturnFalse_WhenCustomerDoesNotExist","DisplayName":"ProductStorage.Tests.CustomerServiceTests.Delete_ShouldReturnFalse_WhenCustomerDoesNotExist","ExecutorUri":"executor://xunit/VsTestRunner2/netcoreapp","Source":"D:\\HOKAIDO\\KPI\\5 SEM\\.NET Web\\ProductStorage\\ProductStorage.Tests\\bin\\Debug\\net5.0\\fine-code-coverage\\build-output\\ProductStorage.Tests.dll","CodeFilePath":null,"LineNumber":0,"Properties":[]},"Attachments":[],"Outcome":1,"ErrorMessage":null,"ErrorStackTrace":null,"DisplayName":"ProductStorage.Tests.CustomerServiceTests.Delete_ShouldReturnFalse_WhenCustomerDoesNotExist","Messages":[],"ComputerName":"HOKAIDO","Duration":"00:00:00.0030250","StartTime":"2023-01-21T00:36:52.4237731+00:00","EndTime":"2023-01-21T00:36:52.423775+00:00","Properties":[]},{"TestCase":{"Id":"e57deddf-b36c-9416-4a5a-0248b6ffcb39","FullyQualifiedName":"ProductStorage.Tests.CustomerServiceTests.GetCustomers_ShouldReturnNull_InternalServerError","DisplayName":"ProductStorage.Tests.CustomerServiceTests.GetCustomers_ShouldReturnNull_InternalServerError","ExecutorUri":"executor://xunit/VsTestRunner2/netcoreapp","Source":"D:\\HOKAIDO\\KPI\\5 SEM\\.NET Web\\ProductStorage\\ProductStorage.Tests\\bin\\Debug\\net5.0\\fine-code-coverage\\build-output\\ProductStorage.Tests.dll","CodeFilePath":null,"LineNumber":0,"Properties":[]},"Attachments":[],"Outcome":1,"ErrorMessage":null,"ErrorStackTrace":null,"DisplayName":"ProductStorage.Tests.CustomerServiceTests.GetCustomers_ShouldReturnNull_InternalServerError","Messages":[],"ComputerName":"HOKAIDO","Duration":"00:00:00.0009408","StartTime":"2023-01-21T00:36:52.4256134+00:00","EndTime":"2023-01-21T00:36:52.4256148+00:00","Properties":[]},{"TestCase":{"Id":"503db838-9ded-5490-97bc-2e9556a9d755","FullyQualifiedName":"ProductStorage.Tests.ProductServiceTests.Update_ShouldReturnTrue_WhenProductExists","DisplayName":"ProductStorage.Tests.ProductServiceTests.Update_ShouldReturnTrue_WhenProductExists","ExecutorUri":"executor://xunit/VsTestRunner2/netcoreapp","Source":"D:\\HOKAIDO\\KPI\\5 SEM\\.NET Web\\ProductStorage\\ProductStorage.Tests\\bin\\Debug\\net5.0\\fine-code-coverage\\build-output\\ProductStorage.Tests.dll","CodeFilePath":null,"LineNumber":0,"Properties":[]},"Attachments":[],"Outcome":1,"ErrorMessage":null,"ErrorStackTrace":null,"DisplayName":"ProductStorage.Tests.ProductServiceTests.Update_ShouldReturnTrue_WhenProductExists","Messages":[],"ComputerName":"HOKAIDO","Duration":"00:00:00.0024622","StartTime":"2023-01-21T00:36:52.4274607+00:00","EndTime":"2023-01-21T00:36:52.4274624+00:00","Properties":[]},{"TestCase":{"Id":"0288fb8a-2029-436d-bd41-5e753bd156da","FullyQualifiedName":"ProductStorage.Tests.CustomerProductServiceTests.Select_ShouldNotReturnCustomerProductViewModel_InternalServerError","DisplayName":"ProductStorage.Tests.CustomerProductServiceTests.Select_ShouldNotReturnCustomerProductViewModel_InternalServerError","ExecutorUri":"executor://xunit/VsTestRunner2/netcoreapp","Source":"D:\\HOKAIDO\\KPI\\5 SEM\\.NET Web\\ProductStorage\\ProductStorage.Tests\\bin\\Debug\\net5.0\\fine-code-coverage\\build-output\\ProductStorage.Tests.dll","CodeFilePath":null,"LineNumber":0,"Properties":[]},"Attachments":[],"Outcome":1,"ErrorMessage":null,"ErrorStackTrace":null,"DisplayName":"ProductStorage.Tests.CustomerProductServiceTests.Select_ShouldNotReturnCustomerProductViewModel_InternalServerError","Messages":[],"ComputerName":"HOKAIDO","Duration":"00:00:00.0037905","StartTime":"2023-01-21T00:36:52.429194+00:00","EndTime":"2023-01-21T00:36:52.4291952+00:00","Properties":[]},{"TestCase":{"Id":"51e5e478-db2c-c0cb-650a-16e5505233a7","FullyQualifiedName":"ProductStorage.Tests.CustomerServiceTests.GetByName_ShouldNotReturnCustomer_WhenCustomerDoesNotExist","DisplayName":"ProductStorage.Tests.CustomerServiceTests.GetByName_ShouldNotReturnCustomer_WhenCustomerDoesNotExist","ExecutorUri":"executor://xunit/VsTestRunner2/netcoreapp","Source":"D:\\HOKAIDO\\KPI\\5 SEM\\.NET Web\\ProductStorage\\ProductStorage.Tests\\bin\\Debug\\net5.0\\fine-code-coverage\\build-output\\ProductStorage.Tests.dll","CodeFilePath":null,"LineNumber":0,"Properties":[]},"Attachments":[],"Outcome":1,"ErrorMessage":null,"ErrorStackTrace":null,"DisplayName":"ProductStorage.Tests.CustomerServiceTests.GetByName_ShouldNotReturnCustomer_WhenCustomerDoesNotExist","Messages":[],"ComputerName":"HOKAIDO","Duration":"00:00:00.0022401","StartTime":"2023-01-21T00:36:52.4308539+00:00","EndTime":"2023-01-21T00:36:52.4308546+00:00","Properties":[]},{"TestCase":{"Id":"4563be21-fe2c-e36b-6548-f88d441b993e","FullyQualifiedName":"ProductStorage.Tests.ProductServiceTests.GetByName_ShouldNotReturnProduct_WhenProductDoesNotExist","DisplayName":"ProductStorage.Tests.ProductServiceTests.GetByName_ShouldNotReturnProduct_WhenProductDoesNotExist","ExecutorUri":"executor://xunit/VsTestRunner2/netcoreapp","Source":"D:\\HOKAIDO\\KPI\\5 SEM\\.NET Web\\ProductStorage\\ProductStorage.Tests\\bin\\Debug\\net5.0\\fine-code-coverage\\build-output\\ProductStorage.Tests.dll","CodeFilePath":null,"LineNumber":0,"Properties":[]},"Attachments":[],"Outcome":1,"ErrorMessage":null,"ErrorStackTrace":null,"DisplayName":"ProductStorage.Tests.ProductServiceTests.GetByName_ShouldNotReturnProduct_WhenProductDoesNotExist","Messages":[],"ComputerName":"HOKAIDO","Duration":"00:00:00.0020586","StartTime":"2023-01-21T00:36:52.4322761+00:00","EndTime":"2023-01-21T00:36:52.4322772+00:00","Properties":[]},{"TestCase":{"Id":"e2198441-fe12-fc14-104c-600a7b58e2de","FullyQualifiedName":"ProductStorage.Tests.CustomerServiceTests.Create_ShouldReturnFalse_WhenPassedDataIsNull","DisplayName":"ProductStorage.Tests.CustomerServiceTests.Create_ShouldReturnFalse_WhenPassedDataIsNull","ExecutorUri":"executor://xunit/VsTestRunner2/netcoreapp","Source":"D:\\HOKAIDO\\KPI\\5 SEM\\.NET Web\\ProductStorage\\ProductStorage.Tests\\bin\\Debug\\net5.0\\fine-code-coverage\\build-output\\ProductStorage.Tests.dll","CodeFilePath":null,"LineNumber":0,"Properties":[]},"Attachments":[],"Outcome":1,"ErrorMessage":null,"ErrorStackTrace":null,"DisplayName":"ProductStorage.Tests.CustomerServiceTests.Create_ShouldReturnFalse_WhenPassedDataIsNull","Messages":[],"ComputerName":"HOKAIDO","Duration":"00:00:00.0010187","StartTime":"2023-01-21T00:36:52.4338514+00:00","EndTime":"2023-01-21T00:36:52.433852+00:00","Properties":[]}],"TestRunStatistics":{"ExecutedTests":28,"Stats":{"Passed":28}},"ActiveTests":[{"Id":"22693b76-b80d-634a-aaaf-f117160c0e1b","FullyQualifiedName":"ProductStorage.Tests.CustomerProductServiceTests.Update_ShouldReturnFalse_WhenRecordIsNull","DisplayName":"ProductStorage.Tests.CustomerProductServiceTests.Update_ShouldReturnFalse_WhenRecordIsNull","ExecutorUri":"executor://xunit/VsTestRunner2/netcoreapp","Source":"D:\\HOKAIDO\\KPI\\5 SEM\\.NET Web\\ProductStorage\\ProductStorage.Tests\\bin\\Debug\\net5.0\\fine-code-coverage\\build-output\\ProductStorage.Tests.dll","CodeFilePath":null,"LineNumber":0,"Properties":[]},{"Id":"234a97e0-3b2a-1ba8-0773-751cb5914392","FullyQualifiedName":"ProductStorage.Tests.ProductServiceTests.Update_ShouldReturnFalse_WhenNewProductIsNull","DisplayName":"ProductStorage.Tests.ProductServiceTests.Update_ShouldReturnFalse_WhenNewProductIsNull","ExecutorUri":"executor://xunit/VsTestRunner2/netcoreapp","Source":"D:\\HOKAIDO\\KPI\\5 SEM\\.NET Web\\ProductStorage\\ProductStorage.Tests\\bin\\Debug\\net5.0\\fine-code-coverage\\build-output\\ProductStorage.Tests.dll","CodeFilePath":null,"LineNumber":0,"Properties":[]},{"Id":"5bfc4600-b78a-7fb7-aaa7-d27e42bac1ca","FullyQualifiedName":"ProductStorage.Tests.CustomerServiceTests.GetCustomers_ShouldReturnIEnumerableCustomer_WhenCustomersExist","DisplayName":"ProductStorage.Tests.CustomerServiceTests.GetCustomers_ShouldReturnIEnumerableCustomer_WhenCustomersExist","ExecutorUri":"executor://xunit/VsTestRunner2/netcoreapp","Source":"D:\\HOKAIDO\\KPI\\5 SEM\\.NET Web\\ProductStorage\\ProductStorage.Tests\\bin\\Debug\\net5.0\\fine-code-coverage\\build-output\\ProductStorage.Tests.dll","CodeFilePath":null,"LineNumber":0,"Properties":[]}]}}
TpTrace Verbose: 0 : 720, 13, 2023/01/21, 02:36:52.436, 1020208619105, vstest.console.dll, TestRunRequest:SendTestRunStatsChange: Starting.
TpTrace Verbose: 0 : 720, 13, 2023/01/21, 02:36:52.436, 1020208619521, vstest.console.dll, InProgress is ProductStorage.Tests.CustomerProductServiceTests.Update_ShouldReturnFalse_WhenRecordIsNull
TpTrace Verbose: 0 : 720, 13, 2023/01/21, 02:36:52.436, 1020208619736, vstest.console.dll, InProgress is ProductStorage.Tests.ProductServiceTests.Update_ShouldReturnFalse_WhenNewProductIsNull
TpTrace Verbose: 0 : 720, 13, 2023/01/21, 02:36:52.436, 1020208619905, vstest.console.dll, InProgress is ProductStorage.Tests.CustomerServiceTests.GetCustomers_ShouldReturnIEnumerableCustomer_WhenCustomersExist
TpTrace Verbose: 0 : 720, 13, 2023/01/21, 02:36:52.436, 1020208620237, vstest.console.dll, MulticastDelegateUtilities.SafeInvoke: TestRun.RunStatsChanged: Invoking callbacks was skipped because there are no subscribers.
TpTrace Information: 0 : 720, 13, 2023/01/21, 02:36:52.436, 1020208620646, vstest.console.dll, TestRunRequest:SendTestRunStatsChange: Completed.
TpTrace Verbose: 0 : 720, 13, 2023/01/21, 02:36:52.436, 1020208620926, vstest.console.dll, MulticastDelegateUtilities.SafeInvoke: LengthPrefixCommunicationChannel: MessageReceived: Invoking callback 1/1 for Microsoft.VisualStudio.TestPlatform.CommunicationUtilities.TestRequestSender+<>c__DisplayClass31_0.<StartTestRun>b__1, took 0 ms.
TpTrace Verbose: 0 : 720, 4, 2023/01/21, 02:36:52.436, 1020208620896, vstest.console.dll, MulticastDelegateUtilities.SafeInvoke: InternalTestLoggerEvents.SendTestResult: Invoking callback 1/1 for Microsoft.VisualStudio.TestPlatform.CommandLine.Internal.ConsoleLogger.TestResultHandler, took 0 ms.
TpTrace Verbose: 0 : 720, 13, 2023/01/21, 02:36:52.436, 1020208621187, vstest.console.dll, TcpClientExtensions.MessageLoopAsync: Polling on remoteEndPoint: 127.0.0.1:49595 localEndPoint: 127.0.0.1:49594
TpTrace Verbose: 0 : 720, 4, 2023/01/21, 02:36:52.436, 1020208621922, vstest.console.dll, MulticastDelegateUtilities.SafeInvoke: InternalTestLoggerEvents.SendTestResult: Invoking callback 1/1 for Microsoft.VisualStudio.TestPlatform.CommandLine.Internal.ConsoleLogger.TestResultHandler, took 0 ms.
TpTrace Verbose: 0 : 720, 4, 2023/01/21, 02:36:52.436, 1020208622480, vstest.console.dll, MulticastDelegateUtilities.SafeInvoke: InternalTestLoggerEvents.SendTestResult: Invoking callback 1/1 for Microsoft.VisualStudio.TestPlatform.CommandLine.Internal.ConsoleLogger.TestResultHandler, took 0 ms.
TpTrace Verbose: 0 : 720, 4, 2023/01/21, 02:36:52.436, 1020208622996, vstest.console.dll, MulticastDelegateUtilities.SafeInvoke: InternalTestLoggerEvents.SendTestResult: Invoking callback 1/1 for Microsoft.VisualStudio.TestPlatform.CommandLine.Internal.ConsoleLogger.TestResultHandler, took 0 ms.
TpTrace Verbose: 0 : 720, 4, 2023/01/21, 02:36:52.436, 1020208623503, vstest.console.dll, MulticastDelegateUtilities.SafeInvoke: InternalTestLoggerEvents.SendTestResult: Invoking callback 1/1 for Microsoft.VisualStudio.TestPlatform.CommandLine.Internal.ConsoleLogger.TestResultHandler, took 0 ms.
TpTrace Verbose: 0 : 720, 4, 2023/01/21, 02:36:52.436, 1020208624010, vstest.console.dll, MulticastDelegateUtilities.SafeInvoke: InternalTestLoggerEvents.SendTestResult: Invoking callback 1/1 for Microsoft.VisualStudio.TestPlatform.CommandLine.Internal.ConsoleLogger.TestResultHandler, took 0 ms.
TpTrace Verbose: 0 : 720, 4, 2023/01/21, 02:36:52.436, 1020208624605, vstest.console.dll, MulticastDelegateUtilities.SafeInvoke: InternalTestLoggerEvents.SendTestResult: Invoking callback 1/1 for Microsoft.VisualStudio.TestPlatform.CommandLine.Internal.ConsoleLogger.TestResultHandler, took 0 ms.
TpTrace Verbose: 0 : 720, 13, 2023/01/21, 02:36:52.447, 1020208731054, vstest.console.dll, TcpClientExtensions.MessageLoopAsync: NotifyDataAvailable remoteEndPoint: 127.0.0.1:49595 localEndPoint: 127.0.0.1:49594
TpTrace Verbose: 0 : 720, 13, 2023/01/21, 02:36:52.447, 1020208732949, vstest.console.dll, TestRequestSender.OnExecutionMessageReceived: Received message: {"Version":5,"MessageType":"TestExecution.StatsChange","Payload":{"NewTestResults":[{"TestCase":{"Id":"22693b76-b80d-634a-aaaf-f117160c0e1b","FullyQualifiedName":"ProductStorage.Tests.CustomerProductServiceTests.Update_ShouldReturnFalse_WhenRecordIsNull","DisplayName":"ProductStorage.Tests.CustomerProductServiceTests.Update_ShouldReturnFalse_WhenRecordIsNull","ExecutorUri":"executor://xunit/VsTestRunner2/netcoreapp","Source":"D:\\HOKAIDO\\KPI\\5 SEM\\.NET Web\\ProductStorage\\ProductStorage.Tests\\bin\\Debug\\net5.0\\fine-code-coverage\\build-output\\ProductStorage.Tests.dll","CodeFilePath":null,"LineNumber":0,"Properties":[]},"Attachments":[],"Outcome":1,"ErrorMessage":null,"ErrorStackTrace":null,"DisplayName":"ProductStorage.Tests.CustomerProductServiceTests.Update_ShouldReturnFalse_WhenRecordIsNull","Messages":[],"ComputerName":"HOKAIDO","Duration":"00:00:00.0029424","StartTime":"2023-01-21T00:36:52.4358519+00:00","EndTime":"2023-01-21T00:36:52.435853+00:00","Properties":[]},{"TestCase":{"Id":"5bfc4600-b78a-7fb7-aaa7-d27e42bac1ca","FullyQualifiedName":"ProductStorage.Tests.CustomerServiceTests.GetCustomers_ShouldReturnIEnumerableCustomer_WhenCustomersExist","DisplayName":"ProductStorage.Tests.CustomerServiceTests.GetCustomers_ShouldReturnIEnumerableCustomer_WhenCustomersExist","ExecutorUri":"executor://xunit/VsTestRunner2/netcoreapp","Source":"D:\\HOKAIDO\\KPI\\5 SEM\\.NET Web\\ProductStorage\\ProductStorage.Tests\\bin\\Debug\\net5.0\\fine-code-coverage\\build-output\\ProductStorage.Tests.dll","CodeFilePath":null,"LineNumber":0,"Properties":[]},"Attachments":[],"Outcome":1,"ErrorMessage":null,"ErrorStackTrace":null,"DisplayName":"ProductStorage.Tests.CustomerServiceTests.GetCustomers_ShouldReturnIEnumerableCustomer_WhenCustomersExist","Messages":[],"ComputerName":"HOKAIDO","Duration":"00:00:00.0013397","StartTime":"2023-01-21T00:36:52.4375194+00:00","EndTime":"2023-01-21T00:36:52.4375202+00:00","Properties":[]},{"TestCase":{"Id":"234a97e0-3b2a-1ba8-0773-751cb5914392","FullyQualifiedName":"ProductStorage.Tests.ProductServiceTests.Update_ShouldReturnFalse_WhenNewProductIsNull","DisplayName":"ProductStorage.Tests.ProductServiceTests.Update_ShouldReturnFalse_WhenNewProductIsNull","ExecutorUri":"executor://xunit/VsTestRunner2/netcoreapp","Source":"D:\\HOKAIDO\\KPI\\5 SEM\\.NET Web\\ProductStorage\\ProductStorage.Tests\\bin\\Debug\\net5.0\\fine-code-coverage\\build-output\\ProductStorage.Tests.dll","CodeFilePath":null,"LineNumber":0,"Properties":[]},"Attachments":[],"Outcome":1,"ErrorMessage":null,"ErrorStackTrace":null,"DisplayName":"ProductStorage.Tests.ProductServiceTests.Update_ShouldReturnFalse_WhenNewProductIsNull","Messages":[],"ComputerName":"HOKAIDO","Duration":"00:00:00.0025984","StartTime":"2023-01-21T00:36:52.4389131+00:00","EndTime":"2023-01-21T00:36:52.4389139+00:00","Properties":[]},{"TestCase":{"Id":"a9af4980-bd2b-7fff-beeb-a8abe8aca1b8","FullyQualifiedName":"ProductStorage.Tests.CustomerProductServiceTests.Create_ShouldReturnTrue_WhenPassedDataIsOk","DisplayName":"ProductStorage.Tests.CustomerProductServiceTests.Create_ShouldReturnTrue_WhenPassedDataIsOk","ExecutorUri":"executor://xunit/VsTestRunner2/netcoreapp","Source":"D:\\HOKAIDO\\KPI\\5 SEM\\.NET Web\\ProductStorage\\ProductStorage.Tests\\bin\\Debug\\net5.0\\fine-code-coverage\\build-output\\ProductStorage.Tests.dll","CodeFilePath":null,"LineNumber":0,"Properties":[]},"Attachments":[],"Outcome":1,"ErrorMessage":null,"ErrorStackTrace":null,"DisplayName":"ProductStorage.Tests.CustomerProductServiceTests.Create_ShouldReturnTrue_WhenPassedDataIsOk","Messages":[],"ComputerName":"HOKAIDO","Duration":"00:00:00.0021159","StartTime":"2023-01-21T00:36:52.4401996+00:00","EndTime":"2023-01-21T00:36:52.4402005+00:00","Properties":[]},{"TestCase":{"Id":"2b52f38c-e38f-e7d5-b9ac-4544d5179b5e","FullyQualifiedName":"ProductStorage.Tests.ProductServiceTests.Create_ShouldReturnFalse_WhenPassedDataIsNull","DisplayName":"ProductStorage.Tests.ProductServiceTests.Create_ShouldReturnFalse_WhenPassedDataIsNull","ExecutorUri":"executor://xunit/VsTestRunner2/netcoreapp","Source":"D:\\HOKAIDO\\KPI\\5 SEM\\.NET Web\\ProductStorage\\ProductStorage.Tests\\bin\\Debug\\net5.0\\fine-code-coverage\\build-output\\ProductStorage.Tests.dll","CodeFilePath":null,"LineNumber":0,"Properties":[]},"Attachments":[],"Outcome":1,"ErrorMessage":null,"ErrorStackTrace":null,"DisplayName":"ProductStorage.Tests.ProductServiceTests.Create_ShouldReturnFalse_WhenPassedDataIsNull","Messages":[],"ComputerName":"HOKAIDO","Duration":"00:00:00.0011075","StartTime":"2023-01-21T00:36:52.4413746+00:00","EndTime":"2023-01-21T00:36:52.4413752+00:00","Properties":[]},{"TestCase":{"Id":"ff392471-b947-1fad-8acc-ad7e502ca886","FullyQualifiedName":"ProductStorage.Tests.CustomerServiceTests.GetByName_ShouldReturnCustomer_WhenCustomerExists","DisplayName":"ProductStorage.Tests.CustomerServiceTests.GetByName_ShouldReturnCustomer_WhenCustomerExists","ExecutorUri":"executor://xunit/VsTestRunner2/netcoreapp","Source":"D:\\HOKAIDO\\KPI\\5 SEM\\.NET Web\\ProductStorage\\ProductStorage.Tests\\bin\\Debug\\net5.0\\fine-code-coverage\\build-output\\ProductStorage.Tests.dll","CodeFilePath":null,"LineNumber":0,"Properties":[]},"Attachments":[],"Outcome":1,"ErrorMessage":null,"ErrorStackTrace":null,"DisplayName":"ProductStorage.Tests.CustomerServiceTests.GetByName_ShouldReturnCustomer_WhenCustomerExists","Messages":[],"ComputerName":"HOKAIDO","Duration":"00:00:00.0030856","StartTime":"2023-01-21T00:36:52.4427597+00:00","EndTime":"2023-01-21T00:36:52.4427609+00:00","Properties":[]},{"TestCase":{"Id":"17c457fc-e3d9-29fd-c893-21d7b6ee1c19","FullyQualifiedName":"ProductStorage.Tests.ProductServiceTests.GetByName_ShouldReturnProduct_WhenProductExists","DisplayName":"ProductStorage.Tests.ProductServiceTests.GetByName_ShouldReturnProduct_WhenProductExists","ExecutorUri":"executor://xunit/VsTestRunner2/netcoreapp","Source":"D:\\HOKAIDO\\KPI\\5 SEM\\.NET Web\\ProductStorage\\ProductStorage.Tests\\bin\\Debug\\net5.0\\fine-code-coverage\\build-output\\ProductStorage.Tests.dll","CodeFilePath":null,"LineNumber":0,"Properties":[]},"Attachments":[],"Outcome":1,"ErrorMessage":null,"ErrorStackTrace":null,"DisplayName":"ProductStorage.Tests.ProductServiceTests.GetByName_ShouldReturnProduct_WhenProductExists","Messages":[],"ComputerName":"HOKAIDO","Duration":"00:00:00.0016781","StartTime":"2023-01-21T00:36:52.4445053+00:00","EndTime":"2023-01-21T00:36:52.4445065+00:00","Properties":[]},{"TestCase":{"Id":"3d8432ad-3039-79ee-dae9-5d6978c8b3d8","FullyQualifiedName":"ProductStorage.Tests.CustomerProductServiceTests.Delete_ShouldReturnTrue_WhenRecordExists","DisplayName":"ProductStorage.Tests.CustomerProductServiceTests.Delete_ShouldReturnTrue_WhenRecordExists","ExecutorUri":"executor://xunit/VsTestRunner2/netcoreapp","Source":"D:\\HOKAIDO\\KPI\\5 SEM\\.NET Web\\ProductStorage\\ProductStorage.Tests\\bin\\Debug\\net5.0\\fine-code-coverage\\build-output\\ProductStorage.Tests.dll","CodeFilePath":null,"LineNumber":0,"Properties":[]},"Attachments":[],"Outcome":1,"ErrorMessage":null,"ErrorStackTrace":null,"DisplayName":"ProductStorage.Tests.CustomerProductServiceTests.Delete_ShouldReturnTrue_WhenRecordExists","Messages":[],"ComputerName":"HOKAIDO","Duration":"00:00:00.0030628","StartTime":"2023-01-21T00:36:52.4454829+00:00","EndTime":"2023-01-21T00:36:52.4454837+00:00","Properties":[]}],"TestRunStatistics":{"ExecutedTests":36,"Stats":{"Passed":36}},"ActiveTests":[{"Id":"52c1a4dc-ba9d-59a6-7bff-6b3d5f251d8f","FullyQualifiedName":"ProductStorage.Tests.CustomerServiceTests.Delete_ShouldReturnTrue_WhenCustomerExists","DisplayName":"ProductStorage.Tests.CustomerServiceTests.Delete_ShouldReturnTrue_WhenCustomerExists","ExecutorUri":"executor://xunit/VsTestRunner2/netcoreapp","Source":"D:\\HOKAIDO\\KPI\\5 SEM\\.NET Web\\ProductStorage\\ProductStorage.Tests\\bin\\Debug\\net5.0\\fine-code-coverage\\build-output\\ProductStorage.Tests.dll","CodeFilePath":null,"LineNumber":0,"Properties":[]},{"Id":"147ed51a-7d4c-74a9-0805-4a538f345f5e","FullyQualifiedName":"ProductStorage.Tests.CustomerProductServiceTests.GetByCustomerId_ShouldReturnIEnumerableCustomerProduct_WhenRecordsExist","DisplayName":"ProductStorage.Tests.CustomerProductServiceTests.GetByCustomerId_ShouldReturnIEnumerableCustomerProduct_WhenRecordsExist","ExecutorUri":"executor://xunit/VsTestRunner2/netcoreapp","Source":"D:\\HOKAIDO\\KPI\\5 SEM\\.NET Web\\ProductStorage\\ProductStorage.Tests\\bin\\Debug\\net5.0\\fine-code-coverage\\build-output\\ProductStorage.Tests.dll","CodeFilePath":null,"LineNumber":0,"Properties":[]}]}}
TpTrace Verbose: 0 : 720, 13, 2023/01/21, 02:36:52.448, 1020208740012, vstest.console.dll, TestRunRequest:SendTestRunStatsChange: Starting.
TpTrace Verbose: 0 : 720, 13, 2023/01/21, 02:36:52.448, 1020208740520, vstest.console.dll, InProgress is ProductStorage.Tests.CustomerServiceTests.Delete_ShouldReturnTrue_WhenCustomerExists
TpTrace Verbose: 0 : 720, 13, 2023/01/21, 02:36:52.448, 1020208740781, vstest.console.dll, InProgress is ProductStorage.Tests.CustomerProductServiceTests.GetByCustomerId_ShouldReturnIEnumerableCustomerProduct_WhenRecordsExist
TpTrace Verbose: 0 : 720, 13, 2023/01/21, 02:36:52.448, 1020208741161, vstest.console.dll, MulticastDelegateUtilities.SafeInvoke: TestRun.RunStatsChanged: Invoking callbacks was skipped because there are no subscribers.
TpTrace Information: 0 : 720, 13, 2023/01/21, 02:36:52.448, 1020208741386, vstest.console.dll, TestRunRequest:SendTestRunStatsChange: Completed.
TpTrace Verbose: 0 : 720, 4, 2023/01/21, 02:36:52.448, 1020208741835, vstest.console.dll, MulticastDelegateUtilities.SafeInvoke: InternalTestLoggerEvents.SendTestResult: Invoking callback 1/1 for Microsoft.VisualStudio.TestPlatform.CommandLine.Internal.ConsoleLogger.TestResultHandler, took 0 ms.
TpTrace Verbose: 0 : 720, 13, 2023/01/21, 02:36:52.448, 1020208741878, vstest.console.dll, MulticastDelegateUtilities.SafeInvoke: LengthPrefixCommunicationChannel: MessageReceived: Invoking callback 1/1 for Microsoft.VisualStudio.TestPlatform.CommunicationUtilities.TestRequestSender+<>c__DisplayClass31_0.<StartTestRun>b__1, took 0 ms.
TpTrace Verbose: 0 : 720, 4, 2023/01/21, 02:36:52.448, 1020208742647, vstest.console.dll, MulticastDelegateUtilities.SafeInvoke: InternalTestLoggerEvents.SendTestResult: Invoking callback 1/1 for Microsoft.VisualStudio.TestPlatform.CommandLine.Internal.ConsoleLogger.TestResultHandler, took 0 ms.
TpTrace Verbose: 0 : 720, 13, 2023/01/21, 02:36:52.448, 1020208743091, vstest.console.dll, TcpClientExtensions.MessageLoopAsync: Polling on remoteEndPoint: 127.0.0.1:49595 localEndPoint: 127.0.0.1:49594
TpTrace Verbose: 0 : 720, 4, 2023/01/21, 02:36:52.448, 1020208743183, vstest.console.dll, MulticastDelegateUtilities.SafeInvoke: InternalTestLoggerEvents.SendTestResult: Invoking callback 1/1 for Microsoft.VisualStudio.TestPlatform.CommandLine.Internal.ConsoleLogger.TestResultHandler, took 0 ms.
TpTrace Verbose: 0 : 720, 4, 2023/01/21, 02:36:52.448, 1020208744339, vstest.console.dll, MulticastDelegateUtilities.SafeInvoke: InternalTestLoggerEvents.SendTestResult: Invoking callback 1/1 for Microsoft.VisualStudio.TestPlatform.CommandLine.Internal.ConsoleLogger.TestResultHandler, took 0 ms.
TpTrace Verbose: 0 : 720, 4, 2023/01/21, 02:36:52.448, 1020208744965, vstest.console.dll, MulticastDelegateUtilities.SafeInvoke: InternalTestLoggerEvents.SendTestResult: Invoking callback 1/1 for Microsoft.VisualStudio.TestPlatform.CommandLine.Internal.ConsoleLogger.TestResultHandler, took 0 ms.
TpTrace Verbose: 0 : 720, 4, 2023/01/21, 02:36:52.448, 1020208745424, vstest.console.dll, MulticastDelegateUtilities.SafeInvoke: InternalTestLoggerEvents.SendTestResult: Invoking callback 1/1 for Microsoft.VisualStudio.TestPlatform.CommandLine.Internal.ConsoleLogger.TestResultHandler, took 0 ms.
TpTrace Verbose: 0 : 720, 4, 2023/01/21, 02:36:52.448, 1020208745990, vstest.console.dll, MulticastDelegateUtilities.SafeInvoke: InternalTestLoggerEvents.SendTestResult: Invoking callback 1/1 for Microsoft.VisualStudio.TestPlatform.CommandLine.Internal.ConsoleLogger.TestResultHandler, took 0 ms.
TpTrace Verbose: 0 : 720, 4, 2023/01/21, 02:36:52.448, 1020208746488, vstest.console.dll, MulticastDelegateUtilities.SafeInvoke: InternalTestLoggerEvents.SendTestResult: Invoking callback 1/1 for Microsoft.VisualStudio.TestPlatform.CommandLine.Internal.ConsoleLogger.TestResultHandler, took 0 ms.
TpTrace Verbose: 0 : 720, 13, 2023/01/21, 02:36:52.462, 1020208883273, vstest.console.dll, TcpClientExtensions.MessageLoopAsync: NotifyDataAvailable remoteEndPoint: 127.0.0.1:49595 localEndPoint: 127.0.0.1:49594
TpTrace Verbose: 0 : 720, 13, 2023/01/21, 02:36:52.462, 1020208885273, vstest.console.dll, TestRequestSender.OnExecutionMessageReceived: Received message: {"Version":5,"MessageType":"TestExecution.StatsChange","Payload":{"NewTestResults":[{"TestCase":{"Id":"52c1a4dc-ba9d-59a6-7bff-6b3d5f251d8f","FullyQualifiedName":"ProductStorage.Tests.CustomerServiceTests.Delete_ShouldReturnTrue_WhenCustomerExists","DisplayName":"ProductStorage.Tests.CustomerServiceTests.Delete_ShouldReturnTrue_WhenCustomerExists","ExecutorUri":"executor://xunit/VsTestRunner2/netcoreapp","Source":"D:\\HOKAIDO\\KPI\\5 SEM\\.NET Web\\ProductStorage\\ProductStorage.Tests\\bin\\Debug\\net5.0\\fine-code-coverage\\build-output\\ProductStorage.Tests.dll","CodeFilePath":null,"LineNumber":0,"Properties":[]},"Attachments":[],"Outcome":1,"ErrorMessage":null,"ErrorStackTrace":null,"DisplayName":"ProductStorage.Tests.CustomerServiceTests.Delete_ShouldReturnTrue_WhenCustomerExists","Messages":[],"ComputerName":"HOKAIDO","Duration":"00:00:00.0029646","StartTime":"2023-01-21T00:36:52.4483711+00:00","EndTime":"2023-01-21T00:36:52.4483728+00:00","Properties":[]},{"TestCase":{"Id":"147ed51a-7d4c-74a9-0805-4a538f345f5e","FullyQualifiedName":"ProductStorage.Tests.CustomerProductServiceTests.GetByCustomerId_ShouldReturnIEnumerableCustomerProduct_WhenRecordsExist","DisplayName":"ProductStorage.Tests.CustomerProductServiceTests.GetByCustomerId_ShouldReturnIEnumerableCustomerProduct_WhenRecordsExist","ExecutorUri":"executor://xunit/VsTestRunner2/netcoreapp","Source":"D:\\HOKAIDO\\KPI\\5 SEM\\.NET Web\\ProductStorage\\ProductStorage.Tests\\bin\\Debug\\net5.0\\fine-code-coverage\\build-output\\ProductStorage.Tests.dll","CodeFilePath":null,"LineNumber":0,"Properties":[]},"Attachments":[],"Outcome":1,"ErrorMessage":null,"ErrorStackTrace":null,"DisplayName":"ProductStorage.Tests.CustomerProductServiceTests.GetByCustomerId_ShouldReturnIEnumerableCustomerProduct_WhenRecordsExist","Messages":[],"ComputerName":"HOKAIDO","Duration":"00:00:00.0013171","StartTime":"2023-01-21T00:36:52.4497731+00:00","EndTime":"2023-01-21T00:36:52.4497739+00:00","Properties":[]},{"TestCase":{"Id":"622782a1-2d7a-81d0-23ed-dd2d378e96dc","FullyQualifiedName":"ProductStorage.Tests.CustomerProductServiceTests.GetCustomerProducts_ShouldNotReturnIEnumerableCustomerProducts_WhenRecordsDoNotExist","DisplayName":"ProductStorage.Tests.CustomerProductServiceTests.GetCustomerProducts_ShouldNotReturnIEnumerableCustomerProducts_WhenRecordsDoNotExist","ExecutorUri":"executor://xunit/VsTestRunner2/netcoreapp","Source":"D:\\HOKAIDO\\KPI\\5 SEM\\.NET Web\\ProductStorage\\ProductStorage.Tests\\bin\\Debug\\net5.0\\fine-code-coverage\\build-output\\ProductStorage.Tests.dll","CodeFilePath":null,"LineNumber":0,"Properties":[]},"Attachments":[],"Outcome":1,"ErrorMessage":null,"ErrorStackTrace":null,"DisplayName":"ProductStorage.Tests.CustomerProductServiceTests.GetCustomerProducts_ShouldNotReturnIEnumerableCustomerProducts_WhenRecordsDoNotExist","Messages":[],"ComputerName":"HOKAIDO","Duration":"00:00:00.0020217","StartTime":"2023-01-21T00:36:52.4512654+00:00","EndTime":"2023-01-21T00:36:52.4512663+00:00","Properties":[]},{"TestCase":{"Id":"ff7c2982-d89a-c175-80a8-80d88f9bd366","FullyQualifiedName":"ProductStorage.Tests.CustomerProductServiceTests.Select_ShouldReturnCustomerProductViewModel_WhenEntitiesExist","DisplayName":"ProductStorage.Tests.CustomerProductServiceTests.Select_ShouldReturnCustomerProductViewModel_WhenEntitiesExist","ExecutorUri":"executor://xunit/VsTestRunner2/netcoreapp","Source":"D:\\HOKAIDO\\KPI\\5 SEM\\.NET Web\\ProductStorage\\ProductStorage.Tests\\bin\\Debug\\net5.0\\fine-code-coverage\\build-output\\ProductStorage.Tests.dll","CodeFilePath":null,"LineNumber":0,"Properties":[]},"Attachments":[],"Outcome":1,"ErrorMessage":null,"ErrorStackTrace":null,"DisplayName":"ProductStorage.Tests.CustomerProductServiceTests.Select_ShouldReturnCustomerProductViewModel_WhenEntitiesExist","Messages":[],"ComputerName":"HOKAIDO","Duration":"00:00:00.0041938","StartTime":"2023-01-21T00:36:52.4526012+00:00","EndTime":"2023-01-21T00:36:52.4526019+00:00","Properties":[]},{"TestCase":{"Id":"2be7eea6-9701-0a64-7dc4-290c65d26a57","FullyQualifiedName":"ProductStorage.Tests.CustomerProductServiceTests.GetByProductId_ShouldNotReturnIEnumerableCustomerProduct_InternalServerError","DisplayName":"ProductStorage.Tests.CustomerProductServiceTests.GetByProductId_ShouldNotReturnIEnumerableCustomerProduct_InternalServerError","ExecutorUri":"executor://xunit/VsTestRunner2/netcoreapp","Source":"D:\\HOKAIDO\\KPI\\5 SEM\\.NET Web\\ProductStorage\\ProductStorage.Tests\\bin\\Debug\\net5.0\\fine-code-coverage\\build-output\\ProductStorage.Tests.dll","CodeFilePath":null,"LineNumber":0,"Properties":[]},"Attachments":[],"Outcome":1,"ErrorMessage":null,"ErrorStackTrace":null,"DisplayName":"ProductStorage.Tests.CustomerProductServiceTests.GetByProductId_ShouldNotReturnIEnumerableCustomerProduct_InternalServerError","Messages":[],"ComputerName":"HOKAIDO","Duration":"00:00:00.0025461","StartTime":"2023-01-21T00:36:52.4539586+00:00","EndTime":"2023-01-21T00:36:52.4539593+00:00","Properties":[]},{"TestCase":{"Id":"8bfad186-395f-c176-5812-4cc422c4ea53","FullyQualifiedName":"ProductStorage.Tests.CustomerProductServiceTests.GetByIds_ShouldReturnCustomerProduct_WhenRecordExists","DisplayName":"ProductStorage.Tests.CustomerProductServiceTests.GetByIds_ShouldReturnCustomerProduct_WhenRecordExists","ExecutorUri":"executor://xunit/VsTestRunner2/netcoreapp","Source":"D:\\HOKAIDO\\KPI\\5 SEM\\.NET Web\\ProductStorage\\ProductStorage.Tests\\bin\\Debug\\net5.0\\fine-code-coverage\\build-output\\ProductStorage.Tests.dll","CodeFilePath":null,"LineNumber":0,"Properties":[]},"Attachments":[],"Outcome":1,"ErrorMessage":null,"ErrorStackTrace":null,"DisplayName":"ProductStorage.Tests.CustomerProductServiceTests.GetByIds_ShouldReturnCustomerProduct_WhenRecordExists","Messages":[],"ComputerName":"HOKAIDO","Duration":"00:00:00.0031152","StartTime":"2023-01-21T00:36:52.4558287+00:00","EndTime":"2023-01-21T00:36:52.4558301+00:00","Properties":[]},{"TestCase":{"Id":"60333517-df3f-5f3b-6979-5dab1bfcb1c5","FullyQualifiedName":"ProductStorage.Tests.CustomerProductServiceTests.GetByCustomerId_ShouldNotReturnIEnumerableCustomerProduct_WhenRecordsDoNotExist","DisplayName":"ProductStorage.Tests.CustomerProductServiceTests.GetByCustomerId_ShouldNotReturnIEnumerableCustomerProduct_WhenRecordsDoNotExist","ExecutorUri":"executor://xunit/VsTestRunner2/netcoreapp","Source":"D:\\HOKAIDO\\KPI\\5 SEM\\.NET Web\\ProductStorage\\ProductStorage.Tests\\bin\\Debug\\net5.0\\fine-code-coverage\\build-output\\ProductStorage.Tests.dll","CodeFilePath":null,"LineNumber":0,"Properties":[]},"Attachments":[],"Outcome":1,"ErrorMessage":null,"ErrorStackTrace":null,"DisplayName":"ProductStorage.Tests.CustomerProductServiceTests.GetByCustomerId_ShouldNotReturnIEnumerableCustomerProduct_WhenRecordsDoNotExist","Messages":[],"ComputerName":"HOKAIDO","Duration":"00:00:00.0011663","StartTime":"2023-01-21T00:36:52.457435+00:00","EndTime":"2023-01-21T00:36:52.4574357+00:00","Properties":[]},{"TestCase":{"Id":"c5f8527c-ea0c-f99f-a4bb-029d49fa7d63","FullyQualifiedName":"ProductStorage.Tests.CustomerProductServiceTests.GetByProductId_ShouldNotReturnIEnumerableCustomerProduct_WhenRecordsDoNotExist","DisplayName":"ProductStorage.Tests.CustomerProductServiceTests.GetByProductId_ShouldNotReturnIEnumerableCustomerProduct_WhenRecordsDoNotExist","ExecutorUri":"executor://xunit/VsTestRunner2/netcoreapp","Source":"D:\\HOKAIDO\\KPI\\5 SEM\\.NET Web\\ProductStorage\\ProductStorage.Tests\\bin\\Debug\\net5.0\\fine-code-coverage\\build-output\\ProductStorage.Tests.dll","CodeFilePath":null,"LineNumber":0,"Properties":[]},"Attachments":[],"Outcome":1,"ErrorMessage":null,"ErrorStackTrace":null,"DisplayName":"ProductStorage.Tests.CustomerProductServiceTests.GetByProductId_ShouldNotReturnIEnumerableCustomerProduct_WhenRecordsDoNotExist","Messages":[],"ComputerName":"HOKAIDO","Duration":"00:00:00.0011411","StartTime":"2023-01-21T00:36:52.4587095+00:00","EndTime":"2023-01-21T00:36:52.45871+00:00","Properties":[]},{"TestCase":{"Id":"67d228bb-6913-064f-699c-55f2f1f460fa","FullyQualifiedName":"ProductStorage.Tests.CustomerProductServiceTests.GetByIds_ShouldNotReturnCustomerProduct_WhenRecordDoesNotExists","DisplayName":"ProductStorage.Tests.CustomerProductServiceTests.GetByIds_ShouldNotReturnCustomerProduct_WhenRecordDoesNotExists","ExecutorUri":"executor://xunit/VsTestRunner2/netcoreapp","Source":"D:\\HOKAIDO\\KPI\\5 SEM\\.NET Web\\ProductStorage\\ProductStorage.Tests\\bin\\Debug\\net5.0\\fine-code-coverage\\build-output\\ProductStorage.Tests.dll","CodeFilePath":null,"LineNumber":0,"Properties":[]},"Attachments":[],"Outcome":1,"ErrorMessage":null,"ErrorStackTrace":null,"DisplayName":"ProductStorage.Tests.CustomerProductServiceTests.GetByIds_ShouldNotReturnCustomerProduct_WhenRecordDoesNotExists","Messages":[],"ComputerName":"HOKAIDO","Duration":"00:00:00.0014180","StartTime":"2023-01-21T00:36:52.4601736+00:00","EndTime":"2023-01-21T00:36:52.4601745+00:00","Properties":[]}],"TestRunStatistics":{"ExecutedTests":45,"Stats":{"Passed":45}},"ActiveTests":[{"Id":"3ce7bd13-62c0-c667-0184-fafb514ee3a6","FullyQualifiedName":"ProductStorage.Tests.CustomerProductServiceTests.GetCustomerProducts_ShouldNotReturnIEnumerableCustomerProducts_InternalServerError","DisplayName":"ProductStorage.Tests.CustomerProductServiceTests.GetCustomerProducts_ShouldNotReturnIEnumerableCustomerProducts_InternalServerError","ExecutorUri":"executor://xunit/VsTestRunner2/netcoreapp","Source":"D:\\HOKAIDO\\KPI\\5 SEM\\.NET Web\\ProductStorage\\ProductStorage.Tests\\bin\\Debug\\net5.0\\fine-code-coverage\\build-output\\ProductStorage.Tests.dll","CodeFilePath":null,"LineNumber":0,"Properties":[]}]}}
TpTrace Verbose: 0 : 720, 13, 2023/01/21, 02:36:52.463, 1020208891167, vstest.console.dll, TestRunRequest:SendTestRunStatsChange: Starting.
TpTrace Verbose: 0 : 720, 13, 2023/01/21, 02:36:52.463, 1020208891552, vstest.console.dll, InProgress is ProductStorage.Tests.CustomerProductServiceTests.GetCustomerProducts_ShouldNotReturnIEnumerableCustomerProducts_InternalServerError
TpTrace Verbose: 0 : 720, 13, 2023/01/21, 02:36:52.463, 1020208891888, vstest.console.dll, MulticastDelegateUtilities.SafeInvoke: TestRun.RunStatsChanged: Invoking callbacks was skipped because there are no subscribers.
TpTrace Information: 0 : 720, 13, 2023/01/21, 02:36:52.463, 1020208892080, vstest.console.dll, TestRunRequest:SendTestRunStatsChange: Completed.
TpTrace Verbose: 0 : 720, 13, 2023/01/21, 02:36:52.463, 1020208892315, vstest.console.dll, MulticastDelegateUtilities.SafeInvoke: LengthPrefixCommunicationChannel: MessageReceived: Invoking callback 1/1 for Microsoft.VisualStudio.TestPlatform.CommunicationUtilities.TestRequestSender+<>c__DisplayClass31_0.<StartTestRun>b__1, took 0 ms.
TpTrace Verbose: 0 : 720, 4, 2023/01/21, 02:36:52.463, 1020208892431, vstest.console.dll, MulticastDelegateUtilities.SafeInvoke: InternalTestLoggerEvents.SendTestResult: Invoking callback 1/1 for Microsoft.VisualStudio.TestPlatform.CommandLine.Internal.ConsoleLogger.TestResultHandler, took 0 ms.
TpTrace Verbose: 0 : 720, 13, 2023/01/21, 02:36:52.463, 1020208892534, vstest.console.dll, TcpClientExtensions.MessageLoopAsync: Polling on remoteEndPoint: 127.0.0.1:49595 localEndPoint: 127.0.0.1:49594
TpTrace Verbose: 0 : 720, 4, 2023/01/21, 02:36:52.463, 1020208893068, vstest.console.dll, MulticastDelegateUtilities.SafeInvoke: InternalTestLoggerEvents.SendTestResult: Invoking callback 1/1 for Microsoft.VisualStudio.TestPlatform.CommandLine.Internal.ConsoleLogger.TestResultHandler, took 0 ms.
TpTrace Verbose: 0 : 720, 4, 2023/01/21, 02:36:52.463, 1020208893549, vstest.console.dll, MulticastDelegateUtilities.SafeInvoke: InternalTestLoggerEvents.SendTestResult: Invoking callback 1/1 for Microsoft.VisualStudio.TestPlatform.CommandLine.Internal.ConsoleLogger.TestResultHandler, took 0 ms.
TpTrace Verbose: 0 : 720, 4, 2023/01/21, 02:36:52.463, 1020208894015, vstest.console.dll, MulticastDelegateUtilities.SafeInvoke: InternalTestLoggerEvents.SendTestResult: Invoking callback 1/1 for Microsoft.VisualStudio.TestPlatform.CommandLine.Internal.ConsoleLogger.TestResultHandler, took 0 ms.
TpTrace Verbose: 0 : 720, 4, 2023/01/21, 02:36:52.463, 1020208894450, vstest.console.dll, MulticastDelegateUtilities.SafeInvoke: InternalTestLoggerEvents.SendTestResult: Invoking callback 1/1 for Microsoft.VisualStudio.TestPlatform.CommandLine.Internal.ConsoleLogger.TestResultHandler, took 0 ms.
TpTrace Verbose: 0 : 720, 4, 2023/01/21, 02:36:52.463, 1020208894918, vstest.console.dll, MulticastDelegateUtilities.SafeInvoke: InternalTestLoggerEvents.SendTestResult: Invoking callback 1/1 for Microsoft.VisualStudio.TestPlatform.CommandLine.Internal.ConsoleLogger.TestResultHandler, took 0 ms.
TpTrace Verbose: 0 : 720, 4, 2023/01/21, 02:36:52.463, 1020208895500, vstest.console.dll, MulticastDelegateUtilities.SafeInvoke: InternalTestLoggerEvents.SendTestResult: Invoking callback 1/1 for Microsoft.VisualStudio.TestPlatform.CommandLine.Internal.ConsoleLogger.TestResultHandler, took 0 ms.
TpTrace Verbose: 0 : 720, 4, 2023/01/21, 02:36:52.463, 1020208895999, vstest.console.dll, MulticastDelegateUtilities.SafeInvoke: InternalTestLoggerEvents.SendTestResult: Invoking callback 1/1 for Microsoft.VisualStudio.TestPlatform.CommandLine.Internal.ConsoleLogger.TestResultHandler, took 0 ms.
TpTrace Verbose: 0 : 720, 4, 2023/01/21, 02:36:52.463, 1020208896471, vstest.console.dll, MulticastDelegateUtilities.SafeInvoke: InternalTestLoggerEvents.SendTestResult: Invoking callback 1/1 for Microsoft.VisualStudio.TestPlatform.CommandLine.Internal.ConsoleLogger.TestResultHandler, took 0 ms.
TpTrace Verbose: 0 : 720, 13, 2023/01/21, 02:36:52.472, 1020208986592, vstest.console.dll, TcpClientExtensions.MessageLoopAsync: NotifyDataAvailable remoteEndPoint: 127.0.0.1:49595 localEndPoint: 127.0.0.1:49594
TpTrace Verbose: 0 : 720, 13, 2023/01/21, 02:36:52.472, 1020208987719, vstest.console.dll, TestRequestSender.OnExecutionMessageReceived: Received message: {"Version":5,"MessageType":"TestSession.Message","Payload":{"MessageLevel":0,"Message":"[xUnit.net 00:00:01.41]   Finished:    ProductStorage.Tests"}}
TpTrace Verbose: 0 : 720, 13, 2023/01/21, 02:36:52.472, 1020208988662, vstest.console.dll, TestRunRequest:SendTestRunMessage: Starting.
TpTrace Verbose: 0 : 720, 13, 2023/01/21, 02:36:52.473, 1020208989133, vstest.console.dll, MulticastDelegateUtilities.SafeInvoke: TestRun.LogMessages: Invoking callback 1/1 for Microsoft.VisualStudio.TestPlatform.CommandLine.TestRunResultAggregator.TestRunMessageHandler, took 0 ms.
TpTrace Information: 0 : 720, 13, 2023/01/21, 02:36:52.473, 1020208989365, vstest.console.dll, TestRunRequest:SendTestRunMessage: Completed.
TpTrace Verbose: 0 : 720, 4, 2023/01/21, 02:36:52.473, 1020208989472, vstest.console.dll, MulticastDelegateUtilities.SafeInvoke: InternalTestLoggerEvents.SendTestRunMessage: Invoking callback 1/1 for Microsoft.VisualStudio.TestPlatform.CommandLine.Internal.ConsoleLogger.TestMessageHandler, took 0 ms.
TpTrace Verbose: 0 : 720, 13, 2023/01/21, 02:36:52.473, 1020208989593, vstest.console.dll, MulticastDelegateUtilities.SafeInvoke: LengthPrefixCommunicationChannel: MessageReceived: Invoking callback 1/1 for Microsoft.VisualStudio.TestPlatform.CommunicationUtilities.TestRequestSender+<>c__DisplayClass31_0.<StartTestRun>b__1, took 0 ms.
TpTrace Verbose: 0 : 720, 13, 2023/01/21, 02:36:52.473, 1020208990323, vstest.console.dll, TcpClientExtensions.MessageLoopAsync: Polling on remoteEndPoint: 127.0.0.1:49595 localEndPoint: 127.0.0.1:49594
TpTrace Verbose: 0 : 720, 13, 2023/01/21, 02:36:52.492, 1020209188961, vstest.console.dll, TcpClientExtensions.MessageLoopAsync: NotifyDataAvailable remoteEndPoint: 127.0.0.1:49595 localEndPoint: 127.0.0.1:49594
TpTrace Verbose: 0 : 720, 13, 2023/01/21, 02:36:52.493, 1020209190963, vstest.console.dll, TestRequestSender.OnExecutionMessageReceived: Received message: {"Version":5,"MessageType":"TestExecution.Completed","Payload":{"TestRunCompleteArgs":{"TestRunStatistics":{"ExecutedTests":52,"Stats":{"Passed":52}},"IsCanceled":false,"IsAborted":false,"Error":null,"AttachmentSets":[],"ElapsedTimeInRunningTests":"00:00:01.4233886","Metrics":{}},"LastRunTests":{"NewTestResults":[{"TestCase":{"Id":"3ce7bd13-62c0-c667-0184-fafb514ee3a6","FullyQualifiedName":"ProductStorage.Tests.CustomerProductServiceTests.GetCustomerProducts_ShouldNotReturnIEnumerableCustomerProducts_InternalServerError","DisplayName":"ProductStorage.Tests.CustomerProductServiceTests.GetCustomerProducts_ShouldNotReturnIEnumerableCustomerProducts_InternalServerError","ExecutorUri":"executor://xunit/VsTestRunner2/netcoreapp","Source":"D:\\HOKAIDO\\KPI\\5 SEM\\.NET Web\\ProductStorage\\ProductStorage.Tests\\bin\\Debug\\net5.0\\fine-code-coverage\\build-output\\ProductStorage.Tests.dll","CodeFilePath":null,"LineNumber":0,"Properties":[]},"Attachments":[],"Outcome":1,"ErrorMessage":null,"ErrorStackTrace":null,"DisplayName":"ProductStorage.Tests.CustomerProductServiceTests.GetCustomerProducts_ShouldNotReturnIEnumerableCustomerProducts_InternalServerError","Messages":[],"ComputerName":"HOKAIDO","Duration":"00:00:00.0012410","StartTime":"2023-01-21T00:36:52.4635399+00:00","EndTime":"2023-01-21T00:36:52.4635412+00:00","Properties":[]},{"TestCase":{"Id":"c1019d3f-1014-82ac-d575-b3bf28c8d24c","FullyQualifiedName":"ProductStorage.Tests.CustomerProductServiceTests.GetCustomerProducts_ShouldReturnIEnumerableCustomerProduct_WhenCustomersExist","DisplayName":"ProductStorage.Tests.CustomerProductServiceTests.GetCustomerProducts_ShouldReturnIEnumerableCustomerProduct_WhenCustomersExist","ExecutorUri":"executor://xunit/VsTestRunner2/netcoreapp","Source":"D:\\HOKAIDO\\KPI\\5 SEM\\.NET Web\\ProductStorage\\ProductStorage.Tests\\bin\\Debug\\net5.0\\fine-code-coverage\\build-output\\ProductStorage.Tests.dll","CodeFilePath":null,"LineNumber":0,"Properties":[]},"Attachments":[],"Outcome":1,"ErrorMessage":null,"ErrorStackTrace":null,"DisplayName":"ProductStorage.Tests.CustomerProductServiceTests.GetCustomerProducts_ShouldReturnIEnumerableCustomerProduct_WhenCustomersExist","Messages":[],"ComputerName":"HOKAIDO","Duration":"00:00:00.0010370","StartTime":"2023-01-21T00:36:52.4650256+00:00","EndTime":"2023-01-21T00:36:52.4650261+00:00","Properties":[]},{"TestCase":{"Id":"701dedc0-5152-255d-599e-d35bc59cd595","FullyQualifiedName":"ProductStorage.Tests.CustomerProductServiceTests.Sell_ShouldReturnTrue_WhenProductAmountIsFewerThanOrderAmount","DisplayName":"ProductStorage.Tests.CustomerProductServiceTests.Sell_ShouldReturnTrue_WhenProductAmountIsFewerThanOrderAmount","ExecutorUri":"executor://xunit/VsTestRunner2/netcoreapp","Source":"D:\\HOKAIDO\\KPI\\5 SEM\\.NET Web\\ProductStorage\\ProductStorage.Tests\\bin\\Debug\\net5.0\\fine-code-coverage\\build-output\\ProductStorage.Tests.dll","CodeFilePath":null,"LineNumber":0,"Properties":[]},"Attachments":[],"Outcome":1,"ErrorMessage":null,"ErrorStackTrace":null,"DisplayName":"ProductStorage.Tests.CustomerProductServiceTests.Sell_ShouldReturnTrue_WhenProductAmountIsFewerThanOrderAmount","Messages":[],"ComputerName":"HOKAIDO","Duration":"00:00:00.0118534","StartTime":"2023-01-21T00:36:52.4661545+00:00","EndTime":"2023-01-21T00:36:52.466155+00:00","Properties":[]},{"TestCase":{"Id":"2dcdbb73-131e-a80c-974b-756f5a7e067e","FullyQualifiedName":"ProductStorage.Tests.CustomerProductServiceTests.GetByProductId_ShouldReturnIEnumerableCustomerProduct_WhenRecordsExist","DisplayName":"ProductStorage.Tests.CustomerProductServiceTests.GetByProductId_ShouldReturnIEnumerableCustomerProduct_WhenRecordsExist","ExecutorUri":"executor://xunit/VsTestRunner2/netcoreapp","Source":"D:\\HOKAIDO\\KPI\\5 SEM\\.NET Web\\ProductStorage\\ProductStorage.Tests\\bin\\Debug\\net5.0\\fine-code-coverage\\build-output\\ProductStorage.Tests.dll","CodeFilePath":null,"LineNumber":0,"Properties":[]},"Attachments":[],"Outcome":1,"ErrorMessage":null,"ErrorStackTrace":null,"DisplayName":"ProductStorage.Tests.CustomerProductServiceTests.GetByProductId_ShouldReturnIEnumerableCustomerProduct_WhenRecordsExist","Messages":[],"ComputerName":"HOKAIDO","Duration":"00:00:00.0016528","StartTime":"2023-01-21T00:36:52.4673102+00:00","EndTime":"2023-01-21T00:36:52.4673107+00:00","Properties":[]},{"TestCase":{"Id":"255ec0a9-0845-0bb3-be24-cab174ac0722","FullyQualifiedName":"ProductStorage.Tests.CustomerProductServiceTests.Sell_ShouldReturnFalse_InternalServerError","DisplayName":"ProductStorage.Tests.CustomerProductServiceTests.Sell_ShouldReturnFalse_InternalServerError","ExecutorUri":"executor://xunit/VsTestRunner2/netcoreapp","Source":"D:\\HOKAIDO\\KPI\\5 SEM\\.NET Web\\ProductStorage\\ProductStorage.Tests\\bin\\Debug\\net5.0\\fine-code-coverage\\build-output\\ProductStorage.Tests.dll","CodeFilePath":null,"LineNumber":0,"Properties":[]},"Attachments":[],"Outcome":1,"ErrorMessage":null,"ErrorStackTrace":null,"DisplayName":"ProductStorage.Tests.CustomerProductServiceTests.Sell_ShouldReturnFalse_InternalServerError","Messages":[],"ComputerName":"HOKAIDO","Duration":"00:00:00.0014200","StartTime":"2023-01-21T00:36:52.4684768+00:00","EndTime":"2023-01-21T00:36:52.4684773+00:00","Properties":[]},{"TestCase":{"Id":"e83294cf-8f18-2a49-be5b-838e044b10a9","FullyQualifiedName":"ProductStorage.Tests.CustomerProductServiceTests.Update_ShouldReturnTrue_WhenRecordExists","DisplayName":"ProductStorage.Tests.CustomerProductServiceTests.Update_ShouldReturnTrue_WhenRecordExists","ExecutorUri":"executor://xunit/VsTestRunner2/netcoreapp","Source":"D:\\HOKAIDO\\KPI\\5 SEM\\.NET Web\\ProductStorage\\ProductStorage.Tests\\bin\\Debug\\net5.0\\fine-code-coverage\\build-output\\ProductStorage.Tests.dll","CodeFilePath":null,"LineNumber":0,"Properties":[]},"Attachments":[],"Outcome":1,"ErrorMessage":null,"ErrorStackTrace":null,"DisplayName":"ProductStorage.Tests.CustomerProductServiceTests.Update_ShouldReturnTrue_WhenRecordExists","Messages":[],"ComputerName":"HOKAIDO","Duration":"00:00:00.0036502","StartTime":"2023-01-21T00:36:52.4696535+00:00","EndTime":"2023-01-21T00:36:52.469654+00:00","Properties":[]},{"TestCase":{"Id":"161452a2-73e2-be61-4b77-ed7b228bdcd8","FullyQualifiedName":"ProductStorage.Tests.CustomerProductServiceTests.Select_ShouldNotReturnCustomerProductViewModel_WhenEntitiesNotExist","DisplayName":"ProductStorage.Tests.CustomerProductServiceTests.Select_ShouldNotReturnCustomerProductViewModel_WhenEntitiesNotExist","ExecutorUri":"executor://xunit/VsTestRunner2/netcoreapp","Source":"D:\\HOKAIDO\\KPI\\5 SEM\\.NET Web\\ProductStorage\\ProductStorage.Tests\\bin\\Debug\\net5.0\\fine-code-coverage\\build-output\\ProductStorage.Tests.dll","CodeFilePath":null,"LineNumber":0,"Properties":[]},"Attachments":[],"Outcome":1,"ErrorMessage":null,"ErrorStackTrace":null,"DisplayName":"ProductStorage.Tests.CustomerProductServiceTests.Select_ShouldNotReturnCustomerProductViewModel_WhenEntitiesNotExist","Messages":[],"ComputerName":"HOKAIDO","Duration":"00:00:00.0018614","StartTime":"2023-01-21T00:36:52.4708555+00:00","EndTime":"2023-01-21T00:36:52.470856+00:00","Properties":[]}],"TestRunStatistics":{"ExecutedTests":52,"Stats":{"Passed":52}},"ActiveTests":[]},"RunAttachments":[],"ExecutorUris":["executor://xunit/VsTestRunner2/netcoreapp"]}}
TpTrace Verbose: 0 : 720, 13, 2023/01/21, 02:36:52.493, 1020209192560, vstest.console.dll, TestRequestSender.EndSession: Sending end session.
TpTrace Verbose: 0 : 720, 13, 2023/01/21, 02:36:52.493, 1020209194096, vstest.console.dll, ProxyOperationManager.Close: waiting for test host to exit for 100 ms
TpTrace Warning: 0 : 720, 12, 2023/01/21, 02:36:52.515, 1020209413874, vstest.console.dll, TestHostManagerCallbacks.ErrorReceivedCallback Test host standard error line: 
TpTrace Verbose: 0 : 720, 12, 2023/01/21, 02:36:52.527, 1020209529211, vstest.console.dll, TestHostProvider.ExitCallBack: Host exited starting callback.
TpTrace Information: 0 : 720, 12, 2023/01/21, 02:36:52.527, 1020209534127, vstest.console.dll, TestHostManagerCallbacks.ExitCallBack: Testhost processId: 21232 exited with exitcode: 0 error: ''
TpTrace Verbose: 0 : 720, 12, 2023/01/21, 02:36:52.527, 1020209534596, vstest.console.dll, DotnetTestHostManager.OnHostExited: invoking OnHostExited callback
TpTrace Verbose: 0 : 720, 12, 2023/01/21, 02:36:52.527, 1020209535060, vstest.console.dll, CrossPlatEngine.TestHostManagerHostExited: calling on client process exit callback.
TpTrace Information: 0 : 720, 12, 2023/01/21, 02:36:52.527, 1020209535494, vstest.console.dll, TestRequestSender.OnClientProcessExit: Test host process exited. Standard error: 
TpTrace Information: 0 : 720, 12, 2023/01/21, 02:36:52.527, 1020209535769, vstest.console.dll, SocketServer.Stop: Stop server endPoint: 127.0.0.1:49594
TpTrace Information: 0 : 720, 13, 2023/01/21, 02:36:52.527, 1020209535798, vstest.console.dll, SocketServer.Stop: Stop server endPoint: 127.0.0.1:49594
TpTrace Information: 0 : 720, 13, 2023/01/21, 02:36:52.527, 1020209536336, vstest.console.dll, SocketServer.Stop: Cancellation requested. Stopping message loop.
TpTrace Information: 0 : 720, 12, 2023/01/21, 02:36:52.527, 1020209536360, vstest.console.dll, SocketServer.Stop: Cancellation requested. Stopping message loop.
TpTrace Verbose: 0 : 720, 12, 2023/01/21, 02:36:52.527, 1020209536936, vstest.console.dll, MulticastDelegateUtilities.SafeInvoke: HostProviderEvents.OnHostExited: Invoking callback 1/1 for Microsoft.VisualStudio.TestPlatform.CrossPlatEngine.Client.ProxyOperationManager.TestHostManagerHostExited, took 0 ms.
TpTrace Information: 0 : 720, 13, 2023/01/21, 02:36:52.527, 1020209537257, vstest.console.dll, Closing the connection
TpTrace Verbose: 0 : 720, 13, 2023/01/21, 02:36:52.528, 1020209538963, vstest.console.dll, ProxyDataCollectionManager.InvokeDataCollectionServiceAction: Starting.
TpTrace Information: 0 : 720, 13, 2023/01/21, 02:36:52.528, 1020209539286, vstest.console.dll, ProxyDataCollectionManager.AfterTestRunEnd: Get attachment set and invoked data collectors processId: 17076 port: 49591
TpTrace Verbose: 0 : 720, 13, 2023/01/21, 02:36:52.528, 1020209539617, vstest.console.dll, DataCollectionRequestSender.SendAfterTestRunStartAndGetResult: Send AfterTestRunEnd message with isCancelled: False
TpTrace Verbose: 0 : 720, 13, 2023/01/21, 02:36:52.533, 1020209596504, vstest.console.dll, DataCollectionRequestSender.SendAfterTestRunStartAndGetResult: Received message: (DataCollection.AfterTestRunEndResult) -> {"MessageType":"DataCollection.AfterTestRunEndResult","Payload":{"AttachmentSets":[],"InvokedDataCollectors":[{"Uri":"datacollector://Microsoft/TestPlatform/Extensions/Blame/v1","FriendlyName":"Blame","AssemblyQualifiedName":"Microsoft.TestPlatform.Extensions.BlameDataCollector.BlameCollector, Microsoft.TestPlatform.Extensions.BlameDataCollector, Version=15.0.0.0, Culture=neutral, PublicKeyToken=b03f5f7f11d50a3a","FilePath":"C:\\Program Files\\dotnet\\sdk\\6.0.402\\Extensions\\Microsoft.TestPlatform.Extensions.BlameDataCollector.dll","HasAttachmentProcessor":false}],"Metrics":{}}}
TpTrace Warning: 0 : 720, 9, 2023/01/21, 02:36:52.538, 1020209641305, vstest.console.dll, DataCollectionLauncher.ErrorReceivedCallback datacollector standard error line: 
TpTrace Information: 0 : 720, 13, 2023/01/21, 02:36:52.538, 1020209643610, vstest.console.dll, ProxyDataCollectionManager.InvokeDataCollectionServiceAction: Completed.
TpTrace Information: 0 : 720, 9, 2023/01/21, 02:36:52.543, 1020209693354, vstest.console.dll, DataCollectionLauncher.ExitCallBack: Data collector exited with exitcode: 0 error: ''
TpTrace Verbose: 0 : 720, 13, 2023/01/21, 02:36:52.575, 1020210018050, vstest.console.dll, TestRunRequest:SendTestRunStatsChange: Starting.
TpTrace Verbose: 0 : 720, 13, 2023/01/21, 02:36:52.576, 1020210018962, vstest.console.dll, MulticastDelegateUtilities.SafeInvoke: TestRun.RunStatsChanged: Invoking callbacks was skipped because there are no subscribers.
TpTrace Information: 0 : 720, 13, 2023/01/21, 02:36:52.576, 1020210019207, vstest.console.dll, TestRunRequest:SendTestRunStatsChange: Completed.
TpTrace Verbose: 0 : 720, 4, 2023/01/21, 02:36:52.576, 1020210019422, vstest.console.dll, MulticastDelegateUtilities.SafeInvoke: InternalTestLoggerEvents.SendTestResult: Invoking callback 1/1 for Microsoft.VisualStudio.TestPlatform.CommandLine.Internal.ConsoleLogger.TestResultHandler, took 0 ms.
TpTrace Verbose: 0 : 720, 4, 2023/01/21, 02:36:52.576, 1020210019983, vstest.console.dll, MulticastDelegateUtilities.SafeInvoke: InternalTestLoggerEvents.SendTestResult: Invoking callback 1/1 for Microsoft.VisualStudio.TestPlatform.CommandLine.Internal.ConsoleLogger.TestResultHandler, took 0 ms.
TpTrace Verbose: 0 : 720, 4, 2023/01/21, 02:36:52.576, 1020210020326, vstest.console.dll, MulticastDelegateUtilities.SafeInvoke: InternalTestLoggerEvents.SendTestResult: Invoking callback 1/1 for Microsoft.VisualStudio.TestPlatform.CommandLine.Internal.ConsoleLogger.TestResultHandler, took 0 ms.
TpTrace Verbose: 0 : 720, 4, 2023/01/21, 02:36:52.576, 1020210020631, vstest.console.dll, MulticastDelegateUtilities.SafeInvoke: InternalTestLoggerEvents.SendTestResult: Invoking callback 1/1 for Microsoft.VisualStudio.TestPlatform.CommandLine.Internal.ConsoleLogger.TestResultHandler, took 0 ms.
TpTrace Verbose: 0 : 720, 4, 2023/01/21, 02:36:52.576, 1020210020912, vstest.console.dll, MulticastDelegateUtilities.SafeInvoke: InternalTestLoggerEvents.SendTestResult: Invoking callback 1/1 for Microsoft.VisualStudio.TestPlatform.CommandLine.Internal.ConsoleLogger.TestResultHandler, took 0 ms.
TpTrace Verbose: 0 : 720, 4, 2023/01/21, 02:36:52.576, 1020210021226, vstest.console.dll, MulticastDelegateUtilities.SafeInvoke: InternalTestLoggerEvents.SendTestResult: Invoking callback 1/1 for Microsoft.VisualStudio.TestPlatform.CommandLine.Internal.ConsoleLogger.TestResultHandler, took 0 ms.
TpTrace Verbose: 0 : 720, 13, 2023/01/21, 02:36:52.576, 1020210021310, vstest.console.dll, ParallelProxyExecutionManager: HandlePartialRunComplete: Total completed clients = 1, Run complete = True, Run canceled: False.
TpTrace Verbose: 0 : 720, 4, 2023/01/21, 02:36:52.576, 1020210021631, vstest.console.dll, MulticastDelegateUtilities.SafeInvoke: InternalTestLoggerEvents.SendTestResult: Invoking callback 1/1 for Microsoft.VisualStudio.TestPlatform.CommandLine.Internal.ConsoleLogger.TestResultHandler, took 0 ms.
TpTrace Verbose: 0 : 720, 4, 2023/01/21, 02:36:52.586, 1020210122256, vstest.console.dll, MulticastDelegateUtilities.SafeInvoke: InternalTestLoggerEvents.SendTestRunComplete: Invoking callback 1/2 for Microsoft.TestPlatform.Extensions.BlameDataCollector.BlameLogger.TestRunCompleteHandler, took 0 ms.
TpTrace Verbose: 0 : 720, 4, 2023/01/21, 02:36:52.591, 1020210170226, vstest.console.dll, MulticastDelegateUtilities.SafeInvoke: InternalTestLoggerEvents.SendTestRunComplete: Invoking callback 2/2 for Microsoft.VisualStudio.TestPlatform.CommandLine.Internal.ConsoleLogger.TestRunCompleteHandler, took 4 ms.
TpTrace Verbose: 0 : 720, 13, 2023/01/21, 02:36:52.591, 1020210172780, vstest.console.dll, TestRunRequest:TestRunComplete: Starting. IsAborted:False IsCanceled:False.
TpTrace Verbose: 0 : 720, 13, 2023/01/21, 02:36:52.592, 1020210182051, vstest.console.dll, TestLoggerManager.HandleTestRunComplete: Ignoring as the object is disposed.
TpTrace Verbose: 0 : 720, 13, 2023/01/21, 02:36:52.592, 1020210183643, vstest.console.dll, MulticastDelegateUtilities.SafeInvoke: TestRun.TestRunComplete: Invoking callback 1/2 for Microsoft.VisualStudio.TestPlatform.CommandLine.TestRunResultAggregator.TestRunCompletionHandler, took 0 ms.
TpTrace Verbose: 0 : 720, 13, 2023/01/21, 02:36:52.592, 1020210184279, vstest.console.dll, MulticastDelegateUtilities.SafeInvoke: TestRun.TestRunComplete: Invoking callback 2/2 for Microsoft.VisualStudio.TestPlatform.CommandLine.Processors.RunTestsArgumentExecutor+TestRunRequestEventsRegistrar.TestRunRequest_OnRunCompletion, took 0 ms.
TpTrace Information: 0 : 720, 13, 2023/01/21, 02:36:52.592, 1020210185107, vstest.console.dll, TestRunRequest:TestRunComplete: Completed.
TpTrace Verbose: 0 : 720, 1, 2023/01/21, 02:36:52.592, 1020210185354, vstest.console.dll, TestRunRequest.Dispose: Starting.
TpTrace Information: 0 : 720, 1, 2023/01/21, 02:36:52.592, 1020210185889, vstest.console.dll, TestRunRequest.Dispose: Completed.
TpTrace Verbose: 0 : 720, 13, 2023/01/21, 02:36:52.592, 1020210185426, vstest.console.dll, TestRequestSender.SetOperationComplete: Setting operation complete.
TpTrace Information: 0 : 720, 1, 2023/01/21, 02:36:52.592, 1020210186218, vstest.console.dll, TestRequestManager.RunTests: run tests completed.
TpTrace Information: 0 : 720, 13, 2023/01/21, 02:36:52.592, 1020210186550, vstest.console.dll, SocketServer.Stop: Stop server endPoint: 127.0.0.1:49594
TpTrace Information: 0 : 720, 13, 2023/01/21, 02:36:52.592, 1020210186827, vstest.console.dll, SocketServer.Stop: Cancellation requested. Stopping message loop.
TpTrace Verbose: 0 : 720, 13, 2023/01/21, 02:36:52.592, 1020210187038, vstest.console.dll, MulticastDelegateUtilities.SafeInvoke: LengthPrefixCommunicationChannel: MessageReceived: Invoking callback 1/1 for Microsoft.VisualStudio.TestPlatform.CommunicationUtilities.TestRequestSender+<>c__DisplayClass31_0.<StartTestRun>b__1, took 99 ms.
TpTrace Information: 0 : 720, 1, 2023/01/21, 02:36:52.592, 1020210187203, vstest.console.dll, RunTestsArgumentProcessor:Execute: Test run is completed.
TpTrace Information: 0 : 720, 13, 2023/01/21, 02:36:52.592, 1020210187326, vstest.console.dll, SocketServer.PrivateStop: Stopping server endPoint: 127.0.0.1:49594 error: 
TpTrace Verbose: 0 : 720, 1, 2023/01/21, 02:36:52.592, 1020210188489, vstest.console.dll, Executor.Execute: Exiting with exit code of 0
TpTrace Verbose: 0 : 720, 13, 2023/01/21, 02:36:52.593, 1020210190971, vstest.console.dll, LengthPrefixCommunicationChannel.Dispose: Dispose reader and writer.
TpTrace Information: 0 : 720, 13, 2023/01/21, 02:36:52.593, 1020210191511, vstest.console.dll, SocketServer.Stop: Raise disconnected event endPoint: 127.0.0.1:49594 error: 
